
Loopy maze topology audit: 900 runs, 0 done
Topologies: ['tree', 'loopy_30', 'loopy_60']
Code hash: ed681d75c27fe352

  [0/900] tree__Random 9x9 s=42... done (0.1s) test=52%
  [1/900] tree__Random 9x9 s=123... done (0.1s) test=48%
  [2/900] tree__Random 9x9 s=456... done (0.0s) test=48%
  [3/900] tree__Random 9x9 s=789... done (0.0s) test=44%
  [4/900] tree__Random 9x9 s=1024... done (0.1s) test=42%
  [5/900] tree__Random 9x9 s=2048... done (0.0s) test=54%
  [6/900] tree__Random 9x9 s=3072... done (0.1s) test=50%
  [7/900] tree__Random 9x9 s=4096... done (0.1s) test=44%
  [8/900] tree__Random 9x9 s=5120... done (0.0s) test=34%
  [9/900] tree__Random 9x9 s=6144... done (0.1s) test=52%
  [10/900] tree__Random 9x9 s=7168... done (0.1s) test=46%
  [11/900] tree__Random 9x9 s=8192... done (0.1s) test=42%
  [12/900] tree__Random 9x9 s=9216... done (0.1s) test=42%
  [13/900] tree__Random 9x9 s=10240... done (0.1s) test=42%
  [14/900] tree__Random 9x9 s=11264... done (0.1s) test=54%
  [15/900] tree__Random 9x9 s=12288... done (0.0s) test=58%
  [16/900] tree__Random 9x9 s=13312... done (0.1s) test=40%
  [17/900] tree__Random 9x9 s=14336... done (0.1s) test=42%
  [18/900] tree__Random 9x9 s=15360... done (0.1s) test=56%
  [19/900] tree__Random 9x9 s=16384... done (0.1s) test=50%
  [20/900] tree__Random 13x13 s=42... done (0.2s) test=4%
  [21/900] tree__Random 13x13 s=123... done (0.2s) test=4%
  [22/900] tree__Random 13x13 s=456... done (0.2s) test=4%
  [23/900] tree__Random 13x13 s=789... done (0.2s) test=4%
  [24/900] tree__Random 13x13 s=1024... done (0.2s) test=2%
  [25/900] tree__Random 13x13 s=2048... done (0.2s) test=0%
  [26/900] tree__Random 13x13 s=3072... done (0.2s) test=2%
  [27/900] tree__Random 13x13 s=4096... done (0.2s) test=0%
  [28/900] tree__Random 13x13 s=5120... done (0.2s) test=4%
  [29/900] tree__Random 13x13 s=6144... done (0.2s) test=2%
  [30/900] tree__Random 13x13 s=7168... done (0.2s) test=2%
  [31/900] tree__Random 13x13 s=8192... done (0.2s) test=2%
  [32/900] tree__Random 13x13 s=9216... done (0.2s) test=4%
  [33/900] tree__Random 13x13 s=10240... done (0.2s) test=6%
  [34/900] tree__Random 13x13 s=11264... done (0.2s) test=4%
  [35/900] tree__Random 13x13 s=12288... done (0.2s) test=2%
  [36/900] tree__Random 13x13 s=13312... done (0.2s) test=4%
  [37/900] tree__Random 13x13 s=14336... done (0.2s) test=2%
  [38/900] tree__Random 13x13 s=15360... done (0.2s) test=2%
  [39/900] tree__Random 13x13 s=16384... done (0.2s) test=4%
  [40/900] tree__Random 17x17 s=42... done (0.4s) test=0%
  [41/900] tree__Random 17x17 s=123... done (0.4s) test=0%
  [42/900] tree__Random 17x17 s=456... done (0.4s) test=4%
  [43/900] tree__Random 17x17 s=789... done (0.3s) test=0%
  [44/900] tree__Random 17x17 s=1024... done (0.4s) test=2%
  [45/900] tree__Random 17x17 s=2048... done (0.4s) test=4%
  [46/900] tree__Random 17x17 s=3072... done (0.4s) test=4%
  [47/900] tree__Random 17x17 s=4096... done (0.4s) test=2%
  [48/900] tree__Random 17x17 s=5120... done (0.4s) test=4%
  [49/900] tree__Random 17x17 s=6144... done (0.4s) test=0%
  [50/900] tree__Random 17x17 s=7168... done (0.4s) test=0%
  [51/900] tree__Random 17x17 s=8192... done (0.4s) test=0%
  [52/900] tree__Random 17x17 s=9216... done (0.4s) test=0%
  [53/900] tree__Random 17x17 s=10240... done (0.4s) test=0%
  [54/900] tree__Random 17x17 s=11264... done (0.4s) test=8%
  [55/900] tree__Random 17x17 s=12288... done (0.4s) test=2%
  [56/900] tree__Random 17x17 s=13312... done (0.4s) test=2%
  [57/900] tree__Random 17x17 s=14336... done (0.3s) test=0%
  [58/900] tree__Random 17x17 s=15360... done (0.4s) test=2%
  [59/900] tree__Random 17x17 s=16384... done (0.4s) test=2%
  [60/900] tree__NoBackRandom 9x9 s=42... done (0.1s) test=58%
  [61/900] tree__NoBackRandom 9x9 s=123... done (0.1s) test=48%
  [62/900] tree__NoBackRandom 9x9 s=456... done (0.1s) test=46%
  [63/900] tree__NoBackRandom 9x9 s=789... done (0.1s) test=46%
  [64/900] tree__NoBackRandom 9x9 s=1024... done (0.1s) test=42%
  [65/900] tree__NoBackRandom 9x9 s=2048... done (0.1s) test=56%
  [66/900] tree__NoBackRandom 9x9 s=3072... done (0.1s) test=50%
  [67/900] tree__NoBackRandom 9x9 s=4096... done (0.1s) test=46%
  [68/900] tree__NoBackRandom 9x9 s=5120... done (0.1s) test=48%
  [69/900] tree__NoBackRandom 9x9 s=6144... done (0.1s) test=52%
  [70/900] tree__NoBackRandom 9x9 s=7168... done (0.1s) test=48%
  [71/900] tree__NoBackRandom 9x9 s=8192... done (0.1s) test=42%
  [72/900] tree__NoBackRandom 9x9 s=9216... done (0.1s) test=46%
  [73/900] tree__NoBackRandom 9x9 s=10240... done (0.1s) test=46%
  [74/900] tree__NoBackRandom 9x9 s=11264... done (0.1s) test=52%
  [75/900] tree__NoBackRandom 9x9 s=12288... done (0.1s) test=56%
  [76/900] tree__NoBackRandom 9x9 s=13312... done (0.1s) test=42%
  [77/900] tree__NoBackRandom 9x9 s=14336... done (0.1s) test=58%
  [78/900] tree__NoBackRandom 9x9 s=15360... done (0.1s) test=58%
  [79/900] tree__NoBackRandom 9x9 s=16384... done (0.1s) test=58%
  [80/900] tree__NoBackRandom 13x13 s=42... done (0.2s) test=4%
  [81/900] tree__NoBackRandom 13x13 s=123... done (0.3s) test=10%
  [82/900] tree__NoBackRandom 13x13 s=456... done (0.3s) test=8%
  [83/900] tree__NoBackRandom 13x13 s=789... done (0.2s) test=6%
  [84/900] tree__NoBackRandom 13x13 s=1024... done (0.2s) test=8%
  [85/900] tree__NoBackRandom 13x13 s=2048... done (0.2s) test=2%
  [86/900] tree__NoBackRandom 13x13 s=3072... done (0.2s) test=10%
  [87/900] tree__NoBackRandom 13x13 s=4096... done (0.3s) test=4%
  [88/900] tree__NoBackRandom 13x13 s=5120... done (0.3s) test=16%
  [89/900] tree__NoBackRandom 13x13 s=6144... done (0.3s) test=16%
  [90/900] tree__NoBackRandom 13x13 s=7168... done (0.3s) test=10%
  [91/900] tree__NoBackRandom 13x13 s=8192... done (0.3s) test=2%
  [92/900] tree__NoBackRandom 13x13 s=9216... done (0.2s) test=6%
  [93/900] tree__NoBackRandom 13x13 s=10240... done (0.2s) test=4%
  [94/900] tree__NoBackRandom 13x13 s=11264... done (0.2s) test=12%
  [95/900] tree__NoBackRandom 13x13 s=12288... done (0.2s) test=8%
  [96/900] tree__NoBackRandom 13x13 s=13312... done (0.3s) test=10%
  [97/900] tree__NoBackRandom 13x13 s=14336... done (0.2s) test=16%
  [98/900] tree__NoBackRandom 13x13 s=15360... done (0.2s) test=16%
  [99/900] tree__NoBackRandom 13x13 s=16384... done (0.2s) test=16%
  [100/900] tree__NoBackRandom 17x17 s=42... done (0.4s) test=10%
  [101/900] tree__NoBackRandom 17x17 s=123... done (0.4s) test=14%
  [102/900] tree__NoBackRandom 17x17 s=456... done (0.4s) test=10%
  [103/900] tree__NoBackRandom 17x17 s=789... done (0.4s) test=10%
  [104/900] tree__NoBackRandom 17x17 s=1024... done (0.4s) test=16%
  [105/900] tree__NoBackRandom 17x17 s=2048... done (0.4s) test=10%
  [106/900] tree__NoBackRandom 17x17 s=3072... done (0.4s) test=20%
  [107/900] tree__NoBackRandom 17x17 s=4096... done (0.4s) test=20%
  [108/900] tree__NoBackRandom 17x17 s=5120... done (0.4s) test=14%
  [109/900] tree__NoBackRandom 17x17 s=6144... done (0.4s) test=20%
  [110/900] tree__NoBackRandom 17x17 s=7168... done (0.4s) test=12%
  [111/900] tree__NoBackRandom 17x17 s=8192... done (0.4s) test=10%
  [112/900] tree__NoBackRandom 17x17 s=9216... done (0.5s) test=14%
  [113/900] tree__NoBackRandom 17x17 s=10240... done (0.5s) test=22%
  [114/900] tree__NoBackRandom 17x17 s=11264... done (0.5s) test=20%
  [115/900] tree__NoBackRandom 17x17 s=12288... done (0.5s) test=12%
  [116/900] tree__NoBackRandom 17x17 s=13312... done (0.4s) test=16%
  [117/900] tree__NoBackRandom 17x17 s=14336... done (0.5s) test=14%
  [118/900] tree__NoBackRandom 17x17 s=15360... done (0.5s) test=16%
  [119/900] tree__NoBackRandom 17x17 s=16384... done (0.5s) test=14%
  [120/900] tree__WallFollowerLeft 9x9 s=42... done (0.0s) test=0%
  [121/900] tree__WallFollowerLeft 9x9 s=123... done (0.0s) test=0%
  [122/900] tree__WallFollowerLeft 9x9 s=456... done (0.0s) test=0%
  [123/900] tree__WallFollowerLeft 9x9 s=789... done (0.0s) test=0%
  [124/900] tree__WallFollowerLeft 9x9 s=1024... done (0.0s) test=0%
  [125/900] tree__WallFollowerLeft 9x9 s=2048... done (0.0s) test=0%
  [126/900] tree__WallFollowerLeft 9x9 s=3072... done (0.0s) test=0%
  [127/900] tree__WallFollowerLeft 9x9 s=4096... done (0.0s) test=0%
  [128/900] tree__WallFollowerLeft 9x9 s=5120... done (0.0s) test=0%
  [129/900] tree__WallFollowerLeft 9x9 s=6144... done (0.0s) test=0%
  [130/900] tree__WallFollowerLeft 9x9 s=7168... done (0.0s) test=0%
  [131/900] tree__WallFollowerLeft 9x9 s=8192... done (0.0s) test=0%
  [132/900] tree__WallFollowerLeft 9x9 s=9216... done (0.0s) test=0%
  [133/900] tree__WallFollowerLeft 9x9 s=10240... done (0.0s) test=0%
  [134/900] tree__WallFollowerLeft 9x9 s=11264... done (0.0s) test=0%
  [135/900] tree__WallFollowerLeft 9x9 s=12288... done (0.0s) test=0%
  [136/900] tree__WallFollowerLeft 9x9 s=13312... done (0.0s) test=0%
  [137/900] tree__WallFollowerLeft 9x9 s=14336... done (0.0s) test=0%
  [138/900] tree__WallFollowerLeft 9x9 s=15360... done (0.0s) test=0%
  [139/900] tree__WallFollowerLeft 9x9 s=16384... done (0.0s) test=0%
  [140/900] tree__WallFollowerLeft 13x13 s=42... done (0.0s) test=0%
  [141/900] tree__WallFollowerLeft 13x13 s=123... done (0.1s) test=0%
  [142/900] tree__WallFollowerLeft 13x13 s=456... done (0.1s) test=0%
  [143/900] tree__WallFollowerLeft 13x13 s=789... done (0.0s) test=0%
  [144/900] tree__WallFollowerLeft 13x13 s=1024... done (0.0s) test=0%
  [145/900] tree__WallFollowerLeft 13x13 s=2048... done (0.0s) test=0%
  [146/900] tree__WallFollowerLeft 13x13 s=3072... done (0.0s) test=0%
  [147/900] tree__WallFollowerLeft 13x13 s=4096... done (0.0s) test=0%
  [148/900] tree__WallFollowerLeft 13x13 s=5120... done (0.0s) test=0%
  [149/900] tree__WallFollowerLeft 13x13 s=6144... done (0.0s) test=0%
  [150/900] tree__WallFollowerLeft 13x13 s=7168... done (0.0s) test=0%
  [151/900] tree__WallFollowerLeft 13x13 s=8192... done (0.0s) test=0%
  [152/900] tree__WallFollowerLeft 13x13 s=9216... done (0.1s) test=0%
  [153/900] tree__WallFollowerLeft 13x13 s=10240... done (0.0s) test=0%
  [154/900] tree__WallFollowerLeft 13x13 s=11264... done (0.0s) test=0%
  [155/900] tree__WallFollowerLeft 13x13 s=12288... done (0.0s) test=0%
  [156/900] tree__WallFollowerLeft 13x13 s=13312... done (0.0s) test=0%
  [157/900] tree__WallFollowerLeft 13x13 s=14336... done (0.0s) test=0%
  [158/900] tree__WallFollowerLeft 13x13 s=15360... done (0.0s) test=0%
  [159/900] tree__WallFollowerLeft 13x13 s=16384... done (0.0s) test=0%
  [160/900] tree__WallFollowerLeft 17x17 s=42... done (0.1s) test=0%
  [161/900] tree__WallFollowerLeft 17x17 s=123... done (0.1s) test=0%
  [162/900] tree__WallFollowerLeft 17x17 s=456... done (0.1s) test=0%
  [163/900] tree__WallFollowerLeft 17x17 s=789... done (0.1s) test=0%
  [164/900] tree__WallFollowerLeft 17x17 s=1024... done (0.1s) test=0%
  [165/900] tree__WallFollowerLeft 17x17 s=2048... done (0.1s) test=0%
  [166/900] tree__WallFollowerLeft 17x17 s=3072... done (0.1s) test=0%
  [167/900] tree__WallFollowerLeft 17x17 s=4096... done (0.1s) test=0%
  [168/900] tree__WallFollowerLeft 17x17 s=5120... done (0.1s) test=0%
  [169/900] tree__WallFollowerLeft 17x17 s=6144... done (0.1s) test=0%
  [170/900] tree__WallFollowerLeft 17x17 s=7168... done (0.1s) test=0%
  [171/900] tree__WallFollowerLeft 17x17 s=8192... done (0.1s) test=0%
  [172/900] tree__WallFollowerLeft 17x17 s=9216... done (0.1s) test=0%
  [173/900] tree__WallFollowerLeft 17x17 s=10240... done (0.1s) test=0%
  [174/900] tree__WallFollowerLeft 17x17 s=11264... done (0.1s) test=0%
  [175/900] tree__WallFollowerLeft 17x17 s=12288... done (0.1s) test=0%
  [176/900] tree__WallFollowerLeft 17x17 s=13312... done (0.1s) test=0%
  [177/900] tree__WallFollowerLeft 17x17 s=14336... done (0.1s) test=0%
  [178/900] tree__WallFollowerLeft 17x17 s=15360... done (0.1s) test=0%
  [179/900] tree__WallFollowerLeft 17x17 s=16384... done (0.1s) test=0%
  [180/900] tree__EgoWallFollower 9x9 s=42... done (0.0s) test=100%
  [181/900] tree__EgoWallFollower 9x9 s=123... done (0.0s) test=100%
  [182/900] tree__EgoWallFollower 9x9 s=456... done (0.0s) test=100%
  [183/900] tree__EgoWallFollower 9x9 s=789... done (0.0s) test=100%
  [184/900] tree__EgoWallFollower 9x9 s=1024... done (0.0s) test=100%
  [185/900] tree__EgoWallFollower 9x9 s=2048... done (0.0s) test=100%
  [186/900] tree__EgoWallFollower 9x9 s=3072... done (0.0s) test=100%
  [187/900] tree__EgoWallFollower 9x9 s=4096... done (0.0s) test=100%
  [188/900] tree__EgoWallFollower 9x9 s=5120... done (0.0s) test=100%
  [189/900] tree__EgoWallFollower 9x9 s=6144... done (0.0s) test=100%
  [190/900] tree__EgoWallFollower 9x9 s=7168... done (0.0s) test=100%
  [191/900] tree__EgoWallFollower 9x9 s=8192... done (0.0s) test=100%
  [192/900] tree__EgoWallFollower 9x9 s=9216... done (0.0s) test=100%
  [193/900] tree__EgoWallFollower 9x9 s=10240... done (0.0s) test=100%
  [194/900] tree__EgoWallFollower 9x9 s=11264... done (0.0s) test=100%
  [195/900] tree__EgoWallFollower 9x9 s=12288... done (0.0s) test=100%
  [196/900] tree__EgoWallFollower 9x9 s=13312... done (0.0s) test=100%
  [197/900] tree__EgoWallFollower 9x9 s=14336... done (0.0s) test=100%
  [198/900] tree__EgoWallFollower 9x9 s=15360... done (0.0s) test=100%
  [199/900] tree__EgoWallFollower 9x9 s=16384... done (0.0s) test=100%
  [200/900] tree__EgoWallFollower 13x13 s=42... done (0.0s) test=100%
  [201/900] tree__EgoWallFollower 13x13 s=123... done (0.0s) test=100%
  [202/900] tree__EgoWallFollower 13x13 s=456... done (0.0s) test=100%
  [203/900] tree__EgoWallFollower 13x13 s=789... done (0.0s) test=100%
  [204/900] tree__EgoWallFollower 13x13 s=1024... done (0.0s) test=100%
  [205/900] tree__EgoWallFollower 13x13 s=2048... done (0.0s) test=100%
  [206/900] tree__EgoWallFollower 13x13 s=3072... done (0.0s) test=100%
  [207/900] tree__EgoWallFollower 13x13 s=4096... done (0.0s) test=100%
  [208/900] tree__EgoWallFollower 13x13 s=5120... done (0.0s) test=100%
  [209/900] tree__EgoWallFollower 13x13 s=6144... done (0.0s) test=100%
  [210/900] tree__EgoWallFollower 13x13 s=7168... done (0.0s) test=100%
  [211/900] tree__EgoWallFollower 13x13 s=8192... done (0.0s) test=100%
  [212/900] tree__EgoWallFollower 13x13 s=9216... done (0.0s) test=100%
  [213/900] tree__EgoWallFollower 13x13 s=10240... done (0.0s) test=100%
  [214/900] tree__EgoWallFollower 13x13 s=11264... done (0.0s) test=100%
  [215/900] tree__EgoWallFollower 13x13 s=12288... done (0.0s) test=100%
  [216/900] tree__EgoWallFollower 13x13 s=13312... done (0.0s) test=100%
  [217/900] tree__EgoWallFollower 13x13 s=14336... done (0.0s) test=100%
  [218/900] tree__EgoWallFollower 13x13 s=15360... done (0.0s) test=100%
  [219/900] tree__EgoWallFollower 13x13 s=16384... done (0.0s) test=100%
  [220/900] tree__EgoWallFollower 17x17 s=42... done (0.1s) test=100%
  [221/900] tree__EgoWallFollower 17x17 s=123... done (0.1s) test=100%
  [222/900] tree__EgoWallFollower 17x17 s=456... done (0.1s) test=100%
  [223/900] tree__EgoWallFollower 17x17 s=789... done (0.1s) test=100%
  [224/900] tree__EgoWallFollower 17x17 s=1024... done (0.1s) test=100%
  [225/900] tree__EgoWallFollower 17x17 s=2048... done (0.1s) test=100%
  [226/900] tree__EgoWallFollower 17x17 s=3072... done (0.1s) test=100%
  [227/900] tree__EgoWallFollower 17x17 s=4096... done (0.1s) test=100%
  [228/900] tree__EgoWallFollower 17x17 s=5120... done (0.1s) test=100%
  [229/900] tree__EgoWallFollower 17x17 s=6144... done (0.1s) test=100%
  [230/900] tree__EgoWallFollower 17x17 s=7168... done (0.1s) test=100%
  [231/900] tree__EgoWallFollower 17x17 s=8192... done (0.1s) test=100%
  [232/900] tree__EgoWallFollower 17x17 s=9216... done (0.1s) test=100%
  [233/900] tree__EgoWallFollower 17x17 s=10240... done (0.1s) test=100%
  [234/900] tree__EgoWallFollower 17x17 s=11264... done (0.1s) test=100%
  [235/900] tree__EgoWallFollower 17x17 s=12288... done (0.1s) test=100%
  [236/900] tree__EgoWallFollower 17x17 s=13312... done (0.0s) test=100%
  [237/900] tree__EgoWallFollower 17x17 s=14336... done (0.1s) test=100%
  [238/900] tree__EgoWallFollower 17x17 s=15360... done (0.1s) test=100%
  [239/900] tree__EgoWallFollower 17x17 s=16384... done (0.1s) test=100%
  [240/900] tree__DFSAgent 9x9 s=42... done (0.0s) test=0%
  [241/900] tree__DFSAgent 9x9 s=123... done (0.0s) test=0%
  [242/900] tree__DFSAgent 9x9 s=456... done (0.0s) test=0%
  [243/900] tree__DFSAgent 9x9 s=789... done (0.0s) test=0%
  [244/900] tree__DFSAgent 9x9 s=1024... done (0.0s) test=0%
  [245/900] tree__DFSAgent 9x9 s=2048... done (0.0s) test=0%
  [246/900] tree__DFSAgent 9x9 s=3072... done (0.0s) test=0%
  [247/900] tree__DFSAgent 9x9 s=4096... done (0.0s) test=0%
  [248/900] tree__DFSAgent 9x9 s=5120... done (0.0s) test=0%
  [249/900] tree__DFSAgent 9x9 s=6144... done (0.0s) test=0%
  [250/900] tree__DFSAgent 9x9 s=7168... done (0.0s) test=0%
  [251/900] tree__DFSAgent 9x9 s=8192... done (0.0s) test=0%
  [252/900] tree__DFSAgent 9x9 s=9216... done (0.0s) test=0%
  [253/900] tree__DFSAgent 9x9 s=10240... done (0.0s) test=0%
  [254/900] tree__DFSAgent 9x9 s=11264... done (0.0s) test=0%
  [255/900] tree__DFSAgent 9x9 s=12288... done (0.0s) test=0%
  [256/900] tree__DFSAgent 9x9 s=13312... done (0.0s) test=0%
  [257/900] tree__DFSAgent 9x9 s=14336... done (0.0s) test=0%
  [258/900] tree__DFSAgent 9x9 s=15360... done (0.0s) test=0%
  [259/900] tree__DFSAgent 9x9 s=16384... done (0.0s) test=0%
  [260/900] tree__DFSAgent 13x13 s=42... done (0.1s) test=0%
  [261/900] tree__DFSAgent 13x13 s=123... done (0.1s) test=0%
  [262/900] tree__DFSAgent 13x13 s=456... done (0.1s) test=0%
  [263/900] tree__DFSAgent 13x13 s=789... done (0.1s) test=0%
  [264/900] tree__DFSAgent 13x13 s=1024... done (0.1s) test=0%
  [265/900] tree__DFSAgent 13x13 s=2048... done (0.0s) test=0%
  [266/900] tree__DFSAgent 13x13 s=3072... done (0.0s) test=0%
  [267/900] tree__DFSAgent 13x13 s=4096... done (0.1s) test=0%
  [268/900] tree__DFSAgent 13x13 s=5120... done (0.1s) test=0%
  [269/900] tree__DFSAgent 13x13 s=6144... done (0.0s) test=0%
  [270/900] tree__DFSAgent 13x13 s=7168... done (0.1s) test=0%
  [271/900] tree__DFSAgent 13x13 s=8192... done (0.1s) test=0%
  [272/900] tree__DFSAgent 13x13 s=9216... done (0.0s) test=0%
  [273/900] tree__DFSAgent 13x13 s=10240... done (0.1s) test=0%
  [274/900] tree__DFSAgent 13x13 s=11264... done (0.1s) test=0%
  [275/900] tree__DFSAgent 13x13 s=12288... done (0.1s) test=0%
  [276/900] tree__DFSAgent 13x13 s=13312... done (0.1s) test=0%
  [277/900] tree__DFSAgent 13x13 s=14336... done (0.1s) test=0%
  [278/900] tree__DFSAgent 13x13 s=15360... done (0.1s) test=0%
  [279/900] tree__DFSAgent 13x13 s=16384... done (0.1s) test=0%
  [280/900] tree__DFSAgent 17x17 s=42... done (0.1s) test=0%
  [281/900] tree__DFSAgent 17x17 s=123... done (0.1s) test=0%
  [282/900] tree__DFSAgent 17x17 s=456... done (0.1s) test=0%
  [283/900] tree__DFSAgent 17x17 s=789... done (0.1s) test=0%
  [284/900] tree__DFSAgent 17x17 s=1024... done (0.1s) test=0%
  [285/900] tree__DFSAgent 17x17 s=2048... done (0.1s) test=0%
  [286/900] tree__DFSAgent 17x17 s=3072... done (0.1s) test=0%
  [287/900] tree__DFSAgent 17x17 s=4096... done (0.1s) test=0%
  [288/900] tree__DFSAgent 17x17 s=5120... done (0.1s) test=0%
  [289/900] tree__DFSAgent 17x17 s=6144... done (0.1s) test=0%
  [290/900] tree__DFSAgent 17x17 s=7168... done (0.1s) test=0%
  [291/900] tree__DFSAgent 17x17 s=8192... done (0.1s) test=0%
  [292/900] tree__DFSAgent 17x17 s=9216... done (0.1s) test=0%
  [293/900] tree__DFSAgent 17x17 s=10240... done (0.1s) test=0%
  [294/900] tree__DFSAgent 17x17 s=11264... done (0.1s) test=0%
  [295/900] tree__DFSAgent 17x17 s=12288... done (0.1s) test=0%
  [296/900] tree__DFSAgent 17x17 s=13312... done (0.1s) test=0%
  [297/900] tree__DFSAgent 17x17 s=14336... done (0.1s) test=0%
  [298/900] tree__DFSAgent 17x17 s=15360... done (0.1s) test=0%
  [299/900] tree__DFSAgent 17x17 s=16384... done (0.1s) test=0%
  [300/900] loopy_30__Random 9x9 s=42... done (0.1s) test=62%
  [301/900] loopy_30__Random 9x9 s=123... done (0.1s) test=42%
  [302/900] loopy_30__Random 9x9 s=456... done (0.1s) test=46%
  [303/900] loopy_30__Random 9x9 s=789... done (0.1s) test=48%
  [304/900] loopy_30__Random 9x9 s=1024... done (0.1s) test=60%
  [305/900] loopy_30__Random 9x9 s=2048... done (0.1s) test=56%
  [306/900] loopy_30__Random 9x9 s=3072... done (0.1s) test=58%
  [307/900] loopy_30__Random 9x9 s=4096... done (0.1s) test=46%
  [308/900] loopy_30__Random 9x9 s=5120... done (0.1s) test=56%
  [309/900] loopy_30__Random 9x9 s=6144... done (0.1s) test=50%
  [310/900] loopy_30__Random 9x9 s=7168... done (0.1s) test=56%
  [311/900] loopy_30__Random 9x9 s=8192... done (0.1s) test=42%
  [312/900] loopy_30__Random 9x9 s=9216... done (0.1s) test=48%
  [313/900] loopy_30__Random 9x9 s=10240... done (0.1s) test=40%
  [314/900] loopy_30__Random 9x9 s=11264... done (0.1s) test=44%
  [315/900] loopy_30__Random 9x9 s=12288... done (0.1s) test=64%
  [316/900] loopy_30__Random 9x9 s=13312... done (0.1s) test=60%
  [317/900] loopy_30__Random 9x9 s=14336... done (0.1s) test=54%
  [318/900] loopy_30__Random 9x9 s=15360... done (0.1s) test=72%
  [319/900] loopy_30__Random 9x9 s=16384... done (0.1s) test=58%
  [320/900] loopy_30__Random 13x13 s=42... done (0.3s) test=4%
  [321/900] loopy_30__Random 13x13 s=123... done (0.3s) test=2%
  [322/900] loopy_30__Random 13x13 s=456... done (0.3s) test=6%
  [323/900] loopy_30__Random 13x13 s=789... done (0.2s) test=6%
  [324/900] loopy_30__Random 13x13 s=1024... done (0.2s) test=4%
  [325/900] loopy_30__Random 13x13 s=2048... done (0.2s) test=6%
  [326/900] loopy_30__Random 13x13 s=3072... done (0.3s) test=8%
  [327/900] loopy_30__Random 13x13 s=4096... done (0.2s) test=6%
  [328/900] loopy_30__Random 13x13 s=5120... done (0.2s) test=2%
  [329/900] loopy_30__Random 13x13 s=6144... done (0.2s) test=2%
  [330/900] loopy_30__Random 13x13 s=7168... done (0.2s) test=6%
  [331/900] loopy_30__Random 13x13 s=8192... done (0.2s) test=4%
  [332/900] loopy_30__Random 13x13 s=9216... done (0.2s) test=2%
  [333/900] loopy_30__Random 13x13 s=10240... done (0.2s) test=8%
  [334/900] loopy_30__Random 13x13 s=11264... done (0.2s) test=12%
  [335/900] loopy_30__Random 13x13 s=12288... done (0.2s) test=2%
  [336/900] loopy_30__Random 13x13 s=13312... done (0.2s) test=0%
  [337/900] loopy_30__Random 13x13 s=14336... done (0.2s) test=4%
  [338/900] loopy_30__Random 13x13 s=15360... done (0.2s) test=4%
  [339/900] loopy_30__Random 13x13 s=16384... done (0.3s) test=2%
  [340/900] loopy_30__Random 17x17 s=42... done (0.4s) test=16%
  [341/900] loopy_30__Random 17x17 s=123... done (0.4s) test=6%
  [342/900] loopy_30__Random 17x17 s=456... done (0.4s) test=2%
  [343/900] loopy_30__Random 17x17 s=789... done (0.4s) test=18%
  [344/900] loopy_30__Random 17x17 s=1024... done (0.4s) test=2%
  [345/900] loopy_30__Random 17x17 s=2048... done (0.5s) test=8%
  [346/900] loopy_30__Random 17x17 s=3072... done (0.4s) test=12%
  [347/900] loopy_30__Random 17x17 s=4096... done (0.4s) test=2%
  [348/900] loopy_30__Random 17x17 s=5120... done (0.4s) test=10%
  [349/900] loopy_30__Random 17x17 s=6144... done (0.4s) test=18%
  [350/900] loopy_30__Random 17x17 s=7168... done (0.4s) test=8%
  [351/900] loopy_30__Random 17x17 s=8192... done (0.4s) test=14%
  [352/900] loopy_30__Random 17x17 s=9216... done (0.4s) test=16%
  [353/900] loopy_30__Random 17x17 s=10240... done (0.4s) test=8%
  [354/900] loopy_30__Random 17x17 s=11264... done (0.4s) test=14%
  [355/900] loopy_30__Random 17x17 s=12288... done (0.4s) test=10%
  [356/900] loopy_30__Random 17x17 s=13312... done (0.4s) test=8%
  [357/900] loopy_30__Random 17x17 s=14336... done (0.5s) test=18%
  [358/900] loopy_30__Random 17x17 s=15360... done (0.5s) test=8%
  [359/900] loopy_30__Random 17x17 s=16384... done (0.4s) test=8%
  [360/900] loopy_30__NoBackRandom 9x9 s=42... done (0.1s) test=64%
  [361/900] loopy_30__NoBackRandom 9x9 s=123... done (0.1s) test=60%
  [362/900] loopy_30__NoBackRandom 9x9 s=456... done (0.1s) test=62%
  [363/900] loopy_30__NoBackRandom 9x9 s=789... done (0.1s) test=76%
  [364/900] loopy_30__NoBackRandom 9x9 s=1024... done (0.1s) test=70%
  [365/900] loopy_30__NoBackRandom 9x9 s=2048... done (0.1s) test=76%
  [366/900] loopy_30__NoBackRandom 9x9 s=3072... done (0.1s) test=70%
  [367/900] loopy_30__NoBackRandom 9x9 s=4096... done (0.1s) test=64%
  [368/900] loopy_30__NoBackRandom 9x9 s=5120... done (0.1s) test=68%
  [369/900] loopy_30__NoBackRandom 9x9 s=6144... done (0.1s) test=76%
  [370/900] loopy_30__NoBackRandom 9x9 s=7168... done (0.1s) test=64%
  [371/900] loopy_30__NoBackRandom 9x9 s=8192... done (0.1s) test=58%
  [372/900] loopy_30__NoBackRandom 9x9 s=9216... done (0.1s) test=68%
  [373/900] loopy_30__NoBackRandom 9x9 s=10240... done (0.1s) test=66%
  [374/900] loopy_30__NoBackRandom 9x9 s=11264... done (0.1s) test=66%
  [375/900] loopy_30__NoBackRandom 9x9 s=12288... done (0.1s) test=68%
  [376/900] loopy_30__NoBackRandom 9x9 s=13312... done (0.1s) test=64%
  [377/900] loopy_30__NoBackRandom 9x9 s=14336... done (0.1s) test=78%
  [378/900] loopy_30__NoBackRandom 9x9 s=15360... done (0.1s) test=62%
  [379/900] loopy_30__NoBackRandom 9x9 s=16384... done (0.1s) test=68%
  [380/900] loopy_30__NoBackRandom 13x13 s=42... done (0.2s) test=14%
  [381/900] loopy_30__NoBackRandom 13x13 s=123... done (0.2s) test=28%
  [382/900] loopy_30__NoBackRandom 13x13 s=456... done (0.2s) test=16%
  [383/900] loopy_30__NoBackRandom 13x13 s=789... done (0.2s) test=24%
  [384/900] loopy_30__NoBackRandom 13x13 s=1024... done (0.2s) test=24%
  [385/900] loopy_30__NoBackRandom 13x13 s=2048... done (0.2s) test=28%
  [386/900] loopy_30__NoBackRandom 13x13 s=3072... done (0.2s) test=16%
  [387/900] loopy_30__NoBackRandom 13x13 s=4096... done (0.2s) test=26%
  [388/900] loopy_30__NoBackRandom 13x13 s=5120... done (0.2s) test=26%
  [389/900] loopy_30__NoBackRandom 13x13 s=6144... done (0.2s) test=24%
  [390/900] loopy_30__NoBackRandom 13x13 s=7168... done (0.2s) test=16%
  [391/900] loopy_30__NoBackRandom 13x13 s=8192... done (0.2s) test=20%
  [392/900] loopy_30__NoBackRandom 13x13 s=9216... done (0.2s) test=8%
  [393/900] loopy_30__NoBackRandom 13x13 s=10240... done (0.3s) test=20%
  [394/900] loopy_30__NoBackRandom 13x13 s=11264... done (0.2s) test=26%
  [395/900] loopy_30__NoBackRandom 13x13 s=12288... done (0.2s) test=26%
  [396/900] loopy_30__NoBackRandom 13x13 s=13312... done (0.2s) test=24%
  [397/900] loopy_30__NoBackRandom 13x13 s=14336... done (0.2s) test=26%
  [398/900] loopy_30__NoBackRandom 13x13 s=15360... done (0.3s) test=16%
  [399/900] loopy_30__NoBackRandom 13x13 s=16384... done (0.2s) test=22%
  [400/900] loopy_30__NoBackRandom 17x17 s=42... done (0.4s) test=68%
  [401/900] loopy_30__NoBackRandom 17x17 s=123... done (0.4s) test=62%
  [402/900] loopy_30__NoBackRandom 17x17 s=456... done (0.3s) test=64%
  [403/900] loopy_30__NoBackRandom 17x17 s=789... done (0.4s) test=46%
  [404/900] loopy_30__NoBackRandom 17x17 s=1024... done (0.4s) test=50%
  [405/900] loopy_30__NoBackRandom 17x17 s=2048... done (0.4s) test=58%
  [406/900] loopy_30__NoBackRandom 17x17 s=3072... done (0.4s) test=62%
  [407/900] loopy_30__NoBackRandom 17x17 s=4096... done (0.5s) test=58%
  [408/900] loopy_30__NoBackRandom 17x17 s=5120... done (0.4s) test=62%
  [409/900] loopy_30__NoBackRandom 17x17 s=6144... done (0.5s) test=62%
  [410/900] loopy_30__NoBackRandom 17x17 s=7168... done (0.5s) test=52%
  [411/900] loopy_30__NoBackRandom 17x17 s=8192... done (0.5s) test=58%
  [412/900] loopy_30__NoBackRandom 17x17 s=9216... done (0.5s) test=62%
  [413/900] loopy_30__NoBackRandom 17x17 s=10240... done (0.4s) test=54%
  [414/900] loopy_30__NoBackRandom 17x17 s=11264... done (0.5s) test=66%
  [415/900] loopy_30__NoBackRandom 17x17 s=12288... done (0.4s) test=58%
  [416/900] loopy_30__NoBackRandom 17x17 s=13312... done (0.4s) test=64%
  [417/900] loopy_30__NoBackRandom 17x17 s=14336... done (0.4s) test=38%
  [418/900] loopy_30__NoBackRandom 17x17 s=15360... done (0.4s) test=58%
  [419/900] loopy_30__NoBackRandom 17x17 s=16384... done (0.4s) test=54%
  [420/900] loopy_30__WallFollowerLeft 9x9 s=42... done (0.0s) test=0%
  [421/900] loopy_30__WallFollowerLeft 9x9 s=123... done (0.0s) test=0%
  [422/900] loopy_30__WallFollowerLeft 9x9 s=456... done (0.0s) test=0%
  [423/900] loopy_30__WallFollowerLeft 9x9 s=789... done (0.0s) test=0%
  [424/900] loopy_30__WallFollowerLeft 9x9 s=1024... done (0.0s) test=0%
  [425/900] loopy_30__WallFollowerLeft 9x9 s=2048... done (0.0s) test=0%
  [426/900] loopy_30__WallFollowerLeft 9x9 s=3072... done (0.0s) test=0%
  [427/900] loopy_30__WallFollowerLeft 9x9 s=4096... done (0.0s) test=0%
  [428/900] loopy_30__WallFollowerLeft 9x9 s=5120... done (0.0s) test=0%
  [429/900] loopy_30__WallFollowerLeft 9x9 s=6144... done (0.0s) test=0%
  [430/900] loopy_30__WallFollowerLeft 9x9 s=7168... done (0.0s) test=0%
  [431/900] loopy_30__WallFollowerLeft 9x9 s=8192... done (0.0s) test=0%
  [432/900] loopy_30__WallFollowerLeft 9x9 s=9216... done (0.0s) test=0%
  [433/900] loopy_30__WallFollowerLeft 9x9 s=10240... done (0.0s) test=0%
  [434/900] loopy_30__WallFollowerLeft 9x9 s=11264... done (0.0s) test=0%
  [435/900] loopy_30__WallFollowerLeft 9x9 s=12288... done (0.0s) test=0%
  [436/900] loopy_30__WallFollowerLeft 9x9 s=13312... done (0.0s) test=0%
  [437/900] loopy_30__WallFollowerLeft 9x9 s=14336... done (0.0s) test=0%
  [438/900] loopy_30__WallFollowerLeft 9x9 s=15360... done (0.0s) test=0%
  [439/900] loopy_30__WallFollowerLeft 9x9 s=16384... done (0.0s) test=0%
  [440/900] loopy_30__WallFollowerLeft 13x13 s=42... done (0.1s) test=0%
  [441/900] loopy_30__WallFollowerLeft 13x13 s=123... done (0.1s) test=0%
  [442/900] loopy_30__WallFollowerLeft 13x13 s=456... done (0.1s) test=0%
  [443/900] loopy_30__WallFollowerLeft 13x13 s=789... done (0.1s) test=0%
  [444/900] loopy_30__WallFollowerLeft 13x13 s=1024... done (0.1s) test=0%
  [445/900] loopy_30__WallFollowerLeft 13x13 s=2048... done (0.1s) test=0%
  [446/900] loopy_30__WallFollowerLeft 13x13 s=3072... done (0.1s) test=0%
  [447/900] loopy_30__WallFollowerLeft 13x13 s=4096... done (0.0s) test=0%
  [448/900] loopy_30__WallFollowerLeft 13x13 s=5120... done (0.1s) test=0%
  [449/900] loopy_30__WallFollowerLeft 13x13 s=6144... done (0.1s) test=0%
  [450/900] loopy_30__WallFollowerLeft 13x13 s=7168... done (0.1s) test=0%
  [451/900] loopy_30__WallFollowerLeft 13x13 s=8192... done (0.1s) test=0%
  [452/900] loopy_30__WallFollowerLeft 13x13 s=9216... done (0.1s) test=0%
  [453/900] loopy_30__WallFollowerLeft 13x13 s=10240... done (0.1s) test=0%
  [454/900] loopy_30__WallFollowerLeft 13x13 s=11264... done (0.0s) test=0%
  [455/900] loopy_30__WallFollowerLeft 13x13 s=12288... done (0.1s) test=0%
  [456/900] loopy_30__WallFollowerLeft 13x13 s=13312... done (0.1s) test=0%
  [457/900] loopy_30__WallFollowerLeft 13x13 s=14336... done (0.1s) test=0%
  [458/900] loopy_30__WallFollowerLeft 13x13 s=15360... done (0.1s) test=0%
  [459/900] loopy_30__WallFollowerLeft 13x13 s=16384... done (0.1s) test=0%
  [460/900] loopy_30__WallFollowerLeft 17x17 s=42... done (0.1s) test=0%
  [461/900] loopy_30__WallFollowerLeft 17x17 s=123... done (0.1s) test=0%
  [462/900] loopy_30__WallFollowerLeft 17x17 s=456... done (0.1s) test=0%
  [463/900] loopy_30__WallFollowerLeft 17x17 s=789... done (0.1s) test=0%
  [464/900] loopy_30__WallFollowerLeft 17x17 s=1024... done (0.1s) test=0%
  [465/900] loopy_30__WallFollowerLeft 17x17 s=2048... done (0.1s) test=0%
  [466/900] loopy_30__WallFollowerLeft 17x17 s=3072... done (0.1s) test=0%
  [467/900] loopy_30__WallFollowerLeft 17x17 s=4096... done (0.1s) test=0%
  [468/900] loopy_30__WallFollowerLeft 17x17 s=5120... done (0.1s) test=0%
  [469/900] loopy_30__WallFollowerLeft 17x17 s=6144... done (0.1s) test=0%
  [470/900] loopy_30__WallFollowerLeft 17x17 s=7168... done (0.1s) test=0%
  [471/900] loopy_30__WallFollowerLeft 17x17 s=8192... done (0.1s) test=0%
  [472/900] loopy_30__WallFollowerLeft 17x17 s=9216... done (0.1s) test=0%
  [473/900] loopy_30__WallFollowerLeft 17x17 s=10240... done (0.1s) test=0%
  [474/900] loopy_30__WallFollowerLeft 17x17 s=11264... done (0.1s) test=0%
  [475/900] loopy_30__WallFollowerLeft 17x17 s=12288... done (0.1s) test=0%
  [476/900] loopy_30__WallFollowerLeft 17x17 s=13312... done (0.1s) test=0%
  [477/900] loopy_30__WallFollowerLeft 17x17 s=14336... done (0.1s) test=0%
  [478/900] loopy_30__WallFollowerLeft 17x17 s=15360... done (0.1s) test=0%
  [479/900] loopy_30__WallFollowerLeft 17x17 s=16384... done (0.1s) test=0%
  [480/900] loopy_30__EgoWallFollower 9x9 s=42... done (0.0s) test=100%
  [481/900] loopy_30__EgoWallFollower 9x9 s=123... done (0.0s) test=100%
  [482/900] loopy_30__EgoWallFollower 9x9 s=456... done (0.0s) test=100%
  [483/900] loopy_30__EgoWallFollower 9x9 s=789... done (0.0s) test=100%
  [484/900] loopy_30__EgoWallFollower 9x9 s=1024... done (0.0s) test=100%
  [485/900] loopy_30__EgoWallFollower 9x9 s=2048... done (0.0s) test=100%
  [486/900] loopy_30__EgoWallFollower 9x9 s=3072... done (0.0s) test=100%
  [487/900] loopy_30__EgoWallFollower 9x9 s=4096... done (0.0s) test=100%
  [488/900] loopy_30__EgoWallFollower 9x9 s=5120... done (0.0s) test=100%
  [489/900] loopy_30__EgoWallFollower 9x9 s=6144... done (0.0s) test=100%
  [490/900] loopy_30__EgoWallFollower 9x9 s=7168... done (0.0s) test=100%
  [491/900] loopy_30__EgoWallFollower 9x9 s=8192... done (0.0s) test=100%
  [492/900] loopy_30__EgoWallFollower 9x9 s=9216... done (0.0s) test=100%
  [493/900] loopy_30__EgoWallFollower 9x9 s=10240... done (0.0s) test=100%
  [494/900] loopy_30__EgoWallFollower 9x9 s=11264... done (0.0s) test=100%
  [495/900] loopy_30__EgoWallFollower 9x9 s=12288... done (0.0s) test=100%
  [496/900] loopy_30__EgoWallFollower 9x9 s=13312... done (0.0s) test=100%
  [497/900] loopy_30__EgoWallFollower 9x9 s=14336... done (0.0s) test=100%
  [498/900] loopy_30__EgoWallFollower 9x9 s=15360... done (0.0s) test=100%
  [499/900] loopy_30__EgoWallFollower 9x9 s=16384... done (0.0s) test=100%
  [500/900] loopy_30__EgoWallFollower 13x13 s=42... done (0.0s) test=100%
  [501/900] loopy_30__EgoWallFollower 13x13 s=123... done (0.0s) test=100%
  [502/900] loopy_30__EgoWallFollower 13x13 s=456... done (0.0s) test=100%
  [503/900] loopy_30__EgoWallFollower 13x13 s=789... done (0.0s) test=100%
  [504/900] loopy_30__EgoWallFollower 13x13 s=1024... done (0.0s) test=100%
  [505/900] loopy_30__EgoWallFollower 13x13 s=2048... done (0.0s) test=100%
  [506/900] loopy_30__EgoWallFollower 13x13 s=3072... done (0.0s) test=100%
  [507/900] loopy_30__EgoWallFollower 13x13 s=4096... done (0.0s) test=100%
  [508/900] loopy_30__EgoWallFollower 13x13 s=5120... done (0.0s) test=100%
  [509/900] loopy_30__EgoWallFollower 13x13 s=6144... done (0.0s) test=100%
  [510/900] loopy_30__EgoWallFollower 13x13 s=7168... done (0.0s) test=100%
  [511/900] loopy_30__EgoWallFollower 13x13 s=8192... done (0.0s) test=100%
  [512/900] loopy_30__EgoWallFollower 13x13 s=9216... done (0.0s) test=100%
  [513/900] loopy_30__EgoWallFollower 13x13 s=10240... done (0.0s) test=100%
  [514/900] loopy_30__EgoWallFollower 13x13 s=11264... done (0.0s) test=100%
  [515/900] loopy_30__EgoWallFollower 13x13 s=12288... done (0.0s) test=100%
  [516/900] loopy_30__EgoWallFollower 13x13 s=13312... done (0.0s) test=100%
  [517/900] loopy_30__EgoWallFollower 13x13 s=14336... done (0.0s) test=100%
  [518/900] loopy_30__EgoWallFollower 13x13 s=15360... done (0.0s) test=100%
  [519/900] loopy_30__EgoWallFollower 13x13 s=16384... done (0.0s) test=100%
  [520/900] loopy_30__EgoWallFollower 17x17 s=42... done (0.1s) test=100%
  [521/900] loopy_30__EgoWallFollower 17x17 s=123... done (0.0s) test=100%
  [522/900] loopy_30__EgoWallFollower 17x17 s=456... done (0.1s) test=100%
  [523/900] loopy_30__EgoWallFollower 17x17 s=789... done (0.1s) test=100%
  [524/900] loopy_30__EgoWallFollower 17x17 s=1024... done (0.1s) test=100%
  [525/900] loopy_30__EgoWallFollower 17x17 s=2048... done (0.1s) test=100%
  [526/900] loopy_30__EgoWallFollower 17x17 s=3072... done (0.1s) test=100%
  [527/900] loopy_30__EgoWallFollower 17x17 s=4096... done (0.1s) test=100%
  [528/900] loopy_30__EgoWallFollower 17x17 s=5120... done (0.1s) test=100%
  [529/900] loopy_30__EgoWallFollower 17x17 s=6144... done (0.1s) test=100%
  [530/900] loopy_30__EgoWallFollower 17x17 s=7168... done (0.1s) test=100%
  [531/900] loopy_30__EgoWallFollower 17x17 s=8192... done (0.1s) test=100%
  [532/900] loopy_30__EgoWallFollower 17x17 s=9216... done (0.1s) test=100%
  [533/900] loopy_30__EgoWallFollower 17x17 s=10240... done (0.1s) test=100%
  [534/900] loopy_30__EgoWallFollower 17x17 s=11264... done (0.1s) test=100%
  [535/900] loopy_30__EgoWallFollower 17x17 s=12288... done (0.1s) test=100%
  [536/900] loopy_30__EgoWallFollower 17x17 s=13312... done (0.1s) test=100%
  [537/900] loopy_30__EgoWallFollower 17x17 s=14336... done (0.1s) test=100%
  [538/900] loopy_30__EgoWallFollower 17x17 s=15360... done (0.1s) test=100%
  [539/900] loopy_30__EgoWallFollower 17x17 s=16384... done (0.0s) test=100%
  [540/900] loopy_30__DFSAgent 9x9 s=42... done (0.0s) test=0%
  [541/900] loopy_30__DFSAgent 9x9 s=123... done (0.0s) test=0%
  [542/900] loopy_30__DFSAgent 9x9 s=456... done (0.0s) test=0%
  [543/900] loopy_30__DFSAgent 9x9 s=789... done (0.1s) test=0%
  [544/900] loopy_30__DFSAgent 9x9 s=1024... done (0.0s) test=0%
  [545/900] loopy_30__DFSAgent 9x9 s=2048... done (0.0s) test=0%
  [546/900] loopy_30__DFSAgent 9x9 s=3072... done (0.0s) test=0%
  [547/900] loopy_30__DFSAgent 9x9 s=4096... done (0.0s) test=0%
  [548/900] loopy_30__DFSAgent 9x9 s=5120... done (0.0s) test=0%
  [549/900] loopy_30__DFSAgent 9x9 s=6144... done (0.0s) test=0%
  [550/900] loopy_30__DFSAgent 9x9 s=7168... done (0.0s) test=0%
  [551/900] loopy_30__DFSAgent 9x9 s=8192... done (0.0s) test=0%
  [552/900] loopy_30__DFSAgent 9x9 s=9216... done (0.0s) test=0%
  [553/900] loopy_30__DFSAgent 9x9 s=10240... done (0.0s) test=0%
  [554/900] loopy_30__DFSAgent 9x9 s=11264... done (0.0s) test=0%
  [555/900] loopy_30__DFSAgent 9x9 s=12288... done (0.0s) test=0%
  [556/900] loopy_30__DFSAgent 9x9 s=13312... done (0.0s) test=0%
  [557/900] loopy_30__DFSAgent 9x9 s=14336... done (0.0s) test=0%
  [558/900] loopy_30__DFSAgent 9x9 s=15360... done (0.0s) test=0%
  [559/900] loopy_30__DFSAgent 9x9 s=16384... done (0.0s) test=0%
  [560/900] loopy_30__DFSAgent 13x13 s=42... done (0.1s) test=0%
  [561/900] loopy_30__DFSAgent 13x13 s=123... done (0.1s) test=0%
  [562/900] loopy_30__DFSAgent 13x13 s=456... done (0.1s) test=0%
  [563/900] loopy_30__DFSAgent 13x13 s=789... done (0.1s) test=0%
  [564/900] loopy_30__DFSAgent 13x13 s=1024... done (0.1s) test=0%
  [565/900] loopy_30__DFSAgent 13x13 s=2048... done (0.1s) test=0%
  [566/900] loopy_30__DFSAgent 13x13 s=3072... done (0.1s) test=0%
  [567/900] loopy_30__DFSAgent 13x13 s=4096... done (0.1s) test=0%
  [568/900] loopy_30__DFSAgent 13x13 s=5120... done (0.1s) test=0%
  [569/900] loopy_30__DFSAgent 13x13 s=6144... done (0.1s) test=0%
  [570/900] loopy_30__DFSAgent 13x13 s=7168... done (0.1s) test=0%
  [571/900] loopy_30__DFSAgent 13x13 s=8192... done (0.1s) test=0%
  [572/900] loopy_30__DFSAgent 13x13 s=9216... done (0.0s) test=0%
  [573/900] loopy_30__DFSAgent 13x13 s=10240... done (0.1s) test=0%
  [574/900] loopy_30__DFSAgent 13x13 s=11264... done (0.1s) test=0%
  [575/900] loopy_30__DFSAgent 13x13 s=12288... done (0.1s) test=0%
  [576/900] loopy_30__DFSAgent 13x13 s=13312... done (0.1s) test=0%
  [577/900] loopy_30__DFSAgent 13x13 s=14336... done (0.1s) test=0%
  [578/900] loopy_30__DFSAgent 13x13 s=15360... done (0.1s) test=0%
  [579/900] loopy_30__DFSAgent 13x13 s=16384... done (0.1s) test=0%
  [580/900] loopy_30__DFSAgent 17x17 s=42... done (0.1s) test=0%
  [581/900] loopy_30__DFSAgent 17x17 s=123... done (0.1s) test=0%
  [582/900] loopy_30__DFSAgent 17x17 s=456... done (0.1s) test=0%
  [583/900] loopy_30__DFSAgent 17x17 s=789... done (0.1s) test=0%
  [584/900] loopy_30__DFSAgent 17x17 s=1024... done (0.1s) test=0%
  [585/900] loopy_30__DFSAgent 17x17 s=2048... done (0.1s) test=0%
  [586/900] loopy_30__DFSAgent 17x17 s=3072... done (0.1s) test=0%
  [587/900] loopy_30__DFSAgent 17x17 s=4096... done (0.1s) test=0%
  [588/900] loopy_30__DFSAgent 17x17 s=5120... done (0.1s) test=0%
  [589/900] loopy_30__DFSAgent 17x17 s=6144... done (0.1s) test=0%
  [590/900] loopy_30__DFSAgent 17x17 s=7168... done (0.1s) test=0%
  [591/900] loopy_30__DFSAgent 17x17 s=8192... done (0.1s) test=0%
  [592/900] loopy_30__DFSAgent 17x17 s=9216... done (0.1s) test=0%
  [593/900] loopy_30__DFSAgent 17x17 s=10240... done (0.1s) test=0%
  [594/900] loopy_30__DFSAgent 17x17 s=11264... done (0.1s) test=0%
  [595/900] loopy_30__DFSAgent 17x17 s=12288... done (0.1s) test=0%
  [596/900] loopy_30__DFSAgent 17x17 s=13312... done (0.1s) test=0%
  [597/900] loopy_30__DFSAgent 17x17 s=14336... done (0.1s) test=0%
  [598/900] loopy_30__DFSAgent 17x17 s=15360... done (0.1s) test=0%
  [599/900] loopy_30__DFSAgent 17x17 s=16384... done (0.1s) test=0%
  [600/900] loopy_60__Random 9x9 s=42... done (0.1s) test=60%
  [601/900] loopy_60__Random 9x9 s=123... done (0.1s) test=60%
  [602/900] loopy_60__Random 9x9 s=456... done (0.1s) test=58%
  [603/900] loopy_60__Random 9x9 s=789... done (0.1s) test=64%
  [604/900] loopy_60__Random 9x9 s=1024... done (0.1s) test=62%
  [605/900] loopy_60__Random 9x9 s=2048... done (0.1s) test=66%
  [606/900] loopy_60__Random 9x9 s=3072... done (0.1s) test=70%
  [607/900] loopy_60__Random 9x9 s=4096... done (0.1s) test=60%
  [608/900] loopy_60__Random 9x9 s=5120... done (0.1s) test=66%
  [609/900] loopy_60__Random 9x9 s=6144... done (0.1s) test=60%
  [610/900] loopy_60__Random 9x9 s=7168... done (0.1s) test=72%
  [611/900] loopy_60__Random 9x9 s=8192... done (0.1s) test=58%
  [612/900] loopy_60__Random 9x9 s=9216... done (0.1s) test=68%
  [613/900] loopy_60__Random 9x9 s=10240... done (0.1s) test=58%
  [614/900] loopy_60__Random 9x9 s=11264... done (0.1s) test=58%
  [615/900] loopy_60__Random 9x9 s=12288... done (0.1s) test=60%
  [616/900] loopy_60__Random 9x9 s=13312... done (0.1s) test=56%
  [617/900] loopy_60__Random 9x9 s=14336... done (0.1s) test=54%
  [618/900] loopy_60__Random 9x9 s=15360... done (0.1s) test=60%
  [619/900] loopy_60__Random 9x9 s=16384... done (0.1s) test=46%
  [620/900] loopy_60__Random 13x13 s=42... done (0.2s) test=8%
  [621/900] loopy_60__Random 13x13 s=123... done (0.3s) test=12%
  [622/900] loopy_60__Random 13x13 s=456... done (0.2s) test=8%
  [623/900] loopy_60__Random 13x13 s=789... done (0.2s) test=2%
  [624/900] loopy_60__Random 13x13 s=1024... done (0.2s) test=8%
  [625/900] loopy_60__Random 13x13 s=2048... done (0.2s) test=12%
  [626/900] loopy_60__Random 13x13 s=3072... done (0.2s) test=8%
  [627/900] loopy_60__Random 13x13 s=4096... done (0.2s) test=12%
  [628/900] loopy_60__Random 13x13 s=5120... done (0.2s) test=14%
  [629/900] loopy_60__Random 13x13 s=6144... done (0.2s) test=8%
  [630/900] loopy_60__Random 13x13 s=7168... done (0.2s) test=10%
  [631/900] loopy_60__Random 13x13 s=8192... done (0.2s) test=6%
  [632/900] loopy_60__Random 13x13 s=9216... done (0.2s) test=16%
  [633/900] loopy_60__Random 13x13 s=10240... done (0.2s) test=2%
  [634/900] loopy_60__Random 13x13 s=11264... done (0.2s) test=8%
  [635/900] loopy_60__Random 13x13 s=12288... done (0.2s) test=14%
  [636/900] loopy_60__Random 13x13 s=13312... done (0.2s) test=8%
  [637/900] loopy_60__Random 13x13 s=14336... done (0.2s) test=4%
  [638/900] loopy_60__Random 13x13 s=15360... done (0.2s) test=6%
  [639/900] loopy_60__Random 13x13 s=16384... done (0.2s) test=8%
  [640/900] loopy_60__Random 17x17 s=42... done (0.4s) test=16%
  [641/900] loopy_60__Random 17x17 s=123... done (0.4s) test=14%
  [642/900] loopy_60__Random 17x17 s=456... done (0.4s) test=18%
  [643/900] loopy_60__Random 17x17 s=789... done (0.4s) test=18%
  [644/900] loopy_60__Random 17x17 s=1024... done (0.4s) test=18%
  [645/900] loopy_60__Random 17x17 s=2048... done (0.4s) test=22%
  [646/900] loopy_60__Random 17x17 s=3072... done (0.4s) test=14%
  [647/900] loopy_60__Random 17x17 s=4096... done (0.4s) test=16%
  [648/900] loopy_60__Random 17x17 s=5120... done (0.4s) test=16%
  [649/900] loopy_60__Random 17x17 s=6144... done (0.4s) test=14%
  [650/900] loopy_60__Random 17x17 s=7168... done (0.4s) test=14%
  [651/900] loopy_60__Random 17x17 s=8192... done (0.4s) test=28%
  [652/900] loopy_60__Random 17x17 s=9216... done (0.4s) test=14%
  [653/900] loopy_60__Random 17x17 s=10240... done (0.3s) test=8%
  [654/900] loopy_60__Random 17x17 s=11264... done (0.3s) test=10%
  [655/900] loopy_60__Random 17x17 s=12288... done (0.4s) test=8%
  [656/900] loopy_60__Random 17x17 s=13312... done (0.4s) test=14%
  [657/900] loopy_60__Random 17x17 s=14336... done (0.4s) test=14%
  [658/900] loopy_60__Random 17x17 s=15360... done (0.5s) test=8%
  [659/900] loopy_60__Random 17x17 s=16384... done (0.5s) test=18%
  [660/900] loopy_60__NoBackRandom 9x9 s=42... done (0.1s) test=80%
  [661/900] loopy_60__NoBackRandom 9x9 s=123... done (0.1s) test=88%
  [662/900] loopy_60__NoBackRandom 9x9 s=456... done (0.1s) test=78%
  [663/900] loopy_60__NoBackRandom 9x9 s=789... done (0.1s) test=78%
  [664/900] loopy_60__NoBackRandom 9x9 s=1024... done (0.1s) test=74%
  [665/900] loopy_60__NoBackRandom 9x9 s=2048... done (0.1s) test=78%
  [666/900] loopy_60__NoBackRandom 9x9 s=3072... done (0.1s) test=86%
  [667/900] loopy_60__NoBackRandom 9x9 s=4096... done (0.1s) test=72%
  [668/900] loopy_60__NoBackRandom 9x9 s=5120... done (0.1s) test=80%
  [669/900] loopy_60__NoBackRandom 9x9 s=6144... done (0.1s) test=58%
  [670/900] loopy_60__NoBackRandom 9x9 s=7168... done (0.1s) test=78%
  [671/900] loopy_60__NoBackRandom 9x9 s=8192... done (0.1s) test=80%
  [672/900] loopy_60__NoBackRandom 9x9 s=9216... done (0.1s) test=82%
  [673/900] loopy_60__NoBackRandom 9x9 s=10240... done (0.1s) test=80%
  [674/900] loopy_60__NoBackRandom 9x9 s=11264... done (0.1s) test=70%
  [675/900] loopy_60__NoBackRandom 9x9 s=12288... done (0.1s) test=74%
  [676/900] loopy_60__NoBackRandom 9x9 s=13312... done (0.1s) test=76%
  [677/900] loopy_60__NoBackRandom 9x9 s=14336... done (0.1s) test=74%
  [678/900] loopy_60__NoBackRandom 9x9 s=15360... done (0.1s) test=86%
  [679/900] loopy_60__NoBackRandom 9x9 s=16384... done (0.1s) test=76%
  [680/900] loopy_60__NoBackRandom 13x13 s=42... done (0.2s) test=26%
  [681/900] loopy_60__NoBackRandom 13x13 s=123... done (0.2s) test=26%
  [682/900] loopy_60__NoBackRandom 13x13 s=456... done (0.2s) test=20%
  [683/900] loopy_60__NoBackRandom 13x13 s=789... done (0.2s) test=24%
  [684/900] loopy_60__NoBackRandom 13x13 s=1024... done (0.2s) test=20%
  [685/900] loopy_60__NoBackRandom 13x13 s=2048... done (0.2s) test=18%
  [686/900] loopy_60__NoBackRandom 13x13 s=3072... done (0.2s) test=16%
  [687/900] loopy_60__NoBackRandom 13x13 s=4096... done (0.2s) test=16%
  [688/900] loopy_60__NoBackRandom 13x13 s=5120... done (0.2s) test=34%
  [689/900] loopy_60__NoBackRandom 13x13 s=6144... done (0.3s) test=20%
  [690/900] loopy_60__NoBackRandom 13x13 s=7168... done (0.2s) test=26%
  [691/900] loopy_60__NoBackRandom 13x13 s=8192... done (0.2s) test=24%
  [692/900] loopy_60__NoBackRandom 13x13 s=9216... done (0.3s) test=14%
  [693/900] loopy_60__NoBackRandom 13x13 s=10240... done (0.2s) test=18%
  [694/900] loopy_60__NoBackRandom 13x13 s=11264... done (0.2s) test=16%
  [695/900] loopy_60__NoBackRandom 13x13 s=12288... done (0.2s) test=18%
  [696/900] loopy_60__NoBackRandom 13x13 s=13312... done (0.2s) test=28%
  [697/900] loopy_60__NoBackRandom 13x13 s=14336... done (0.2s) test=8%
  [698/900] loopy_60__NoBackRandom 13x13 s=15360... done (0.3s) test=14%
  [699/900] loopy_60__NoBackRandom 13x13 s=16384... done (0.2s) test=26%
  [700/900] loopy_60__NoBackRandom 17x17 s=42... done (0.4s) test=78%
  [701/900] loopy_60__NoBackRandom 17x17 s=123... done (0.4s) test=60%
  [702/900] loopy_60__NoBackRandom 17x17 s=456... done (0.4s) test=74%
  [703/900] loopy_60__NoBackRandom 17x17 s=789... done (0.4s) test=62%
  [704/900] loopy_60__NoBackRandom 17x17 s=1024... done (0.4s) test=68%
  [705/900] loopy_60__NoBackRandom 17x17 s=2048... done (0.4s) test=76%
  [706/900] loopy_60__NoBackRandom 17x17 s=3072... done (0.3s) test=82%
  [707/900] loopy_60__NoBackRandom 17x17 s=4096... done (0.4s) test=74%
  [708/900] loopy_60__NoBackRandom 17x17 s=5120... done (0.4s) test=80%
  [709/900] loopy_60__NoBackRandom 17x17 s=6144... done (0.4s) test=80%
  [710/900] loopy_60__NoBackRandom 17x17 s=7168... done (0.4s) test=66%
  [711/900] loopy_60__NoBackRandom 17x17 s=8192... done (0.4s) test=68%
  [712/900] loopy_60__NoBackRandom 17x17 s=9216... done (0.4s) test=76%
  [713/900] loopy_60__NoBackRandom 17x17 s=10240... done (0.4s) test=68%
  [714/900] loopy_60__NoBackRandom 17x17 s=11264... done (0.5s) test=72%
  [715/900] loopy_60__NoBackRandom 17x17 s=12288... done (0.4s) test=72%
  [716/900] loopy_60__NoBackRandom 17x17 s=13312... done (0.4s) test=80%
  [717/900] loopy_60__NoBackRandom 17x17 s=14336... done (0.4s) test=80%
  [718/900] loopy_60__NoBackRandom 17x17 s=15360... done (0.4s) test=70%
  [719/900] loopy_60__NoBackRandom 17x17 s=16384... done (0.4s) test=66%
  [720/900] loopy_60__WallFollowerLeft 9x9 s=42... done (0.0s) test=0%
  [721/900] loopy_60__WallFollowerLeft 9x9 s=123... done (0.0s) test=0%
  [722/900] loopy_60__WallFollowerLeft 9x9 s=456... done (0.0s) test=0%
  [723/900] loopy_60__WallFollowerLeft 9x9 s=789... done (0.0s) test=0%
  [724/900] loopy_60__WallFollowerLeft 9x9 s=1024... done (0.0s) test=0%
  [725/900] loopy_60__WallFollowerLeft 9x9 s=2048... done (0.0s) test=0%
  [726/900] loopy_60__WallFollowerLeft 9x9 s=3072... done (0.0s) test=0%
  [727/900] loopy_60__WallFollowerLeft 9x9 s=4096... done (0.0s) test=0%
  [728/900] loopy_60__WallFollowerLeft 9x9 s=5120... done (0.0s) test=0%
  [729/900] loopy_60__WallFollowerLeft 9x9 s=6144... done (0.0s) test=0%
  [730/900] loopy_60__WallFollowerLeft 9x9 s=7168... done (0.0s) test=0%
  [731/900] loopy_60__WallFollowerLeft 9x9 s=8192... done (0.0s) test=0%
  [732/900] loopy_60__WallFollowerLeft 9x9 s=9216... done (0.0s) test=0%
  [733/900] loopy_60__WallFollowerLeft 9x9 s=10240... done (0.0s) test=0%
  [734/900] loopy_60__WallFollowerLeft 9x9 s=11264... done (0.0s) test=0%
  [735/900] loopy_60__WallFollowerLeft 9x9 s=12288... done (0.0s) test=0%
  [736/900] loopy_60__WallFollowerLeft 9x9 s=13312... done (0.0s) test=0%
  [737/900] loopy_60__WallFollowerLeft 9x9 s=14336... done (0.0s) test=0%
  [738/900] loopy_60__WallFollowerLeft 9x9 s=15360... done (0.0s) test=0%
  [739/900] loopy_60__WallFollowerLeft 9x9 s=16384... done (0.0s) test=0%
  [740/900] loopy_60__WallFollowerLeft 13x13 s=42... done (0.1s) test=0%
  [741/900] loopy_60__WallFollowerLeft 13x13 s=123... done (0.0s) test=0%
  [742/900] loopy_60__WallFollowerLeft 13x13 s=456... done (0.0s) test=0%
  [743/900] loopy_60__WallFollowerLeft 13x13 s=789... done (0.0s) test=0%
  [744/900] loopy_60__WallFollowerLeft 13x13 s=1024... done (0.1s) test=0%
  [745/900] loopy_60__WallFollowerLeft 13x13 s=2048... done (0.0s) test=0%
  [746/900] loopy_60__WallFollowerLeft 13x13 s=3072... done (0.1s) test=0%
  [747/900] loopy_60__WallFollowerLeft 13x13 s=4096... done (0.1s) test=0%
  [748/900] loopy_60__WallFollowerLeft 13x13 s=5120... done (0.1s) test=0%
  [749/900] loopy_60__WallFollowerLeft 13x13 s=6144... done (0.0s) test=0%
  [750/900] loopy_60__WallFollowerLeft 13x13 s=7168... done (0.1s) test=0%
  [751/900] loopy_60__WallFollowerLeft 13x13 s=8192... done (0.0s) test=0%
  [752/900] loopy_60__WallFollowerLeft 13x13 s=9216... done (0.1s) test=0%
  [753/900] loopy_60__WallFollowerLeft 13x13 s=10240... done (0.1s) test=0%
  [754/900] loopy_60__WallFollowerLeft 13x13 s=11264... done (0.1s) test=0%
  [755/900] loopy_60__WallFollowerLeft 13x13 s=12288... done (0.0s) test=0%
  [756/900] loopy_60__WallFollowerLeft 13x13 s=13312... done (0.1s) test=0%
  [757/900] loopy_60__WallFollowerLeft 13x13 s=14336... done (0.1s) test=0%
  [758/900] loopy_60__WallFollowerLeft 13x13 s=15360... done (0.0s) test=0%
  [759/900] loopy_60__WallFollowerLeft 13x13 s=16384... done (0.1s) test=0%
  [760/900] loopy_60__WallFollowerLeft 17x17 s=42... done (0.1s) test=0%
  [761/900] loopy_60__WallFollowerLeft 17x17 s=123... done (0.1s) test=0%
  [762/900] loopy_60__WallFollowerLeft 17x17 s=456... done (0.1s) test=0%
  [763/900] loopy_60__WallFollowerLeft 17x17 s=789... done (0.1s) test=0%
  [764/900] loopy_60__WallFollowerLeft 17x17 s=1024... done (0.1s) test=0%
  [765/900] loopy_60__WallFollowerLeft 17x17 s=2048... done (0.1s) test=0%
  [766/900] loopy_60__WallFollowerLeft 17x17 s=3072... done (0.1s) test=0%
  [767/900] loopy_60__WallFollowerLeft 17x17 s=4096... done (0.1s) test=0%
  [768/900] loopy_60__WallFollowerLeft 17x17 s=5120... done (0.1s) test=0%
  [769/900] loopy_60__WallFollowerLeft 17x17 s=6144... done (0.1s) test=0%
  [770/900] loopy_60__WallFollowerLeft 17x17 s=7168... done (0.1s) test=0%
  [771/900] loopy_60__WallFollowerLeft 17x17 s=8192... done (0.1s) test=0%
  [772/900] loopy_60__WallFollowerLeft 17x17 s=9216... done (0.1s) test=0%
  [773/900] loopy_60__WallFollowerLeft 17x17 s=10240... done (0.1s) test=0%
  [774/900] loopy_60__WallFollowerLeft 17x17 s=11264... done (0.1s) test=0%
  [775/900] loopy_60__WallFollowerLeft 17x17 s=12288... done (0.1s) test=0%
  [776/900] loopy_60__WallFollowerLeft 17x17 s=13312... done (0.1s) test=0%
  [777/900] loopy_60__WallFollowerLeft 17x17 s=14336... done (0.1s) test=0%
  [778/900] loopy_60__WallFollowerLeft 17x17 s=15360... done (0.1s) test=0%
  [779/900] loopy_60__WallFollowerLeft 17x17 s=16384... done (0.1s) test=0%
  [780/900] loopy_60__EgoWallFollower 9x9 s=42... done (0.0s) test=100%
  [781/900] loopy_60__EgoWallFollower 9x9 s=123... done (0.0s) test=100%
  [782/900] loopy_60__EgoWallFollower 9x9 s=456... done (0.0s) test=100%
  [783/900] loopy_60__EgoWallFollower 9x9 s=789... done (0.0s) test=100%
  [784/900] loopy_60__EgoWallFollower 9x9 s=1024... done (0.0s) test=100%
  [785/900] loopy_60__EgoWallFollower 9x9 s=2048... done (0.0s) test=100%
  [786/900] loopy_60__EgoWallFollower 9x9 s=3072... done (0.0s) test=100%
  [787/900] loopy_60__EgoWallFollower 9x9 s=4096... done (0.0s) test=100%
  [788/900] loopy_60__EgoWallFollower 9x9 s=5120... done (0.0s) test=100%
  [789/900] loopy_60__EgoWallFollower 9x9 s=6144... done (0.0s) test=100%
  [790/900] loopy_60__EgoWallFollower 9x9 s=7168... done (0.0s) test=100%
  [791/900] loopy_60__EgoWallFollower 9x9 s=8192... done (0.0s) test=100%
  [792/900] loopy_60__EgoWallFollower 9x9 s=9216... done (0.0s) test=100%
  [793/900] loopy_60__EgoWallFollower 9x9 s=10240... done (0.0s) test=100%
  [794/900] loopy_60__EgoWallFollower 9x9 s=11264... done (0.0s) test=100%
  [795/900] loopy_60__EgoWallFollower 9x9 s=12288... done (0.0s) test=100%
  [796/900] loopy_60__EgoWallFollower 9x9 s=13312... done (0.0s) test=100%
  [797/900] loopy_60__EgoWallFollower 9x9 s=14336... done (0.0s) test=100%
  [798/900] loopy_60__EgoWallFollower 9x9 s=15360... done (0.0s) test=100%
  [799/900] loopy_60__EgoWallFollower 9x9 s=16384... done (0.0s) test=100%
  [800/900] loopy_60__EgoWallFollower 13x13 s=42... done (0.0s) test=100%
  [801/900] loopy_60__EgoWallFollower 13x13 s=123... done (0.0s) test=100%
  [802/900] loopy_60__EgoWallFollower 13x13 s=456... done (0.0s) test=100%
  [803/900] loopy_60__EgoWallFollower 13x13 s=789... done (0.0s) test=100%
  [804/900] loopy_60__EgoWallFollower 13x13 s=1024... done (0.0s) test=100%
  [805/900] loopy_60__EgoWallFollower 13x13 s=2048... done (0.0s) test=100%
  [806/900] loopy_60__EgoWallFollower 13x13 s=3072... done (0.0s) test=100%
  [807/900] loopy_60__EgoWallFollower 13x13 s=4096... done (0.0s) test=100%
  [808/900] loopy_60__EgoWallFollower 13x13 s=5120... done (0.0s) test=100%
  [809/900] loopy_60__EgoWallFollower 13x13 s=6144... done (0.0s) test=100%
  [810/900] loopy_60__EgoWallFollower 13x13 s=7168... done (0.0s) test=100%
  [811/900] loopy_60__EgoWallFollower 13x13 s=8192... done (0.0s) test=100%
  [812/900] loopy_60__EgoWallFollower 13x13 s=9216... done (0.0s) test=100%
  [813/900] loopy_60__EgoWallFollower 13x13 s=10240... done (0.0s) test=100%
  [814/900] loopy_60__EgoWallFollower 13x13 s=11264... done (0.0s) test=100%
  [815/900] loopy_60__EgoWallFollower 13x13 s=12288... done (0.0s) test=100%
  [816/900] loopy_60__EgoWallFollower 13x13 s=13312... done (0.0s) test=100%
  [817/900] loopy_60__EgoWallFollower 13x13 s=14336... done (0.0s) test=100%
  [818/900] loopy_60__EgoWallFollower 13x13 s=15360... done (0.0s) test=100%
  [819/900] loopy_60__EgoWallFollower 13x13 s=16384... done (0.0s) test=100%
  [820/900] loopy_60__EgoWallFollower 17x17 s=42... done (0.1s) test=100%
  [821/900] loopy_60__EgoWallFollower 17x17 s=123... done (0.0s) test=100%
  [822/900] loopy_60__EgoWallFollower 17x17 s=456... done (0.0s) test=100%
  [823/900] loopy_60__EgoWallFollower 17x17 s=789... done (0.0s) test=100%
  [824/900] loopy_60__EgoWallFollower 17x17 s=1024... done (0.1s) test=100%
  [825/900] loopy_60__EgoWallFollower 17x17 s=2048... done (0.0s) test=100%
  [826/900] loopy_60__EgoWallFollower 17x17 s=3072... done (0.1s) test=100%
  [827/900] loopy_60__EgoWallFollower 17x17 s=4096... done (0.0s) test=100%
  [828/900] loopy_60__EgoWallFollower 17x17 s=5120... done (0.0s) test=100%
  [829/900] loopy_60__EgoWallFollower 17x17 s=6144... done (0.1s) test=100%
  [830/900] loopy_60__EgoWallFollower 17x17 s=7168... done (0.1s) test=100%
  [831/900] loopy_60__EgoWallFollower 17x17 s=8192... done (0.0s) test=100%
  [832/900] loopy_60__EgoWallFollower 17x17 s=9216... done (0.0s) test=100%
  [833/900] loopy_60__EgoWallFollower 17x17 s=10240... done (0.0s) test=100%
  [834/900] loopy_60__EgoWallFollower 17x17 s=11264... done (0.0s) test=100%
  [835/900] loopy_60__EgoWallFollower 17x17 s=12288... done (0.0s) test=100%
  [836/900] loopy_60__EgoWallFollower 17x17 s=13312... done (0.0s) test=100%
  [837/900] loopy_60__EgoWallFollower 17x17 s=14336... done (0.0s) test=100%
  [838/900] loopy_60__EgoWallFollower 17x17 s=15360... done (0.0s) test=100%
  [839/900] loopy_60__EgoWallFollower 17x17 s=16384... done (0.0s) test=100%
  [840/900] loopy_60__DFSAgent 9x9 s=42... done (0.0s) test=0%
  [841/900] loopy_60__DFSAgent 9x9 s=123... done (0.0s) test=0%
  [842/900] loopy_60__DFSAgent 9x9 s=456... done (0.0s) test=0%
  [843/900] loopy_60__DFSAgent 9x9 s=789... done (0.0s) test=0%
  [844/900] loopy_60__DFSAgent 9x9 s=1024... done (0.0s) test=0%
  [845/900] loopy_60__DFSAgent 9x9 s=2048... done (0.0s) test=0%
  [846/900] loopy_60__DFSAgent 9x9 s=3072... done (0.0s) test=0%
  [847/900] loopy_60__DFSAgent 9x9 s=4096... done (0.0s) test=0%
  [848/900] loopy_60__DFSAgent 9x9 s=5120... done (0.0s) test=0%
  [849/900] loopy_60__DFSAgent 9x9 s=6144... done (0.0s) test=0%
  [850/900] loopy_60__DFSAgent 9x9 s=7168... done (0.0s) test=0%
  [851/900] loopy_60__DFSAgent 9x9 s=8192... done (0.0s) test=0%
  [852/900] loopy_60__DFSAgent 9x9 s=9216... done (0.0s) test=0%
  [853/900] loopy_60__DFSAgent 9x9 s=10240... done (0.0s) test=0%
  [854/900] loopy_60__DFSAgent 9x9 s=11264... done (0.0s) test=0%
  [855/900] loopy_60__DFSAgent 9x9 s=12288... done (0.0s) test=0%
  [856/900] loopy_60__DFSAgent 9x9 s=13312... done (0.0s) test=0%
  [857/900] loopy_60__DFSAgent 9x9 s=14336... done (0.0s) test=0%
  [858/900] loopy_60__DFSAgent 9x9 s=15360... done (0.0s) test=0%
  [859/900] loopy_60__DFSAgent 9x9 s=16384... done (0.0s) test=0%
  [860/900] loopy_60__DFSAgent 13x13 s=42... done (0.1s) test=0%
  [861/900] loopy_60__DFSAgent 13x13 s=123... done (0.1s) test=0%
  [862/900] loopy_60__DFSAgent 13x13 s=456... done (0.1s) test=0%
  [863/900] loopy_60__DFSAgent 13x13 s=789... done (0.1s) test=0%
  [864/900] loopy_60__DFSAgent 13x13 s=1024... done (0.1s) test=0%
  [865/900] loopy_60__DFSAgent 13x13 s=2048... done (0.1s) test=0%
  [866/900] loopy_60__DFSAgent 13x13 s=3072... done (0.1s) test=0%
  [867/900] loopy_60__DFSAgent 13x13 s=4096... done (0.0s) test=0%
  [868/900] loopy_60__DFSAgent 13x13 s=5120... done (0.1s) test=0%
  [869/900] loopy_60__DFSAgent 13x13 s=6144... done (0.1s) test=0%
  [870/900] loopy_60__DFSAgent 13x13 s=7168... done (0.1s) test=0%
  [871/900] loopy_60__DFSAgent 13x13 s=8192... done (0.1s) test=0%
  [872/900] loopy_60__DFSAgent 13x13 s=9216... done (0.1s) test=0%
  [873/900] loopy_60__DFSAgent 13x13 s=10240... done (0.1s) test=0%
  [874/900] loopy_60__DFSAgent 13x13 s=11264... done (0.1s) test=0%
  [875/900] loopy_60__DFSAgent 13x13 s=12288... done (0.0s) test=0%
  [876/900] loopy_60__DFSAgent 13x13 s=13312... done (0.1s) test=0%
  [877/900] loopy_60__DFSAgent 13x13 s=14336... done (0.1s) test=0%
  [878/900] loopy_60__DFSAgent 13x13 s=15360... done (0.0s) test=0%
  [879/900] loopy_60__DFSAgent 13x13 s=16384... done (0.1s) test=0%
  [880/900] loopy_60__DFSAgent 17x17 s=42... done (0.1s) test=0%
  [881/900] loopy_60__DFSAgent 17x17 s=123... done (0.1s) test=0%
  [882/900] loopy_60__DFSAgent 17x17 s=456... done (0.1s) test=0%
  [883/900] loopy_60__DFSAgent 17x17 s=789... done (0.1s) test=0%
  [884/900] loopy_60__DFSAgent 17x17 s=1024... done (0.1s) test=0%
  [885/900] loopy_60__DFSAgent 17x17 s=2048... done (0.1s) test=0%
  [886/900] loopy_60__DFSAgent 17x17 s=3072... done (0.1s) test=0%
  [887/900] loopy_60__DFSAgent 17x17 s=4096... done (0.1s) test=0%
  [888/900] loopy_60__DFSAgent 17x17 s=5120... done (0.1s) test=0%
  [889/900] loopy_60__DFSAgent 17x17 s=6144... done (0.1s) test=0%
  [890/900] loopy_60__DFSAgent 17x17 s=7168... done (0.1s) test=0%
  [891/900] loopy_60__DFSAgent 17x17 s=8192... done (0.1s) test=0%
  [892/900] loopy_60__DFSAgent 17x17 s=9216... done (0.1s) test=0%
  [893/900] loopy_60__DFSAgent 17x17 s=10240... done (0.1s) test=0%
  [894/900] loopy_60__DFSAgent 17x17 s=11264... done (0.1s) test=0%
  [895/900] loopy_60__DFSAgent 17x17 s=12288... done (0.1s) test=0%
  [896/900] loopy_60__DFSAgent 17x17 s=13312... done (0.1s) test=0%
  [897/900] loopy_60__DFSAgent 17x17 s=14336... done (0.1s) test=0%
  [898/900] loopy_60__DFSAgent 17x17 s=15360... done (0.1s) test=0%
  [899/900] loopy_60__DFSAgent 17x17 s=16384... done (0.1s) test=0%

Loopy maze audit complete in C:\Users\tejas\engram\raw_results\exp_loopy_mazes
