Device: cuda

Phase 3A: V2 clean tabular re-run — 240 runs, 0 done
Agents: ['FeatureQ_v2', 'TabularQ_v2']
Sizes: [9, 11, 13, 17, 21, 25], Seeds: 20
Code hash: fe0b8142940e55de

  [0/240] FeatureQ_v2 9x9 s=42... done (0.8s) test=40%
  [1/240] FeatureQ_v2 9x9 s=123... done (1.0s) test=38%
  [2/240] FeatureQ_v2 9x9 s=456... done (0.8s) test=42%
  [3/240] FeatureQ_v2 9x9 s=789... done (0.8s) test=38%
  [4/240] FeatureQ_v2 9x9 s=1024... done (0.8s) test=28%
  [5/240] FeatureQ_v2 9x9 s=2048... done (0.8s) test=36%
  [6/240] FeatureQ_v2 9x9 s=3072... done (0.8s) test=18%
  [7/240] FeatureQ_v2 9x9 s=4096... done (0.8s) test=34%
  [8/240] FeatureQ_v2 9x9 s=5120... done (0.8s) test=24%
  [9/240] FeatureQ_v2 9x9 s=6144... done (1.0s) test=38%
  [10/240] FeatureQ_v2 9x9 s=7168... done (0.7s) test=42%
  [11/240] FeatureQ_v2 9x9 s=8192... done (0.8s) test=38%
  [12/240] FeatureQ_v2 9x9 s=9216... done (0.8s) test=28%
  [13/240] FeatureQ_v2 9x9 s=10240... done (0.9s) test=32%
  [14/240] FeatureQ_v2 9x9 s=11264... done (0.8s) test=46%
  [15/240] FeatureQ_v2 9x9 s=12288... done (0.8s) test=36%
  [16/240] FeatureQ_v2 9x9 s=13312... done (0.8s) test=42%
  [17/240] FeatureQ_v2 9x9 s=14336... done (0.7s) test=38%
  [18/240] FeatureQ_v2 9x9 s=15360... done (0.9s) test=36%
  [19/240] FeatureQ_v2 9x9 s=16384... done (0.8s) test=32%
  [20/240] FeatureQ_v2 11x11 s=42... done (1.3s) test=36%
  [21/240] FeatureQ_v2 11x11 s=123... done (1.4s) test=22%
  [22/240] FeatureQ_v2 11x11 s=456... done (1.2s) test=30%
  [23/240] FeatureQ_v2 11x11 s=789... done (1.2s) test=26%
  [24/240] FeatureQ_v2 11x11 s=1024... done (1.2s) test=18%
  [25/240] FeatureQ_v2 11x11 s=2048... done (1.2s) test=24%
  [26/240] FeatureQ_v2 11x11 s=3072... done (1.3s) test=18%
  [27/240] FeatureQ_v2 11x11 s=4096... done (1.3s) test=16%
  [28/240] FeatureQ_v2 11x11 s=5120... done (1.6s) test=10%
  [29/240] FeatureQ_v2 11x11 s=6144... done (1.3s) test=20%
  [30/240] FeatureQ_v2 11x11 s=7168... done (1.3s) test=44%
  [31/240] FeatureQ_v2 11x11 s=8192... done (1.3s) test=20%
  [32/240] FeatureQ_v2 11x11 s=9216... done (1.3s) test=26%
  [33/240] FeatureQ_v2 11x11 s=10240... done (1.4s) test=10%
  [34/240] FeatureQ_v2 11x11 s=11264... done (1.4s) test=16%
  [35/240] FeatureQ_v2 11x11 s=12288... done (1.3s) test=20%
  [36/240] FeatureQ_v2 11x11 s=13312... done (1.6s) test=30%
  [37/240] FeatureQ_v2 11x11 s=14336... done (1.5s) test=22%
  [38/240] FeatureQ_v2 11x11 s=15360... done (1.3s) test=18%
  [39/240] FeatureQ_v2 11x11 s=16384... done (1.2s) test=22%
  [40/240] FeatureQ_v2 13x13 s=42... done (1.8s) test=10%
  [41/240] FeatureQ_v2 13x13 s=123... done (2.0s) test=8%
  [42/240] FeatureQ_v2 13x13 s=456... done (1.9s) test=20%
  [43/240] FeatureQ_v2 13x13 s=789... done (2.0s) test=10%
  [44/240] FeatureQ_v2 13x13 s=1024... done (2.0s) test=6%
  [45/240] FeatureQ_v2 13x13 s=2048... done (1.8s) test=14%
  [46/240] FeatureQ_v2 13x13 s=3072... done (1.9s) test=12%
  [47/240] FeatureQ_v2 13x13 s=4096... done (1.8s) test=10%
  [48/240] FeatureQ_v2 13x13 s=5120... done (2.0s) test=16%
  [49/240] FeatureQ_v2 13x13 s=6144... done (2.2s) test=6%
  [50/240] FeatureQ_v2 13x13 s=7168... done (2.0s) test=12%
  [51/240] FeatureQ_v2 13x13 s=8192... done (1.9s) test=18%
  [52/240] FeatureQ_v2 13x13 s=9216... done (1.9s) test=8%
  [53/240] FeatureQ_v2 13x13 s=10240... done (1.9s) test=14%
  [54/240] FeatureQ_v2 13x13 s=11264... done (2.0s) test=14%
  [55/240] FeatureQ_v2 13x13 s=12288... done (2.1s) test=10%
  [56/240] FeatureQ_v2 13x13 s=13312... done (1.9s) test=18%
  [57/240] FeatureQ_v2 13x13 s=14336... done (1.9s) test=14%
  [58/240] FeatureQ_v2 13x13 s=15360... done (1.8s) test=10%
  [59/240] FeatureQ_v2 13x13 s=16384... done (2.0s) test=12%
  [60/240] FeatureQ_v2 17x17 s=42... done (3.8s) test=0%
  [61/240] FeatureQ_v2 17x17 s=123... done (3.4s) test=6%
  [62/240] FeatureQ_v2 17x17 s=456... done (3.8s) test=0%
  [63/240] FeatureQ_v2 17x17 s=789... done (3.7s) test=0%
  [64/240] FeatureQ_v2 17x17 s=1024... done (3.7s) test=0%
  [65/240] FeatureQ_v2 17x17 s=2048... done (3.5s) test=0%
  [66/240] FeatureQ_v2 17x17 s=3072... done (4.0s) test=0%
  [67/240] FeatureQ_v2 17x17 s=4096... done (4.0s) test=2%
  [68/240] FeatureQ_v2 17x17 s=5120... done (3.4s) test=0%
  [69/240] FeatureQ_v2 17x17 s=6144... done (3.6s) test=0%
  [70/240] FeatureQ_v2 17x17 s=7168... done (3.5s) test=4%
  [71/240] FeatureQ_v2 17x17 s=8192... done (3.6s) test=2%
  [72/240] FeatureQ_v2 17x17 s=9216... done (3.4s) test=0%
  [73/240] FeatureQ_v2 17x17 s=10240... done (4.0s) test=0%
  [74/240] FeatureQ_v2 17x17 s=11264... done (4.1s) test=2%
  [75/240] FeatureQ_v2 17x17 s=12288... done (4.0s) test=2%
  [76/240] FeatureQ_v2 17x17 s=13312... done (4.1s) test=2%
  [77/240] FeatureQ_v2 17x17 s=14336... done (4.1s) test=0%
  [78/240] FeatureQ_v2 17x17 s=15360... done (4.0s) test=0%
  [79/240] FeatureQ_v2 17x17 s=16384... done (4.2s) test=0%
  [80/240] FeatureQ_v2 21x21 s=42... done (6.0s) test=2%
  [81/240] FeatureQ_v2 21x21 s=123... done (5.8s) test=0%
  [82/240] FeatureQ_v2 21x21 s=456... done (5.5s) test=0%
  [83/240] FeatureQ_v2 21x21 s=789... done (6.3s) test=0%
  [84/240] FeatureQ_v2 21x21 s=1024... done (5.7s) test=0%
  [85/240] FeatureQ_v2 21x21 s=2048... done (6.0s) test=0%
  [86/240] FeatureQ_v2 21x21 s=3072... done (5.7s) test=0%
  [87/240] FeatureQ_v2 21x21 s=4096... done (5.9s) test=0%
  [88/240] FeatureQ_v2 21x21 s=5120... done (6.3s) test=0%
  [89/240] FeatureQ_v2 21x21 s=6144... done (6.8s) test=0%
  [90/240] FeatureQ_v2 21x21 s=7168... done (6.8s) test=0%
  [91/240] FeatureQ_v2 21x21 s=8192... done (6.5s) test=0%
  [92/240] FeatureQ_v2 21x21 s=9216... done (7.1s) test=2%
  [93/240] FeatureQ_v2 21x21 s=10240... done (6.6s) test=0%
  [94/240] FeatureQ_v2 21x21 s=11264... done (5.6s) test=0%
  [95/240] FeatureQ_v2 21x21 s=12288... done (5.5s) test=0%
  [96/240] FeatureQ_v2 21x21 s=13312... done (5.6s) test=2%
  [97/240] FeatureQ_v2 21x21 s=14336... done (5.9s) test=0%
  [98/240] FeatureQ_v2 21x21 s=15360... done (6.0s) test=0%
  [99/240] FeatureQ_v2 21x21 s=16384... done (5.8s) test=0%
  [100/240] FeatureQ_v2 25x25 s=42... done (8.7s) test=0%
  [101/240] FeatureQ_v2 25x25 s=123... done (8.6s) test=0%
  [102/240] FeatureQ_v2 25x25 s=456... done (8.3s) test=0%
  [103/240] FeatureQ_v2 25x25 s=789... done (8.5s) test=0%
  [104/240] FeatureQ_v2 25x25 s=1024... done (8.1s) test=0%
  [105/240] FeatureQ_v2 25x25 s=2048... done (8.5s) test=0%
  [106/240] FeatureQ_v2 25x25 s=3072... done (8.4s) test=0%
  [107/240] FeatureQ_v2 25x25 s=4096... done (8.0s) test=0%
  [108/240] FeatureQ_v2 25x25 s=5120... done (8.6s) test=0%
  [109/240] FeatureQ_v2 25x25 s=6144... done (8.1s) test=0%
  [110/240] FeatureQ_v2 25x25 s=7168... done (8.1s) test=0%
  [111/240] FeatureQ_v2 25x25 s=8192... done (8.2s) test=0%
  [112/240] FeatureQ_v2 25x25 s=9216... done (8.8s) test=0%
  [113/240] FeatureQ_v2 25x25 s=10240... done (9.4s) test=0%
  [114/240] FeatureQ_v2 25x25 s=11264... done (8.8s) test=0%
  [115/240] FeatureQ_v2 25x25 s=12288... done (8.3s) test=0%
  [116/240] FeatureQ_v2 25x25 s=13312... done (8.8s) test=0%
  [117/240] FeatureQ_v2 25x25 s=14336... done (8.4s) test=0%
  [118/240] FeatureQ_v2 25x25 s=15360... done (8.7s) test=0%
  [119/240] FeatureQ_v2 25x25 s=16384... done (9.1s) test=0%
  [120/240] TabularQ_v2 9x9 s=42... done (0.4s) test=22%
  [121/240] TabularQ_v2 9x9 s=123... done (0.5s) test=32%
  [122/240] TabularQ_v2 9x9 s=456... done (0.5s) test=28%
  [123/240] TabularQ_v2 9x9 s=789... done (0.4s) test=30%
  [124/240] TabularQ_v2 9x9 s=1024... done (0.4s) test=22%
  [125/240] TabularQ_v2 9x9 s=2048... done (0.4s) test=18%
  [126/240] TabularQ_v2 9x9 s=3072... done (0.4s) test=40%
  [127/240] TabularQ_v2 9x9 s=4096... done (0.4s) test=28%
  [128/240] TabularQ_v2 9x9 s=5120... done (0.4s) test=42%
  [129/240] TabularQ_v2 9x9 s=6144... done (0.4s) test=20%
  [130/240] TabularQ_v2 9x9 s=7168... done (0.4s) test=48%
  [131/240] TabularQ_v2 9x9 s=8192... done (0.5s) test=26%
  [132/240] TabularQ_v2 9x9 s=9216... done (1.1s) test=22%
  [133/240] TabularQ_v2 9x9 s=10240... done (1.0s) test=42%
  [134/240] TabularQ_v2 9x9 s=11264... done (1.2s) test=30%
  [135/240] TabularQ_v2 9x9 s=12288... done (1.0s) test=24%
  [136/240] TabularQ_v2 9x9 s=13312... done (0.9s) test=34%
  [137/240] TabularQ_v2 9x9 s=14336... done (1.0s) test=20%
  [138/240] TabularQ_v2 9x9 s=15360... done (0.9s) test=24%
  [139/240] TabularQ_v2 9x9 s=16384... done (1.0s) test=44%
  [140/240] TabularQ_v2 11x11 s=42... done (1.4s) test=28%
  [141/240] TabularQ_v2 11x11 s=123... done (1.6s) test=4%
  [142/240] TabularQ_v2 11x11 s=456... done (1.5s) test=14%
  [143/240] TabularQ_v2 11x11 s=789... done (1.7s) test=24%
  [144/240] TabularQ_v2 11x11 s=1024... done (1.6s) test=12%
  [145/240] TabularQ_v2 11x11 s=2048... done (1.7s) test=22%
  [146/240] TabularQ_v2 11x11 s=3072... done (1.5s) test=32%
  [147/240] TabularQ_v2 11x11 s=4096... done (1.7s) test=24%
  [148/240] TabularQ_v2 11x11 s=5120... done (1.4s) test=18%
  [149/240] TabularQ_v2 11x11 s=6144... done (1.5s) test=26%
  [150/240] TabularQ_v2 11x11 s=7168... done (1.8s) test=6%
  [151/240] TabularQ_v2 11x11 s=8192... done (1.6s) test=16%
  [152/240] TabularQ_v2 11x11 s=9216... done (1.6s) test=22%
  [153/240] TabularQ_v2 11x11 s=10240... done (1.6s) test=10%
  [154/240] TabularQ_v2 11x11 s=11264... done (1.6s) test=4%
  [155/240] TabularQ_v2 11x11 s=12288... done (1.5s) test=4%
  [156/240] TabularQ_v2 11x11 s=13312... done (1.3s) test=24%
  [157/240] TabularQ_v2 11x11 s=14336... done (1.4s) test=10%
  [158/240] TabularQ_v2 11x11 s=15360... done (1.4s) test=12%
  [159/240] TabularQ_v2 11x11 s=16384... done (1.4s) test=12%
  [160/240] TabularQ_v2 13x13 s=42... done (2.0s) test=16%
  [161/240] TabularQ_v2 13x13 s=123... done (2.2s) test=4%
  [162/240] TabularQ_v2 13x13 s=456... done (2.2s) test=10%
  [163/240] TabularQ_v2 13x13 s=789... done (2.7s) test=0%
  [164/240] TabularQ_v2 13x13 s=1024... done (2.0s) test=4%
  [165/240] TabularQ_v2 13x13 s=2048... done (2.0s) test=12%
  [166/240] TabularQ_v2 13x13 s=3072... done (2.0s) test=16%
  [167/240] TabularQ_v2 13x13 s=4096... done (2.1s) test=6%
  [168/240] TabularQ_v2 13x13 s=5120... done (1.9s) test=0%
  [169/240] TabularQ_v2 13x13 s=6144... done (2.1s) test=4%
  [170/240] TabularQ_v2 13x13 s=7168... done (2.3s) test=18%
  [171/240] TabularQ_v2 13x13 s=8192... done (2.6s) test=8%
  [172/240] TabularQ_v2 13x13 s=9216... done (3.0s) test=10%
  [173/240] TabularQ_v2 13x13 s=10240... done (3.5s) test=2%
  [174/240] TabularQ_v2 13x13 s=11264... done (3.7s) test=6%
  [175/240] TabularQ_v2 13x13 s=12288... done (3.3s) test=6%
  [176/240] TabularQ_v2 13x13 s=13312... done (2.7s) test=14%
  [177/240] TabularQ_v2 13x13 s=14336... done (2.8s) test=14%
  [178/240] TabularQ_v2 13x13 s=15360... done (2.9s) test=10%
  [179/240] TabularQ_v2 13x13 s=16384... done (3.2s) test=20%
  [180/240] TabularQ_v2 17x17 s=42... done (6.0s) test=2%
  [181/240] TabularQ_v2 17x17 s=123... done (5.3s) test=2%
  [182/240] TabularQ_v2 17x17 s=456... done (5.2s) test=0%
  [183/240] TabularQ_v2 17x17 s=789... done (6.0s) test=2%
  [184/240] TabularQ_v2 17x17 s=1024... done (5.8s) test=0%
  [185/240] TabularQ_v2 17x17 s=2048... done (5.6s) test=0%
  [186/240] TabularQ_v2 17x17 s=3072... done (5.2s) test=2%
  [187/240] TabularQ_v2 17x17 s=4096... done (5.9s) test=0%
  [188/240] TabularQ_v2 17x17 s=5120... done (3.9s) test=0%
  [189/240] TabularQ_v2 17x17 s=6144... done (3.6s) test=0%
  [190/240] TabularQ_v2 17x17 s=7168... done (4.0s) test=4%
  [191/240] TabularQ_v2 17x17 s=8192... done (4.0s) test=4%
  [192/240] TabularQ_v2 17x17 s=9216... done (4.9s) test=0%
  [193/240] TabularQ_v2 17x17 s=10240... done (5.5s) test=0%
  [194/240] TabularQ_v2 17x17 s=11264... done (5.6s) test=2%
  [195/240] TabularQ_v2 17x17 s=12288... done (5.5s) test=0%
  [196/240] TabularQ_v2 17x17 s=13312... done (5.4s) test=4%
  [197/240] TabularQ_v2 17x17 s=14336... done (4.6s) test=0%
  [198/240] TabularQ_v2 17x17 s=15360... done (5.2s) test=0%
  [199/240] TabularQ_v2 17x17 s=16384... done (5.3s) test=0%
  [200/240] TabularQ_v2 21x21 s=42... done (8.0s) test=0%
  [201/240] TabularQ_v2 21x21 s=123... done (8.1s) test=0%
  [202/240] TabularQ_v2 21x21 s=456... done (7.0s) test=0%
  [203/240] TabularQ_v2 21x21 s=789... done (5.9s) test=0%
  [204/240] TabularQ_v2 21x21 s=1024... done (6.1s) test=0%
  [205/240] TabularQ_v2 21x21 s=2048... done (5.0s) test=0%
  [206/240] TabularQ_v2 21x21 s=3072... done (4.2s) test=0%
  [207/240] TabularQ_v2 21x21 s=4096... done (3.8s) test=0%
  [208/240] TabularQ_v2 21x21 s=5120... done (3.8s) test=2%
  [209/240] TabularQ_v2 21x21 s=6144... done (3.8s) test=0%
  [210/240] TabularQ_v2 21x21 s=7168... done (4.0s) test=0%
  [211/240] TabularQ_v2 21x21 s=8192... done (3.5s) test=0%
  [212/240] TabularQ_v2 21x21 s=9216... done (3.7s) test=0%
  [213/240] TabularQ_v2 21x21 s=10240... done (3.4s) test=0%
  [214/240] TabularQ_v2 21x21 s=11264... done (3.6s) test=0%
  [215/240] TabularQ_v2 21x21 s=12288... done (5.3s) test=0%
  [216/240] TabularQ_v2 21x21 s=13312... done (6.3s) test=0%
  [217/240] TabularQ_v2 21x21 s=14336... done (10.8s) test=0%
  [218/240] TabularQ_v2 21x21 s=15360... done (9.9s) test=0%
  [219/240] TabularQ_v2 21x21 s=16384... done (4.2s) test=2%
  [220/240] TabularQ_v2 25x25 s=42... done (8.8s) test=0%
  [221/240] TabularQ_v2 25x25 s=123... done (15.5s) test=0%
  [222/240] TabularQ_v2 25x25 s=456... done (15.2s) test=0%
  [223/240] TabularQ_v2 25x25 s=789... done (12.4s) test=0%
  [224/240] TabularQ_v2 25x25 s=1024... done (8.6s) test=0%
  [225/240] TabularQ_v2 25x25 s=2048... done (12.3s) test=0%
  [226/240] TabularQ_v2 25x25 s=3072... done (12.6s) test=0%
  [227/240] TabularQ_v2 25x25 s=4096... done (12.1s) test=0%
  [228/240] TabularQ_v2 25x25 s=5120... done (12.4s) test=0%
  [229/240] TabularQ_v2 25x25 s=6144... done (5.1s) test=0%
  [230/240] TabularQ_v2 25x25 s=7168... done (5.3s) test=0%
  [231/240] TabularQ_v2 25x25 s=8192... done (5.9s) test=0%
  [232/240] TabularQ_v2 25x25 s=9216... done (6.0s) test=0%
  [233/240] TabularQ_v2 25x25 s=10240... done (11.2s) test=0%
  [234/240] TabularQ_v2 25x25 s=11264... done (21.8s) test=0%
  [235/240] TabularQ_v2 25x25 s=12288... done (16.1s) test=0%
  [236/240] TabularQ_v2 25x25 s=13312... done (26.7s) test=0%
  [237/240] TabularQ_v2 25x25 s=14336... done (27.5s) test=0%
  [238/240] TabularQ_v2 25x25 s=15360... done (27.9s) test=0%
  [239/240] TabularQ_v2 25x25 s=16384... done (27.1s) test=0%

Phase 3A complete. 240 runs in C:\Users\tejas\engram\raw_results\exp_v2_tabular
