Device: cuda

Phase 3B: Capacity sensitivity Ś 160 runs, 29 done
Capacities: [32, 64, 128, 256]
Sizes: [9, 13], Seeds: 20
Code hash: fe0b8142940e55de

  [29/160] MLP_DQN_h32 13x13 s=6144... done (123.5s) test=2%
  [30/160] MLP_DQN_h32 13x13 s=7168... done (139.8s) test=0%
  [31/160] MLP_DQN_h32 13x13 s=8192... done (206.3s) test=8%
  [32/160] MLP_DQN_h32 13x13 s=9216... done (197.1s) test=2%
  [33/160] MLP_DQN_h32 13x13 s=10240... done (177.2s) test=2%
  [34/160] MLP_DQN_h32 13x13 s=11264... done (169.1s) test=4%
  [35/160] MLP_DQN_h32 13x13 s=12288... done (173.6s) test=4%
  [36/160] MLP_DQN_h32 13x13 s=13312... done (193.7s) test=2%
  [37/160] MLP_DQN_h32 13x13 s=14336... done (164.6s) test=4%
  [38/160] MLP_DQN_h32 13x13 s=15360... done (157.2s) test=2%
  [39/160] MLP_DQN_h32 13x13 s=16384... done (2179.6s) test=4%
  [40/160] MLP_DQN_h64 9x9 s=42... done (115.6s) test=22%
  [41/160] MLP_DQN_h64 9x9 s=123... done (112.4s) test=18%
  [42/160] MLP_DQN_h64 9x9 s=456... done (101.3s) test=32%
  [43/160] MLP_DQN_h64 9x9 s=789... done (119.1s) test=14%
  [44/160] MLP_DQN_h64 9x9 s=1024... done (115.9s) test=16%
  [45/160] MLP_DQN_h64 9x9 s=2048... done (104.5s) test=20%
  [46/160] MLP_DQN_h64 9x9 s=3072... done (140.4s) test=20%
  [47/160] MLP_DQN_h64 9x9 s=4096... done (128.6s) test=26%
  [48/160] MLP_DQN_h64 9x9 s=5120... done (134.6s) test=12%
  [49/160] MLP_DQN_h64 9x9 s=6144... done (116.4s) test=16%
  [50/160] MLP_DQN_h64 9x9 s=7168... done (118.2s) test=18%
  [51/160] MLP_DQN_h64 9x9 s=8192... done (120.6s) test=24%
  [52/160] MLP_DQN_h64 9x9 s=9216... done (136.8s) test=22%
  [53/160] MLP_DQN_h64 9x9 s=10240... done (121.5s) test=16%
  [54/160] MLP_DQN_h64 9x9 s=11264... done (139.6s) test=16%
  [55/160] MLP_DQN_h64 9x9 s=12288... done (113.2s) test=14%
  [56/160] MLP_DQN_h64 9x9 s=13312... done (115.9s) test=14%
  [57/160] MLP_DQN_h64 9x9 s=14336... done (109.5s) test=24%
  [58/160] MLP_DQN_h64 9x9 s=15360... done (122.7s) test=36%
  [59/160] MLP_DQN_h64 9x9 s=16384... done (161.7s) test=6%
  [60/160] MLP_DQN_h64 13x13 s=42... done (490.3s) test=0%
  [61/160] MLP_DQN_h64 13x13 s=123... done (3062.2s) test=0%
  [62/160] MLP_DQN_h64 13x13 s=456... done (204.3s) test=4%
  [63/160] MLP_DQN_h64 13x13 s=789... done (186.4s) test=0%
  [64/160] MLP_DQN_h64 13x13 s=1024... done (212.8s) test=4%
  [65/160] MLP_DQN_h64 13x13 s=2048... done (172.6s) test=10%
  [66/160] MLP_DQN_h64 13x13 s=3072... done (188.0s) test=4%
  [67/160] MLP_DQN_h64 13x13 s=4096... done (194.3s) test=4%
  [68/160] MLP_DQN_h64 13x13 s=5120... done (183.2s) test=18%
  [69/160] MLP_DQN_h64 13x13 s=6144... done (179.1s) test=2%
  [70/160] MLP_DQN_h64 13x13 s=7168... done (185.4s) test=6%
  [71/160] MLP_DQN_h64 13x13 s=8192... done (187.1s) test=0%
  [72/160] MLP_DQN_h64 13x13 s=9216... done (188.6s) test=2%
  [73/160] MLP_DQN_h64 13x13 s=10240... done (206.4s) test=4%
  [74/160] MLP_DQN_h64 13x13 s=11264... done (217.5s) test=0%
  [75/160] MLP_DQN_h64 13x13 s=12288... done (210.2s) test=4%
  [76/160] MLP_DQN_h64 13x13 s=13312... done (190.5s) test=0%
  [77/160] MLP_DQN_h64 13x13 s=14336... done (246.5s) test=4%
  [78/160] MLP_DQN_h64 13x13 s=15360... done (261.2s) test=2%
  [79/160] MLP_DQN_h64 13x13 s=16384... done (258.3s) test=8%
  [80/160] MLP_DQN_h128 9x9 s=42... done (79.3s) test=4%
  [81/160] MLP_DQN_h128 9x9 s=123... done (79.4s) test=34%
  [82/160] MLP_DQN_h128 9x9 s=456... done (65.8s) test=22%
  [83/160] MLP_DQN_h128 9x9 s=789... done (73.1s) test=8%
  [84/160] MLP_DQN_h128 9x9 s=1024... done (76.7s) test=18%
  [85/160] MLP_DQN_h128 9x9 s=2048... done (71.7s) test=18%
  [86/160] MLP_DQN_h128 9x9 s=3072... done (69.9s) test=2%
  [87/160] MLP_DQN_h128 9x9 s=4096... done (80.9s) test=26%
  [88/160] MLP_DQN_h128 9x9 s=5120... done (113.2s) test=10%
  [89/160] MLP_DQN_h128 9x9 s=6144... done (84.8s) test=20%
  [90/160] MLP_DQN_h128 9x9 s=7168... done (61.5s) test=18%
  [91/160] MLP_DQN_h128 9x9 s=8192... done (83.2s) test=16%
  [92/160] MLP_DQN_h128 9x9 s=9216... done (88.9s) test=10%
  [93/160] MLP_DQN_h128 9x9 s=10240... done (107.5s) test=28%
  [94/160] MLP_DQN_h128 9x9 s=11264... done (89.9s) test=12%
  [95/160] MLP_DQN_h128 9x9 s=12288... done (94.6s) test=6%
  [96/160] MLP_DQN_h128 9x9 s=13312... done (87.8s) test=8%
  [97/160] MLP_DQN_h128 9x9 s=14336... done (79.3s) test=26%
  [98/160] MLP_DQN_h128 9x9 s=15360... done (80.2s) test=10%
  [99/160] MLP_DQN_h128 9x9 s=16384... done (78.6s) test=18%
  [100/160] MLP_DQN_h128 13x13 s=42... done (226.8s) test=0%
  [101/160] MLP_DQN_h128 13x13 s=123... done (228.4s) test=2%
  [102/160] MLP_DQN_h128 13x13 s=456... done (218.0s) test=2%
  [103/160] MLP_DQN_h128 13x13 s=789... done (231.9s) test=2%
  [104/160] MLP_DQN_h128 13x13 s=1024... done (242.7s) test=2%
  [105/160] MLP_DQN_h128 13x13 s=2048... done (236.0s) test=8%
  [106/160] MLP_DQN_h128 13x13 s=3072... done (258.8s) test=6%
  [107/160] MLP_DQN_h128 13x13 s=4096... done (280.5s) test=0%
  [108/160] MLP_DQN_h128 13x13 s=5120... done (241.0s) test=6%
  [109/160] MLP_DQN_h128 13x13 s=6144... done (255.7s) test=2%
  [110/160] MLP_DQN_h128 13x13 s=7168... done (239.5s) test=12%
  [111/160] MLP_DQN_h128 13x13 s=8192... done (240.2s) test=6%
  [112/160] MLP_DQN_h128 13x13 s=9216... done (193.3s) test=6%
  [113/160] MLP_DQN_h128 13x13 s=10240... done (225.2s) test=0%
  [114/160] MLP_DQN_h128 13x13 s=11264... done (220.2s) test=10%
  [115/160] MLP_DQN_h128 13x13 s=12288... done (215.3s) test=0%
  [116/160] MLP_DQN_h128 13x13 s=13312... done (201.0s) test=4%
  [117/160] MLP_DQN_h128 13x13 s=14336... done (208.2s) test=4%
  [118/160] MLP_DQN_h128 13x13 s=15360... done (179.0s) test=8%
  [119/160] MLP_DQN_h128 13x13 s=16384... done (216.4s) test=0%
  [120/160] MLP_DQN_h256 9x9 s=42... done (76.6s) test=0%
  [121/160] MLP_DQN_h256 9x9 s=123... done (82.5s) test=6%
  [122/160] MLP_DQN_h256 9x9 s=456... done (64.6s) test=0%
  [123/160] MLP_DQN_h256 9x9 s=789... done (86.8s) test=2%
  [124/160] MLP_DQN_h256 9x9 s=1024... done (80.1s) test=20%
  [125/160] MLP_DQN_h256 9x9 s=2048... done (83.8s) test=4%
  [126/160] MLP_DQN_h256 9x9 s=3072... done (91.2s) test=6%
  [127/160] MLP_DQN_h256 9x9 s=4096... done (106.1s) test=28%
  [128/160] MLP_DQN_h256 9x9 s=5120... done (121.4s) test=22%
  [129/160] MLP_DQN_h256 9x9 s=6144... done (113.8s) test=14%
  [130/160] MLP_DQN_h256 9x9 s=7168... done (92.7s) test=10%
  [131/160] MLP_DQN_h256 9x9 s=8192... done (116.4s) test=10%
  [132/160] MLP_DQN_h256 9x9 s=9216... done (117.9s) test=18%
  [133/160] MLP_DQN_h256 9x9 s=10240... done (114.9s) test=20%
  [134/160] MLP_DQN_h256 9x9 s=11264... done (104.7s) test=16%
  [135/160] MLP_DQN_h256 9x9 s=12288... done (101.5s) test=12%
  [136/160] MLP_DQN_h256 9x9 s=13312... done (107.7s) test=18%
  [137/160] MLP_DQN_h256 9x9 s=14336... done (98.5s) test=24%
  [138/160] MLP_DQN_h256 9x9 s=15360... done (85.4s) test=18%
  [139/160] MLP_DQN_h256 9x9 s=16384... done (66.3s) test=24%
  [140/160] MLP_DQN_h256 13x13 s=42... done (244.6s) test=0%
  [141/160] MLP_DQN_h256 13x13 s=123... done (310.9s) test=6%
  [142/160] MLP_DQN_h256 13x13 s=456... done (325.7s) test=4%
  [143/160] MLP_DQN_h256 13x13 s=789... done (295.6s) test=0%
  [144/160] MLP_DQN_h256 13x13 s=1024... done (324.9s) test=0%
  [145/160] MLP_DQN_h256 13x13 s=2048... done (328.7s) test=4%
  [146/160] MLP_DQN_h256 13x13 s=3072... done (288.9s) test=0%
  [147/160] MLP_DQN_h256 13x13 s=4096... done (258.6s) test=2%
  [148/160] MLP_DQN_h256 13x13 s=5120... done (269.5s) test=8%
  [149/160] MLP_DQN_h256 13x13 s=6144... done (303.2s) test=0%
  [150/160] MLP_DQN_h256 13x13 s=7168... done (323.9s) test=8%
  [151/160] MLP_DQN_h256 13x13 s=8192... done (310.9s) test=0%
  [152/160] MLP_DQN_h256 13x13 s=9216... done (324.4s) test=4%
  [153/160] MLP_DQN_h256 13x13 s=10240... done (312.0s) test=6%
  [154/160] MLP_DQN_h256 13x13 s=11264... done (271.9s) test=16%
  [155/160] MLP_DQN_h256 13x13 s=12288... done (173.1s) test=12%
  [156/160] MLP_DQN_h256 13x13 s=13312... done (167.9s) test=16%
  [157/160] MLP_DQN_h256 13x13 s=14336... done (156.6s) test=2%
  [158/160] MLP_DQN_h256 13x13 s=15360... done (220.0s) test=2%
  [159/160] MLP_DQN_h256 13x13 s=16384... done (235.8s) test=6%

Phase 3B complete. 160 runs in C:\Users\tejas\engram\raw_results\exp_capacity_study
