
Tier 4: Oracle + random variants — 600 runs, 0 done
Agents: ['BFSOracle', 'Random', 'NoBackRandom', 'LevyRandom_1.5', 'LevyRandom_2.0']
Code hash: fe0b8142940e55de

  [0/600] BFSOracle 9x9 s=42... done (2.4s) test=100%
  [1/600] Random 9x9 s=42... done (0.3s) test=26%
  [2/600] NoBackRandom 9x9 s=42... done (0.3s) test=46%
  [3/600] LevyRandom_1.5 9x9 s=42... done (0.3s) test=38%
  [4/600] LevyRandom_2.0 9x9 s=42... done (0.4s) test=52%
  [5/600] BFSOracle 9x9 s=123... done (0.0s) test=100%
  [6/600] Random 9x9 s=123... done (0.3s) test=32%
  [7/600] NoBackRandom 9x9 s=123... done (0.3s) test=62%
  [8/600] LevyRandom_1.5 9x9 s=123... done (0.3s) test=22%
  [9/600] LevyRandom_2.0 9x9 s=123... done (0.3s) test=36%
  [10/600] BFSOracle 9x9 s=456... done (0.0s) test=100%
  [11/600] Random 9x9 s=456... done (0.3s) test=34%
  [12/600] NoBackRandom 9x9 s=456... done (0.2s) test=56%
  [13/600] LevyRandom_1.5 9x9 s=456... done (0.3s) test=38%
  [14/600] LevyRandom_2.0 9x9 s=456... done (0.3s) test=52%
  [15/600] BFSOracle 9x9 s=789... done (0.0s) test=100%
  [16/600] Random 9x9 s=789... done (0.3s) test=34%
  [17/600] NoBackRandom 9x9 s=789... done (0.2s) test=52%
  [18/600] LevyRandom_1.5 9x9 s=789... done (0.3s) test=32%
  [19/600] LevyRandom_2.0 9x9 s=789... done (0.3s) test=34%
  [20/600] BFSOracle 9x9 s=1024... done (0.0s) test=100%
  [21/600] Random 9x9 s=1024... done (0.3s) test=24%
  [22/600] NoBackRandom 9x9 s=1024... done (0.3s) test=60%
  [23/600] LevyRandom_1.5 9x9 s=1024... done (0.3s) test=28%
  [24/600] LevyRandom_2.0 9x9 s=1024... done (0.3s) test=44%
  [25/600] BFSOracle 9x9 s=2048... done (0.0s) test=100%
  [26/600] Random 9x9 s=2048... done (0.3s) test=36%
  [27/600] NoBackRandom 9x9 s=2048... done (0.2s) test=62%
  [28/600] LevyRandom_1.5 9x9 s=2048... done (0.3s) test=46%
  [29/600] LevyRandom_2.0 9x9 s=2048... done (0.3s) test=42%
  [30/600] BFSOracle 9x9 s=3072... done (0.0s) test=100%
  [31/600] Random 9x9 s=3072... done (0.3s) test=40%
  [32/600] NoBackRandom 9x9 s=3072... done (0.3s) test=40%
  [33/600] LevyRandom_1.5 9x9 s=3072... done (0.3s) test=38%
  [34/600] LevyRandom_2.0 9x9 s=3072... done (0.3s) test=30%
  [35/600] BFSOracle 9x9 s=4096... done (0.0s) test=100%
  [36/600] Random 9x9 s=4096... done (0.3s) test=30%
  [37/600] NoBackRandom 9x9 s=4096... done (0.2s) test=48%
  [38/600] LevyRandom_1.5 9x9 s=4096... done (0.3s) test=34%
  [39/600] LevyRandom_2.0 9x9 s=4096... done (0.3s) test=38%
  [40/600] BFSOracle 9x9 s=5120... done (0.0s) test=100%
  [41/600] Random 9x9 s=5120... done (0.3s) test=26%
  [42/600] NoBackRandom 9x9 s=5120... done (0.3s) test=48%
  [43/600] LevyRandom_1.5 9x9 s=5120... done (0.3s) test=40%
  [44/600] LevyRandom_2.0 9x9 s=5120... done (0.3s) test=46%
  [45/600] BFSOracle 9x9 s=6144... done (0.0s) test=100%
  [46/600] Random 9x9 s=6144... done (0.3s) test=28%
  [47/600] NoBackRandom 9x9 s=6144... done (0.3s) test=50%
  [48/600] LevyRandom_1.5 9x9 s=6144... done (0.3s) test=22%
  [49/600] LevyRandom_2.0 9x9 s=6144... done (0.3s) test=32%
  [50/600] BFSOracle 9x9 s=7168... done (0.0s) test=100%
  [51/600] Random 9x9 s=7168... done (0.3s) test=44%
  [52/600] NoBackRandom 9x9 s=7168... done (0.2s) test=48%
  [53/600] LevyRandom_1.5 9x9 s=7168... done (0.3s) test=28%
  [54/600] LevyRandom_2.0 9x9 s=7168... done (0.3s) test=36%
  [55/600] BFSOracle 9x9 s=8192... done (0.0s) test=100%
  [56/600] Random 9x9 s=8192... done (0.3s) test=34%
  [57/600] NoBackRandom 9x9 s=8192... done (0.3s) test=44%
  [58/600] LevyRandom_1.5 9x9 s=8192... done (0.3s) test=36%
  [59/600] LevyRandom_2.0 9x9 s=8192... done (0.3s) test=44%
  [60/600] BFSOracle 9x9 s=9216... done (0.0s) test=100%
  [61/600] Random 9x9 s=9216... done (0.3s) test=28%
  [62/600] NoBackRandom 9x9 s=9216... done (0.3s) test=40%
  [63/600] LevyRandom_1.5 9x9 s=9216... done (0.3s) test=26%
  [64/600] LevyRandom_2.0 9x9 s=9216... done (0.3s) test=46%
  [65/600] BFSOracle 9x9 s=10240... done (0.0s) test=100%
  [66/600] Random 9x9 s=10240... done (0.3s) test=28%
  [67/600] NoBackRandom 9x9 s=10240... done (0.3s) test=52%
  [68/600] LevyRandom_1.5 9x9 s=10240... done (0.3s) test=44%
  [69/600] LevyRandom_2.0 9x9 s=10240... done (0.3s) test=46%
  [70/600] BFSOracle 9x9 s=11264... done (0.0s) test=100%
  [71/600] Random 9x9 s=11264... done (0.3s) test=28%
  [72/600] NoBackRandom 9x9 s=11264... done (0.2s) test=62%
  [73/600] LevyRandom_1.5 9x9 s=11264... done (0.3s) test=38%
  [74/600] LevyRandom_2.0 9x9 s=11264... done (0.3s) test=40%
  [75/600] BFSOracle 9x9 s=12288... done (0.0s) test=100%
  [76/600] Random 9x9 s=12288... done (0.3s) test=28%
  [77/600] NoBackRandom 9x9 s=12288... done (0.2s) test=54%
  [78/600] LevyRandom_1.5 9x9 s=12288... done (0.3s) test=44%
  [79/600] LevyRandom_2.0 9x9 s=12288... done (0.3s) test=32%
  [80/600] BFSOracle 9x9 s=13312... done (0.0s) test=100%
  [81/600] Random 9x9 s=13312... done (0.3s) test=32%
  [82/600] NoBackRandom 9x9 s=13312... done (0.2s) test=58%
  [83/600] LevyRandom_1.5 9x9 s=13312... done (0.3s) test=24%
  [84/600] LevyRandom_2.0 9x9 s=13312... done (0.3s) test=46%
  [85/600] BFSOracle 9x9 s=14336... done (0.0s) test=100%
  [86/600] Random 9x9 s=14336... done (0.4s) test=38%
  [87/600] NoBackRandom 9x9 s=14336... done (0.2s) test=50%
  [88/600] LevyRandom_1.5 9x9 s=14336... done (0.3s) test=32%
  [89/600] LevyRandom_2.0 9x9 s=14336... done (0.2s) test=44%
  [90/600] BFSOracle 9x9 s=15360... done (0.0s) test=100%
  [91/600] Random 9x9 s=15360... done (0.3s) test=28%
  [92/600] NoBackRandom 9x9 s=15360... done (0.3s) test=60%
  [93/600] LevyRandom_1.5 9x9 s=15360... done (0.3s) test=38%
  [94/600] LevyRandom_2.0 9x9 s=15360... done (0.3s) test=36%
  [95/600] BFSOracle 9x9 s=16384... done (0.0s) test=100%
  [96/600] Random 9x9 s=16384... done (0.3s) test=36%
  [97/600] NoBackRandom 9x9 s=16384... done (0.3s) test=52%
  [98/600] LevyRandom_1.5 9x9 s=16384... done (0.3s) test=38%
  [99/600] LevyRandom_2.0 9x9 s=16384... done (0.3s) test=30%
  [100/600] BFSOracle 11x11 s=42... done (0.0s) test=100%
  [101/600] Random 11x11 s=42... done (0.5s) test=12%
  [102/600] NoBackRandom 11x11 s=42... done (0.4s) test=46%
  [103/600] LevyRandom_1.5 11x11 s=42... done (0.4s) test=30%
  [104/600] LevyRandom_2.0 11x11 s=42... done (0.4s) test=24%
  [105/600] BFSOracle 11x11 s=123... done (0.0s) test=100%
  [106/600] Random 11x11 s=123... done (0.6s) test=20%
  [107/600] NoBackRandom 11x11 s=123... done (0.4s) test=38%
  [108/600] LevyRandom_1.5 11x11 s=123... done (0.4s) test=36%
  [109/600] LevyRandom_2.0 11x11 s=123... done (0.5s) test=24%
  [110/600] BFSOracle 11x11 s=456... done (0.1s) test=100%
  [111/600] Random 11x11 s=456... done (0.5s) test=20%
  [112/600] NoBackRandom 11x11 s=456... done (0.5s) test=44%
  [113/600] LevyRandom_1.5 11x11 s=456... done (0.6s) test=18%
  [114/600] LevyRandom_2.0 11x11 s=456... done (0.4s) test=22%
  [115/600] BFSOracle 11x11 s=789... done (0.0s) test=100%
  [116/600] Random 11x11 s=789... done (0.5s) test=18%
  [117/600] NoBackRandom 11x11 s=789... done (0.5s) test=34%
  [118/600] LevyRandom_1.5 11x11 s=789... done (0.5s) test=20%
  [119/600] LevyRandom_2.0 11x11 s=789... done (0.5s) test=18%
  [120/600] BFSOracle 11x11 s=1024... done (0.0s) test=100%
  [121/600] Random 11x11 s=1024... done (0.5s) test=22%
  [122/600] NoBackRandom 11x11 s=1024... done (0.5s) test=26%
  [123/600] LevyRandom_1.5 11x11 s=1024... done (0.5s) test=18%
  [124/600] LevyRandom_2.0 11x11 s=1024... done (0.4s) test=22%
  [125/600] BFSOracle 11x11 s=2048... done (0.0s) test=100%
  [126/600] Random 11x11 s=2048... done (0.5s) test=12%
  [127/600] NoBackRandom 11x11 s=2048... done (0.4s) test=28%
  [128/600] LevyRandom_1.5 11x11 s=2048... done (0.5s) test=28%
  [129/600] LevyRandom_2.0 11x11 s=2048... done (0.4s) test=20%
  [130/600] BFSOracle 11x11 s=3072... done (0.0s) test=100%
  [131/600] Random 11x11 s=3072... done (0.4s) test=16%
  [132/600] NoBackRandom 11x11 s=3072... done (0.5s) test=30%
  [133/600] LevyRandom_1.5 11x11 s=3072... done (0.4s) test=20%
  [134/600] LevyRandom_2.0 11x11 s=3072... done (0.5s) test=30%
  [135/600] BFSOracle 11x11 s=4096... done (0.0s) test=100%
  [136/600] Random 11x11 s=4096... done (0.5s) test=18%
  [137/600] NoBackRandom 11x11 s=4096... done (0.5s) test=38%
  [138/600] LevyRandom_1.5 11x11 s=4096... done (0.5s) test=12%
  [139/600] LevyRandom_2.0 11x11 s=4096... done (0.5s) test=16%
  [140/600] BFSOracle 11x11 s=5120... done (0.1s) test=100%
  [141/600] Random 11x11 s=5120... done (0.5s) test=20%
  [142/600] NoBackRandom 11x11 s=5120... done (0.6s) test=42%
  [143/600] LevyRandom_1.5 11x11 s=5120... done (0.5s) test=12%
  [144/600] LevyRandom_2.0 11x11 s=5120... done (0.5s) test=16%
  [145/600] BFSOracle 11x11 s=6144... done (0.1s) test=100%
  [146/600] Random 11x11 s=6144... done (0.6s) test=20%
  [147/600] NoBackRandom 11x11 s=6144... done (0.5s) test=30%
  [148/600] LevyRandom_1.5 11x11 s=6144... done (0.4s) test=10%
  [149/600] LevyRandom_2.0 11x11 s=6144... done (0.4s) test=34%
  [150/600] BFSOracle 11x11 s=7168... done (0.0s) test=100%
  [151/600] Random 11x11 s=7168... done (0.4s) test=20%
  [152/600] NoBackRandom 11x11 s=7168... done (0.4s) test=34%
  [153/600] LevyRandom_1.5 11x11 s=7168... done (0.4s) test=22%
  [154/600] LevyRandom_2.0 11x11 s=7168... done (0.5s) test=28%
  [155/600] BFSOracle 11x11 s=8192... done (0.0s) test=100%
  [156/600] Random 11x11 s=8192... done (0.4s) test=18%
  [157/600] NoBackRandom 11x11 s=8192... done (0.4s) test=42%
  [158/600] LevyRandom_1.5 11x11 s=8192... done (0.4s) test=24%
  [159/600] LevyRandom_2.0 11x11 s=8192... done (0.4s) test=22%
  [160/600] BFSOracle 11x11 s=9216... done (0.0s) test=100%
  [161/600] Random 11x11 s=9216... done (0.5s) test=14%
  [162/600] NoBackRandom 11x11 s=9216... done (0.4s) test=38%
  [163/600] LevyRandom_1.5 11x11 s=9216... done (0.5s) test=18%
  [164/600] LevyRandom_2.0 11x11 s=9216... done (0.5s) test=26%
  [165/600] BFSOracle 11x11 s=10240... done (0.0s) test=100%
  [166/600] Random 11x11 s=10240... done (0.5s) test=22%
  [167/600] NoBackRandom 11x11 s=10240... done (0.4s) test=36%
  [168/600] LevyRandom_1.5 11x11 s=10240... done (0.5s) test=18%
  [169/600] LevyRandom_2.0 11x11 s=10240... done (0.5s) test=14%
  [170/600] BFSOracle 11x11 s=11264... done (0.0s) test=100%
  [171/600] Random 11x11 s=11264... done (0.5s) test=18%
  [172/600] NoBackRandom 11x11 s=11264... done (0.4s) test=36%
  [173/600] LevyRandom_1.5 11x11 s=11264... done (0.6s) test=24%
  [174/600] LevyRandom_2.0 11x11 s=11264... done (0.4s) test=20%
  [175/600] BFSOracle 11x11 s=12288... done (0.0s) test=100%
  [176/600] Random 11x11 s=12288... done (0.4s) test=18%
  [177/600] NoBackRandom 11x11 s=12288... done (0.5s) test=38%
  [178/600] LevyRandom_1.5 11x11 s=12288... done (0.6s) test=20%
  [179/600] LevyRandom_2.0 11x11 s=12288... done (0.5s) test=22%
  [180/600] BFSOracle 11x11 s=13312... done (0.0s) test=100%
  [181/600] Random 11x11 s=13312... done (0.5s) test=18%
  [182/600] NoBackRandom 11x11 s=13312... done (0.4s) test=44%
  [183/600] LevyRandom_1.5 11x11 s=13312... done (0.4s) test=30%
  [184/600] LevyRandom_2.0 11x11 s=13312... done (0.4s) test=24%
  [185/600] BFSOracle 11x11 s=14336... done (0.0s) test=100%
  [186/600] Random 11x11 s=14336... done (0.5s) test=20%
  [187/600] NoBackRandom 11x11 s=14336... done (0.4s) test=26%
  [188/600] LevyRandom_1.5 11x11 s=14336... done (0.4s) test=18%
  [189/600] LevyRandom_2.0 11x11 s=14336... done (0.4s) test=22%
  [190/600] BFSOracle 11x11 s=15360... done (0.0s) test=100%
  [191/600] Random 11x11 s=15360... done (0.4s) test=26%
  [192/600] NoBackRandom 11x11 s=15360... done (0.4s) test=48%
  [193/600] LevyRandom_1.5 11x11 s=15360... done (0.4s) test=20%
  [194/600] LevyRandom_2.0 11x11 s=15360... done (0.5s) test=36%
  [195/600] BFSOracle 11x11 s=16384... done (0.0s) test=100%
  [196/600] Random 11x11 s=16384... done (0.5s) test=26%
  [197/600] NoBackRandom 11x11 s=16384... done (0.4s) test=40%
  [198/600] LevyRandom_1.5 11x11 s=16384... done (0.5s) test=16%
  [199/600] LevyRandom_2.0 11x11 s=16384... done (0.5s) test=20%
  [200/600] BFSOracle 13x13 s=42... done (0.1s) test=100%
  [201/600] Random 13x13 s=42... done (0.7s) test=14%
  [202/600] NoBackRandom 13x13 s=42... done (0.6s) test=24%
  [203/600] LevyRandom_1.5 13x13 s=42... done (0.7s) test=14%
  [204/600] LevyRandom_2.0 13x13 s=42... done (0.7s) test=18%
  [205/600] BFSOracle 13x13 s=123... done (0.1s) test=100%
  [206/600] Random 13x13 s=123... done (0.7s) test=4%
  [207/600] NoBackRandom 13x13 s=123... done (0.7s) test=22%
  [208/600] LevyRandom_1.5 13x13 s=123... done (0.9s) test=8%
  [209/600] LevyRandom_2.0 13x13 s=123... done (0.9s) test=14%
  [210/600] BFSOracle 13x13 s=456... done (0.1s) test=100%
  [211/600] Random 13x13 s=456... done (0.8s) test=4%
  [212/600] NoBackRandom 13x13 s=456... done (0.8s) test=28%
  [213/600] LevyRandom_1.5 13x13 s=456... done (0.7s) test=14%
  [214/600] LevyRandom_2.0 13x13 s=456... done (0.7s) test=14%
  [215/600] BFSOracle 13x13 s=789... done (0.1s) test=100%
  [216/600] Random 13x13 s=789... done (0.7s) test=14%
  [217/600] NoBackRandom 13x13 s=789... done (0.7s) test=22%
  [218/600] LevyRandom_1.5 13x13 s=789... done (0.7s) test=14%
  [219/600] LevyRandom_2.0 13x13 s=789... done (0.7s) test=16%
  [220/600] BFSOracle 13x13 s=1024... done (0.1s) test=100%
  [221/600] Random 13x13 s=1024... done (0.7s) test=18%
  [222/600] NoBackRandom 13x13 s=1024... done (0.6s) test=26%
  [223/600] LevyRandom_1.5 13x13 s=1024... done (0.6s) test=8%
  [224/600] LevyRandom_2.0 13x13 s=1024... done (0.7s) test=16%
  [225/600] BFSOracle 13x13 s=2048... done (0.1s) test=100%
  [226/600] Random 13x13 s=2048... done (0.9s) test=16%
  [227/600] NoBackRandom 13x13 s=2048... done (0.7s) test=38%
  [228/600] LevyRandom_1.5 13x13 s=2048... done (0.7s) test=16%
  [229/600] LevyRandom_2.0 13x13 s=2048... done (0.6s) test=18%
  [230/600] BFSOracle 13x13 s=3072... done (0.1s) test=100%
  [231/600] Random 13x13 s=3072... done (0.7s) test=12%
  [232/600] NoBackRandom 13x13 s=3072... done (0.7s) test=26%
  [233/600] LevyRandom_1.5 13x13 s=3072... done (0.7s) test=16%
  [234/600] LevyRandom_2.0 13x13 s=3072... done (0.7s) test=14%
  [235/600] BFSOracle 13x13 s=4096... done (0.1s) test=100%
  [236/600] Random 13x13 s=4096... done (0.7s) test=6%
  [237/600] NoBackRandom 13x13 s=4096... done (0.7s) test=20%
  [238/600] LevyRandom_1.5 13x13 s=4096... done (0.7s) test=12%
  [239/600] LevyRandom_2.0 13x13 s=4096... done (0.7s) test=8%
  [240/600] BFSOracle 13x13 s=5120... done (0.1s) test=100%
  [241/600] Random 13x13 s=5120... done (0.7s) test=18%
  [242/600] NoBackRandom 13x13 s=5120... done (0.7s) test=28%
  [243/600] LevyRandom_1.5 13x13 s=5120... done (0.7s) test=14%
  [244/600] LevyRandom_2.0 13x13 s=5120... done (0.7s) test=18%
  [245/600] BFSOracle 13x13 s=6144... done (0.1s) test=100%
  [246/600] Random 13x13 s=6144... done (0.7s) test=12%
  [247/600] NoBackRandom 13x13 s=6144... done (0.7s) test=16%
  [248/600] LevyRandom_1.5 13x13 s=6144... done (0.7s) test=10%
  [249/600] LevyRandom_2.0 13x13 s=6144... done (0.7s) test=12%
  [250/600] BFSOracle 13x13 s=7168... done (0.1s) test=100%
  [251/600] Random 13x13 s=7168... done (0.7s) test=12%
  [252/600] NoBackRandom 13x13 s=7168... done (0.7s) test=30%
  [253/600] LevyRandom_1.5 13x13 s=7168... done (0.7s) test=20%
  [254/600] LevyRandom_2.0 13x13 s=7168... done (0.9s) test=30%
  [255/600] BFSOracle 13x13 s=8192... done (0.1s) test=100%
  [256/600] Random 13x13 s=8192... done (0.9s) test=24%
  [257/600] NoBackRandom 13x13 s=8192... done (0.9s) test=28%
  [258/600] LevyRandom_1.5 13x13 s=8192... done (0.9s) test=16%
  [259/600] LevyRandom_2.0 13x13 s=8192... done (0.9s) test=24%
  [260/600] BFSOracle 13x13 s=9216... done (0.1s) test=100%
  [261/600] Random 13x13 s=9216... done (0.9s) test=18%
  [262/600] NoBackRandom 13x13 s=9216... done (0.9s) test=22%
  [263/600] LevyRandom_1.5 13x13 s=9216... done (0.9s) test=6%
  [264/600] LevyRandom_2.0 13x13 s=9216... done (0.9s) test=14%
  [265/600] BFSOracle 13x13 s=10240... done (0.1s) test=100%
  [266/600] Random 13x13 s=10240... done (0.9s) test=10%
  [267/600] NoBackRandom 13x13 s=10240... done (0.8s) test=38%
  [268/600] LevyRandom_1.5 13x13 s=10240... done (0.8s) test=16%
  [269/600] LevyRandom_2.0 13x13 s=10240... done (0.8s) test=12%
  [270/600] BFSOracle 13x13 s=11264... done (0.1s) test=100%
  [271/600] Random 13x13 s=11264... done (0.8s) test=12%
  [272/600] NoBackRandom 13x13 s=11264... done (0.9s) test=28%
  [273/600] LevyRandom_1.5 13x13 s=11264... done (0.9s) test=10%
  [274/600] LevyRandom_2.0 13x13 s=11264... done (1.0s) test=18%
  [275/600] BFSOracle 13x13 s=12288... done (0.1s) test=100%
  [276/600] Random 13x13 s=12288... done (0.9s) test=6%
  [277/600] NoBackRandom 13x13 s=12288... done (0.8s) test=22%
  [278/600] LevyRandom_1.5 13x13 s=12288... done (0.9s) test=6%
  [279/600] LevyRandom_2.0 13x13 s=12288... done (0.9s) test=14%
  [280/600] BFSOracle 13x13 s=13312... done (0.1s) test=100%
  [281/600] Random 13x13 s=13312... done (0.9s) test=12%
  [282/600] NoBackRandom 13x13 s=13312... done (0.8s) test=26%
  [283/600] LevyRandom_1.5 13x13 s=13312... done (1.0s) test=10%
  [284/600] LevyRandom_2.0 13x13 s=13312... done (1.3s) test=14%
  [285/600] BFSOracle 13x13 s=14336... done (0.1s) test=100%
  [286/600] Random 13x13 s=14336... done (1.0s) test=12%
  [287/600] NoBackRandom 13x13 s=14336... done (1.2s) test=26%
  [288/600] LevyRandom_1.5 13x13 s=14336... done (1.1s) test=12%
  [289/600] LevyRandom_2.0 13x13 s=14336... done (1.0s) test=14%
  [290/600] BFSOracle 13x13 s=15360... done (0.1s) test=100%
  [291/600] Random 13x13 s=15360... done (0.9s) test=10%
  [292/600] NoBackRandom 13x13 s=15360... done (0.9s) test=20%
  [293/600] LevyRandom_1.5 13x13 s=15360... done (0.9s) test=18%
  [294/600] LevyRandom_2.0 13x13 s=15360... done (0.9s) test=10%
  [295/600] BFSOracle 13x13 s=16384... done (0.1s) test=100%
  [296/600] Random 13x13 s=16384... done (0.9s) test=12%
  [297/600] NoBackRandom 13x13 s=16384... done (0.9s) test=26%
  [298/600] LevyRandom_1.5 13x13 s=16384... done (0.9s) test=10%
  [299/600] LevyRandom_2.0 13x13 s=16384... done (1.0s) test=18%
  [300/600] BFSOracle 17x17 s=42... done (0.1s) test=100%
  [301/600] Random 17x17 s=42... done (1.6s) test=4%
  [302/600] NoBackRandom 17x17 s=42... done (1.8s) test=20%
  [303/600] LevyRandom_1.5 17x17 s=42... done (1.8s) test=10%
  [304/600] LevyRandom_2.0 17x17 s=42... done (1.9s) test=4%
  [305/600] BFSOracle 17x17 s=123... done (0.2s) test=100%
  [306/600] Random 17x17 s=123... done (1.8s) test=8%
  [307/600] NoBackRandom 17x17 s=123... done (1.6s) test=14%
  [308/600] LevyRandom_1.5 17x17 s=123... done (2.0s) test=8%
  [309/600] LevyRandom_2.0 17x17 s=123... done (2.1s) test=6%
  [310/600] BFSOracle 17x17 s=456... done (0.2s) test=100%
  [311/600] Random 17x17 s=456... done (1.8s) test=2%
  [312/600] NoBackRandom 17x17 s=456... done (1.6s) test=12%
  [313/600] LevyRandom_1.5 17x17 s=456... done (1.6s) test=0%
  [314/600] LevyRandom_2.0 17x17 s=456... done (1.7s) test=6%
  [315/600] BFSOracle 17x17 s=789... done (0.1s) test=100%
  [316/600] Random 17x17 s=789... done (1.6s) test=6%
  [317/600] NoBackRandom 17x17 s=789... done (1.7s) test=12%
  [318/600] LevyRandom_1.5 17x17 s=789... done (1.8s) test=14%
  [319/600] LevyRandom_2.0 17x17 s=789... done (1.8s) test=10%
  [320/600] BFSOracle 17x17 s=1024... done (0.1s) test=100%
  [321/600] Random 17x17 s=1024... done (1.6s) test=2%
  [322/600] NoBackRandom 17x17 s=1024... done (1.6s) test=12%
  [323/600] LevyRandom_1.5 17x17 s=1024... done (1.6s) test=8%
  [324/600] LevyRandom_2.0 17x17 s=1024... done (1.6s) test=10%
  [325/600] BFSOracle 17x17 s=2048... done (0.1s) test=100%
  [326/600] Random 17x17 s=2048... done (1.5s) test=8%
  [327/600] NoBackRandom 17x17 s=2048... done (1.6s) test=12%
  [328/600] LevyRandom_1.5 17x17 s=2048... done (1.6s) test=4%
  [329/600] LevyRandom_2.0 17x17 s=2048... done (1.6s) test=6%
  [330/600] BFSOracle 17x17 s=3072... done (0.1s) test=100%
  [331/600] Random 17x17 s=3072... done (1.6s) test=6%
  [332/600] NoBackRandom 17x17 s=3072... done (1.7s) test=16%
  [333/600] LevyRandom_1.5 17x17 s=3072... done (1.7s) test=6%
  [334/600] LevyRandom_2.0 17x17 s=3072... done (1.6s) test=8%
  [335/600] BFSOracle 17x17 s=4096... done (0.1s) test=100%
  [336/600] Random 17x17 s=4096... done (1.6s) test=8%
  [337/600] NoBackRandom 17x17 s=4096... done (1.6s) test=18%
  [338/600] LevyRandom_1.5 17x17 s=4096... done (1.6s) test=12%
  [339/600] LevyRandom_2.0 17x17 s=4096... done (1.6s) test=8%
  [340/600] BFSOracle 17x17 s=5120... done (0.1s) test=100%
  [341/600] Random 17x17 s=5120... done (1.5s) test=4%
  [342/600] NoBackRandom 17x17 s=5120... done (1.6s) test=18%
  [343/600] LevyRandom_1.5 17x17 s=5120... done (1.6s) test=6%
  [344/600] LevyRandom_2.0 17x17 s=5120... done (2.4s) test=4%
  [345/600] BFSOracle 17x17 s=6144... done (0.2s) test=100%
  [346/600] Random 17x17 s=6144... done (2.0s) test=4%
  [347/600] NoBackRandom 17x17 s=6144... done (1.9s) test=12%
  [348/600] LevyRandom_1.5 17x17 s=6144... done (1.6s) test=4%
  [349/600] LevyRandom_2.0 17x17 s=6144... done (1.6s) test=6%
  [350/600] BFSOracle 17x17 s=7168... done (0.1s) test=100%
  [351/600] Random 17x17 s=7168... done (1.6s) test=2%
  [352/600] NoBackRandom 17x17 s=7168... done (1.6s) test=16%
  [353/600] LevyRandom_1.5 17x17 s=7168... done (1.6s) test=4%
  [354/600] LevyRandom_2.0 17x17 s=7168... done (1.6s) test=10%
  [355/600] BFSOracle 17x17 s=8192... done (0.1s) test=100%
  [356/600] Random 17x17 s=8192... done (1.6s) test=0%
  [357/600] NoBackRandom 17x17 s=8192... done (2.1s) test=12%
  [358/600] LevyRandom_1.5 17x17 s=8192... done (1.7s) test=4%
  [359/600] LevyRandom_2.0 17x17 s=8192... done (2.0s) test=2%
  [360/600] BFSOracle 17x17 s=9216... done (0.1s) test=100%
  [361/600] Random 17x17 s=9216... done (1.6s) test=8%
  [362/600] NoBackRandom 17x17 s=9216... done (1.6s) test=18%
  [363/600] LevyRandom_1.5 17x17 s=9216... done (1.7s) test=4%
  [364/600] LevyRandom_2.0 17x17 s=9216... done (1.8s) test=10%
  [365/600] BFSOracle 17x17 s=10240... done (0.1s) test=100%
  [366/600] Random 17x17 s=10240... done (1.6s) test=4%
  [367/600] NoBackRandom 17x17 s=10240... done (1.6s) test=8%
  [368/600] LevyRandom_1.5 17x17 s=10240... done (1.6s) test=2%
  [369/600] LevyRandom_2.0 17x17 s=10240... done (1.6s) test=4%
  [370/600] BFSOracle 17x17 s=11264... done (0.1s) test=100%
  [371/600] Random 17x17 s=11264... done (1.6s) test=2%
  [372/600] NoBackRandom 17x17 s=11264... done (1.6s) test=12%
  [373/600] LevyRandom_1.5 17x17 s=11264... done (1.6s) test=4%
  [374/600] LevyRandom_2.0 17x17 s=11264... done (1.6s) test=4%
  [375/600] BFSOracle 17x17 s=12288... done (0.1s) test=100%
  [376/600] Random 17x17 s=12288... done (1.5s) test=6%
  [377/600] NoBackRandom 17x17 s=12288... done (1.6s) test=18%
  [378/600] LevyRandom_1.5 17x17 s=12288... done (1.6s) test=6%
  [379/600] LevyRandom_2.0 17x17 s=12288... done (1.6s) test=6%
  [380/600] BFSOracle 17x17 s=13312... done (0.1s) test=100%
  [381/600] Random 17x17 s=13312... done (1.6s) test=2%
  [382/600] NoBackRandom 17x17 s=13312... done (1.6s) test=14%
  [383/600] LevyRandom_1.5 17x17 s=13312... done (1.6s) test=4%
  [384/600] LevyRandom_2.0 17x17 s=13312... done (1.5s) test=10%
  [385/600] BFSOracle 17x17 s=14336... done (0.1s) test=100%
  [386/600] Random 17x17 s=14336... done (1.7s) test=8%
  [387/600] NoBackRandom 17x17 s=14336... done (1.5s) test=22%
  [388/600] LevyRandom_1.5 17x17 s=14336... done (1.6s) test=10%
  [389/600] LevyRandom_2.0 17x17 s=14336... done (1.5s) test=10%
  [390/600] BFSOracle 17x17 s=15360... done (0.1s) test=100%
  [391/600] Random 17x17 s=15360... done (1.6s) test=2%
  [392/600] NoBackRandom 17x17 s=15360... done (1.6s) test=6%
  [393/600] LevyRandom_1.5 17x17 s=15360... done (1.5s) test=4%
  [394/600] LevyRandom_2.0 17x17 s=15360... done (1.6s) test=4%
  [395/600] BFSOracle 17x17 s=16384... done (0.2s) test=100%
  [396/600] Random 17x17 s=16384... done (1.9s) test=2%
  [397/600] NoBackRandom 17x17 s=16384... done (2.3s) test=24%
  [398/600] LevyRandom_1.5 17x17 s=16384... done (1.8s) test=4%
  [399/600] LevyRandom_2.0 17x17 s=16384... done (1.6s) test=10%
  [400/600] BFSOracle 21x21 s=42... done (0.2s) test=100%
  [401/600] Random 21x21 s=42... done (2.6s) test=2%
  [402/600] NoBackRandom 21x21 s=42... done (3.3s) test=8%
  [403/600] LevyRandom_1.5 21x21 s=42... done (2.5s) test=2%
  [404/600] LevyRandom_2.0 21x21 s=42... done (2.5s) test=8%
  [405/600] BFSOracle 21x21 s=123... done (0.2s) test=100%
  [406/600] Random 21x21 s=123... done (2.6s) test=0%
  [407/600] NoBackRandom 21x21 s=123... done (3.0s) test=8%
  [408/600] LevyRandom_1.5 21x21 s=123... done (2.6s) test=0%
  [409/600] LevyRandom_2.0 21x21 s=123... done (2.6s) test=2%
  [410/600] BFSOracle 21x21 s=456... done (0.2s) test=100%
  [411/600] Random 21x21 s=456... done (2.5s) test=4%
  [412/600] NoBackRandom 21x21 s=456... done (2.7s) test=6%
  [413/600] LevyRandom_1.5 21x21 s=456... done (2.8s) test=2%
  [414/600] LevyRandom_2.0 21x21 s=456... done (3.0s) test=0%
  [415/600] BFSOracle 21x21 s=789... done (0.2s) test=100%
  [416/600] Random 21x21 s=789... done (2.6s) test=4%
  [417/600] NoBackRandom 21x21 s=789... done (2.5s) test=16%
  [418/600] LevyRandom_1.5 21x21 s=789... done (2.6s) test=4%
  [419/600] LevyRandom_2.0 21x21 s=789... done (2.5s) test=6%
  [420/600] BFSOracle 21x21 s=1024... done (0.2s) test=100%
  [421/600] Random 21x21 s=1024... done (2.4s) test=2%
  [422/600] NoBackRandom 21x21 s=1024... done (2.6s) test=8%
  [423/600] LevyRandom_1.5 21x21 s=1024... done (2.5s) test=6%
  [424/600] LevyRandom_2.0 21x21 s=1024... done (2.6s) test=4%
  [425/600] BFSOracle 21x21 s=2048... done (0.2s) test=100%
  [426/600] Random 21x21 s=2048... done (2.4s) test=4%
  [427/600] NoBackRandom 21x21 s=2048... done (2.5s) test=14%
  [428/600] LevyRandom_1.5 21x21 s=2048... done (2.6s) test=2%
  [429/600] LevyRandom_2.0 21x21 s=2048... done (2.8s) test=6%
  [430/600] BFSOracle 21x21 s=3072... done (0.2s) test=100%
  [431/600] Random 21x21 s=3072... done (2.4s) test=2%
  [432/600] NoBackRandom 21x21 s=3072... done (2.7s) test=4%
  [433/600] LevyRandom_1.5 21x21 s=3072... done (2.5s) test=0%
  [434/600] LevyRandom_2.0 21x21 s=3072... done (2.7s) test=4%
  [435/600] BFSOracle 21x21 s=4096... done (0.2s) test=100%
  [436/600] Random 21x21 s=4096... done (2.5s) test=4%
  [437/600] NoBackRandom 21x21 s=4096... done (2.5s) test=12%
  [438/600] LevyRandom_1.5 21x21 s=4096... done (2.6s) test=4%
  [439/600] LevyRandom_2.0 21x21 s=4096... done (2.6s) test=4%
  [440/600] BFSOracle 21x21 s=5120... done (0.2s) test=100%
  [441/600] Random 21x21 s=5120... done (2.8s) test=2%
  [442/600] NoBackRandom 21x21 s=5120... done (3.3s) test=8%
  [443/600] LevyRandom_1.5 21x21 s=5120... done (2.5s) test=4%
  [444/600] LevyRandom_2.0 21x21 s=5120... done (2.6s) test=4%
  [445/600] BFSOracle 21x21 s=6144... done (0.2s) test=100%
  [446/600] Random 21x21 s=6144... done (2.5s) test=4%
  [447/600] NoBackRandom 21x21 s=6144... done (2.6s) test=8%
  [448/600] LevyRandom_1.5 21x21 s=6144... done (2.6s) test=0%
  [449/600] LevyRandom_2.0 21x21 s=6144... done (2.6s) test=2%
  [450/600] BFSOracle 21x21 s=7168... done (0.2s) test=100%
  [451/600] Random 21x21 s=7168... done (2.4s) test=0%
  [452/600] NoBackRandom 21x21 s=7168... done (2.5s) test=16%
  [453/600] LevyRandom_1.5 21x21 s=7168... done (2.7s) test=6%
  [454/600] LevyRandom_2.0 21x21 s=7168... done (3.1s) test=0%
  [455/600] BFSOracle 21x21 s=8192... done (0.2s) test=100%
  [456/600] Random 21x21 s=8192... done (3.2s) test=2%
  [457/600] NoBackRandom 21x21 s=8192... done (2.9s) test=0%
  [458/600] LevyRandom_1.5 21x21 s=8192... done (2.5s) test=4%
  [459/600] LevyRandom_2.0 21x21 s=8192... done (2.5s) test=4%
  [460/600] BFSOracle 21x21 s=9216... done (0.2s) test=100%
  [461/600] Random 21x21 s=9216... done (3.0s) test=2%
  [462/600] NoBackRandom 21x21 s=9216... done (3.1s) test=6%
  [463/600] LevyRandom_1.5 21x21 s=9216... done (2.6s) test=4%
  [464/600] LevyRandom_2.0 21x21 s=9216... done (2.5s) test=6%
  [465/600] BFSOracle 21x21 s=10240... done (0.2s) test=100%
  [466/600] Random 21x21 s=10240... done (2.5s) test=2%
  [467/600] NoBackRandom 21x21 s=10240... done (2.8s) test=2%
  [468/600] LevyRandom_1.5 21x21 s=10240... done (2.5s) test=2%
  [469/600] LevyRandom_2.0 21x21 s=10240... done (2.7s) test=2%
  [470/600] BFSOracle 21x21 s=11264... done (0.2s) test=100%
  [471/600] Random 21x21 s=11264... done (2.8s) test=2%
  [472/600] NoBackRandom 21x21 s=11264... done (3.0s) test=6%
  [473/600] LevyRandom_1.5 21x21 s=11264... done (2.8s) test=2%
  [474/600] LevyRandom_2.0 21x21 s=11264... done (2.8s) test=4%
  [475/600] BFSOracle 21x21 s=12288... done (0.2s) test=100%
  [476/600] Random 21x21 s=12288... done (2.9s) test=0%
  [477/600] NoBackRandom 21x21 s=12288... done (2.5s) test=6%
  [478/600] LevyRandom_1.5 21x21 s=12288... done (2.9s) test=4%
  [479/600] LevyRandom_2.0 21x21 s=12288... done (3.0s) test=8%
  [480/600] BFSOracle 21x21 s=13312... done (0.2s) test=100%
  [481/600] Random 21x21 s=13312... done (3.0s) test=4%
  [482/600] NoBackRandom 21x21 s=13312... done (2.6s) test=14%
  [483/600] LevyRandom_1.5 21x21 s=13312... done (2.5s) test=4%
  [484/600] LevyRandom_2.0 21x21 s=13312... done (2.6s) test=6%
  [485/600] BFSOracle 21x21 s=14336... done (0.3s) test=100%
  [486/600] Random 21x21 s=14336... done (3.0s) test=0%
  [487/600] NoBackRandom 21x21 s=14336... done (2.6s) test=6%
  [488/600] LevyRandom_1.5 21x21 s=14336... done (2.6s) test=6%
  [489/600] LevyRandom_2.0 21x21 s=14336... done (2.6s) test=2%
  [490/600] BFSOracle 21x21 s=15360... done (0.2s) test=100%
  [491/600] Random 21x21 s=15360... done (2.4s) test=2%
  [492/600] NoBackRandom 21x21 s=15360... done (2.5s) test=2%
  [493/600] LevyRandom_1.5 21x21 s=15360... done (2.5s) test=4%
  [494/600] LevyRandom_2.0 21x21 s=15360... done (2.6s) test=8%
  [495/600] BFSOracle 21x21 s=16384... done (0.2s) test=100%
  [496/600] Random 21x21 s=16384... done (2.7s) test=0%
  [497/600] NoBackRandom 21x21 s=16384... done (2.9s) test=8%
  [498/600] LevyRandom_1.5 21x21 s=16384... done (3.1s) test=4%
  [499/600] LevyRandom_2.0 21x21 s=16384... done (2.6s) test=2%
  [500/600] BFSOracle 25x25 s=42... done (0.3s) test=100%
  [501/600] Random 25x25 s=42... done (4.0s) test=0%
  [502/600] NoBackRandom 25x25 s=42... done (4.4s) test=10%
  [503/600] LevyRandom_1.5 25x25 s=42... done (4.3s) test=2%
  [504/600] LevyRandom_2.0 25x25 s=42... done (4.8s) test=2%
  [505/600] BFSOracle 25x25 s=123... done (0.4s) test=100%
  [506/600] Random 25x25 s=123... done (4.7s) test=0%
  [507/600] NoBackRandom 25x25 s=123... done (4.5s) test=8%
  [508/600] LevyRandom_1.5 25x25 s=123... done (4.7s) test=2%
  [509/600] LevyRandom_2.0 25x25 s=123... done (4.9s) test=4%
  [510/600] BFSOracle 25x25 s=456... done (0.4s) test=100%
  [511/600] Random 25x25 s=456... done (4.3s) test=0%
  [512/600] NoBackRandom 25x25 s=456... done (4.8s) test=2%
  [513/600] LevyRandom_1.5 25x25 s=456... done (4.4s) test=0%
  [514/600] LevyRandom_2.0 25x25 s=456... done (4.9s) test=0%
  [515/600] BFSOracle 25x25 s=789... done (0.4s) test=100%
  [516/600] Random 25x25 s=789... done (4.5s) test=4%
  [517/600] NoBackRandom 25x25 s=789... done (4.5s) test=10%
  [518/600] LevyRandom_1.5 25x25 s=789... done (5.1s) test=0%
  [519/600] LevyRandom_2.0 25x25 s=789... done (4.8s) test=4%
  [520/600] BFSOracle 25x25 s=1024... done (0.3s) test=100%
  [521/600] Random 25x25 s=1024... done (3.6s) test=0%
  [522/600] NoBackRandom 25x25 s=1024... done (4.2s) test=6%
  [523/600] LevyRandom_1.5 25x25 s=1024... done (3.8s) test=2%
  [524/600] LevyRandom_2.0 25x25 s=1024... done (3.7s) test=6%
  [525/600] BFSOracle 25x25 s=2048... done (0.2s) test=100%
  [526/600] Random 25x25 s=2048... done (4.1s) test=0%
  [527/600] NoBackRandom 25x25 s=2048... done (4.6s) test=6%
  [528/600] LevyRandom_1.5 25x25 s=2048... done (4.8s) test=4%
  [529/600] LevyRandom_2.0 25x25 s=2048... done (4.5s) test=4%
  [530/600] BFSOracle 25x25 s=3072... done (0.3s) test=100%
  [531/600] Random 25x25 s=3072... done (4.3s) test=2%
  [532/600] NoBackRandom 25x25 s=3072... done (5.1s) test=0%
  [533/600] LevyRandom_1.5 25x25 s=3072... done (4.9s) test=0%
  [534/600] LevyRandom_2.0 25x25 s=3072... done (4.7s) test=2%
  [535/600] BFSOracle 25x25 s=4096... done (0.3s) test=100%
  [536/600] Random 25x25 s=4096... done (4.7s) test=2%
  [537/600] NoBackRandom 25x25 s=4096... done (5.0s) test=2%
  [538/600] LevyRandom_1.5 25x25 s=4096... done (4.9s) test=0%
  [539/600] LevyRandom_2.0 25x25 s=4096... done (5.2s) test=2%
  [540/600] BFSOracle 25x25 s=5120... done (0.5s) test=100%
  [541/600] Random 25x25 s=5120... done (4.6s) test=2%
  [542/600] NoBackRandom 25x25 s=5120... done (4.9s) test=10%
  [543/600] LevyRandom_1.5 25x25 s=5120... done (4.8s) test=2%
  [544/600] LevyRandom_2.0 25x25 s=5120... done (4.9s) test=0%
  [545/600] BFSOracle 25x25 s=6144... done (0.4s) test=100%
  [546/600] Random 25x25 s=6144... done (5.1s) test=0%
  [547/600] NoBackRandom 25x25 s=6144... done (5.0s) test=4%
  [548/600] LevyRandom_1.5 25x25 s=6144... done (5.1s) test=2%
  [549/600] LevyRandom_2.0 25x25 s=6144... done (4.8s) test=2%
  [550/600] BFSOracle 25x25 s=7168... done (0.3s) test=100%
  [551/600] Random 25x25 s=7168... done (4.6s) test=2%
  [552/600] NoBackRandom 25x25 s=7168... done (4.8s) test=4%
  [553/600] LevyRandom_1.5 25x25 s=7168... done (5.3s) test=4%
  [554/600] LevyRandom_2.0 25x25 s=7168... done (5.1s) test=0%
  [555/600] BFSOracle 25x25 s=8192... done (0.4s) test=100%
  [556/600] Random 25x25 s=8192... done (5.2s) test=2%
  [557/600] NoBackRandom 25x25 s=8192... done (5.3s) test=2%
  [558/600] LevyRandom_1.5 25x25 s=8192... done (5.9s) test=4%
  [559/600] LevyRandom_2.0 25x25 s=8192... done (5.4s) test=0%
  [560/600] BFSOracle 25x25 s=9216... done (0.4s) test=100%
  [561/600] Random 25x25 s=9216... done (5.4s) test=2%
  [562/600] NoBackRandom 25x25 s=9216... done (5.5s) test=6%
  [563/600] LevyRandom_1.5 25x25 s=9216... done (5.4s) test=2%
  [564/600] LevyRandom_2.0 25x25 s=9216... done (5.1s) test=4%
  [565/600] BFSOracle 25x25 s=10240... done (0.4s) test=100%
  [566/600] Random 25x25 s=10240... done (4.5s) test=2%
  [567/600] NoBackRandom 25x25 s=10240... done (5.4s) test=0%
  [568/600] LevyRandom_1.5 25x25 s=10240... done (5.5s) test=0%
  [569/600] LevyRandom_2.0 25x25 s=10240... done (5.4s) test=4%
  [570/600] BFSOracle 25x25 s=11264... done (0.4s) test=100%
  [571/600] Random 25x25 s=11264... done (5.1s) test=2%
  [572/600] NoBackRandom 25x25 s=11264... done (5.2s) test=2%
  [573/600] LevyRandom_1.5 25x25 s=11264... done (5.1s) test=4%
  [574/600] LevyRandom_2.0 25x25 s=11264... done (4.9s) test=4%
  [575/600] BFSOracle 25x25 s=12288... done (0.4s) test=100%
  [576/600] Random 25x25 s=12288... done (5.7s) test=0%
  [577/600] NoBackRandom 25x25 s=12288... done (5.4s) test=2%
  [578/600] LevyRandom_1.5 25x25 s=12288... done (4.5s) test=2%
  [579/600] LevyRandom_2.0 25x25 s=12288... done (4.4s) test=4%
  [580/600] BFSOracle 25x25 s=13312... done (0.3s) test=100%
  [581/600] Random 25x25 s=13312... done (4.6s) test=2%
  [582/600] NoBackRandom 25x25 s=13312... done (4.5s) test=4%
  [583/600] LevyRandom_1.5 25x25 s=13312... done (4.9s) test=2%
  [584/600] LevyRandom_2.0 25x25 s=13312... done (4.5s) test=2%
  [585/600] BFSOracle 25x25 s=14336... done (0.3s) test=100%
  [586/600] Random 25x25 s=14336... done (4.2s) test=2%
  [587/600] NoBackRandom 25x25 s=14336... done (5.0s) test=2%
  [588/600] LevyRandom_1.5 25x25 s=14336... done (4.5s) test=2%
  [589/600] LevyRandom_2.0 25x25 s=14336... done (4.5s) test=8%
  [590/600] BFSOracle 25x25 s=15360... done (0.3s) test=100%
  [591/600] Random 25x25 s=15360... done (4.8s) test=6%
  [592/600] NoBackRandom 25x25 s=15360... done (4.6s) test=4%
  [593/600] LevyRandom_1.5 25x25 s=15360... done (5.8s) test=0%
  [594/600] LevyRandom_2.0 25x25 s=15360... done (5.4s) test=4%
  [595/600] BFSOracle 25x25 s=16384... done (0.4s) test=100%
  [596/600] Random 25x25 s=16384... done (5.1s) test=0%
  [597/600] NoBackRandom 25x25 s=16384... done (5.6s) test=6%
  [598/600] LevyRandom_1.5 25x25 s=16384... done (5.6s) test=2%
  [599/600] LevyRandom_2.0 25x25 s=16384... done (5.4s) test=6%

Tier 4 oracle+random complete. 600 runs in C:\Users\tejas\engram\raw_results\exp_oracle_random
