Device: cuda

Tier 2 FAST: reward ablation @ 9x9 — 200 runs, 0 done
Configs: ['full', 'vanilla']
Agents: ['Random', 'NoBackRandom', 'FeatureQ', 'MLP_DQN', 'DoubleDQN']
Seeds: 20, Size: 9x9
Code hash: fe0b8142940e55de

  [0/200] full Random s=42... done (0.5s) test=26%
  [1/200] full Random s=123... done (0.5s) test=32%
  [2/200] full Random s=456... done (0.4s) test=34%
  [3/200] full Random s=789... done (0.5s) test=34%
  [4/200] full Random s=1024... done (0.5s) test=24%
  [5/200] full Random s=2048... done (0.5s) test=36%
  [6/200] full Random s=3072... done (0.6s) test=40%
  [7/200] full Random s=4096... done (0.5s) test=30%
  [8/200] full Random s=5120... done (0.5s) test=26%
  [9/200] full Random s=6144... done (0.5s) test=28%
  [10/200] full Random s=7168... done (0.5s) test=44%
  [11/200] full Random s=8192... done (0.4s) test=34%
  [12/200] full Random s=9216... done (0.4s) test=28%
  [13/200] full Random s=10240... done (0.5s) test=28%
  [14/200] full Random s=11264... done (0.5s) test=28%
  [15/200] full Random s=12288... done (0.5s) test=28%
  [16/200] full Random s=13312... done (0.5s) test=32%
  [17/200] full Random s=14336... done (0.4s) test=38%
  [18/200] full Random s=15360... done (0.4s) test=28%
  [19/200] full Random s=16384... done (0.4s) test=36%
  [20/200] vanilla Random s=42... done (0.5s) test=26%
  [21/200] vanilla Random s=123... done (0.4s) test=32%
  [22/200] vanilla Random s=456... done (0.5s) test=34%
  [23/200] vanilla Random s=789... done (0.4s) test=34%
  [24/200] vanilla Random s=1024... done (0.4s) test=24%
  [25/200] vanilla Random s=2048... done (0.5s) test=36%
  [26/200] vanilla Random s=3072... done (0.4s) test=40%
  [27/200] vanilla Random s=4096... done (0.5s) test=30%
  [28/200] vanilla Random s=5120... done (0.5s) test=26%
  [29/200] vanilla Random s=6144... done (0.4s) test=28%
  [30/200] vanilla Random s=7168... done (0.4s) test=44%
  [31/200] vanilla Random s=8192... done (0.5s) test=34%
  [32/200] vanilla Random s=9216... done (0.5s) test=28%
  [33/200] vanilla Random s=10240... done (0.4s) test=28%
  [34/200] vanilla Random s=11264... done (0.5s) test=28%
  [35/200] vanilla Random s=12288... done (0.4s) test=28%
  [36/200] vanilla Random s=13312... done (0.4s) test=32%
  [37/200] vanilla Random s=14336... done (0.5s) test=38%
  [38/200] vanilla Random s=15360... done (0.5s) test=28%
  [39/200] vanilla Random s=16384... done (0.4s) test=36%
  [40/200] full NoBackRandom s=42... done (0.4s) test=46%
  [41/200] full NoBackRandom s=123... done (0.5s) test=62%
  [42/200] full NoBackRandom s=456... done (0.4s) test=56%
  [43/200] full NoBackRandom s=789... done (0.6s) test=52%
  [44/200] full NoBackRandom s=1024... done (0.4s) test=60%
  [45/200] full NoBackRandom s=2048... done (0.4s) test=62%
  [46/200] full NoBackRandom s=3072... done (0.5s) test=40%
  [47/200] full NoBackRandom s=4096... done (0.4s) test=48%
  [48/200] full NoBackRandom s=5120... done (0.4s) test=48%
  [49/200] full NoBackRandom s=6144... done (0.4s) test=50%
  [50/200] full NoBackRandom s=7168... done (0.4s) test=48%
  [51/200] full NoBackRandom s=8192... done (0.4s) test=44%
  [52/200] full NoBackRandom s=9216... done (0.4s) test=40%
  [53/200] full NoBackRandom s=10240... done (0.5s) test=52%
  [54/200] full NoBackRandom s=11264... done (0.6s) test=62%
  [55/200] full NoBackRandom s=12288... done (0.5s) test=54%
  [56/200] full NoBackRandom s=13312... done (0.4s) test=58%
  [57/200] full NoBackRandom s=14336... done (0.4s) test=50%
  [58/200] full NoBackRandom s=15360... done (0.4s) test=60%
  [59/200] full NoBackRandom s=16384... done (0.4s) test=52%
  [60/200] vanilla NoBackRandom s=42... done (0.4s) test=46%
  [61/200] vanilla NoBackRandom s=123... done (0.4s) test=62%
  [62/200] vanilla NoBackRandom s=456... done (0.4s) test=56%
  [63/200] vanilla NoBackRandom s=789... done (0.4s) test=52%
  [64/200] vanilla NoBackRandom s=1024... done (0.4s) test=60%
  [65/200] vanilla NoBackRandom s=2048... done (0.4s) test=62%
  [66/200] vanilla NoBackRandom s=3072... done (0.4s) test=40%
  [67/200] vanilla NoBackRandom s=4096... done (0.4s) test=48%
  [68/200] vanilla NoBackRandom s=5120... done (0.4s) test=48%
  [69/200] vanilla NoBackRandom s=6144... done (0.4s) test=50%
  [70/200] vanilla NoBackRandom s=7168... done (0.4s) test=48%
  [71/200] vanilla NoBackRandom s=8192... done (0.5s) test=44%
  [72/200] vanilla NoBackRandom s=9216... done (0.5s) test=40%
  [73/200] vanilla NoBackRandom s=10240... done (0.4s) test=52%
  [74/200] vanilla NoBackRandom s=11264... done (0.4s) test=62%
  [75/200] vanilla NoBackRandom s=12288... done (0.4s) test=54%
  [76/200] vanilla NoBackRandom s=13312... done (0.4s) test=58%
  [77/200] vanilla NoBackRandom s=14336... done (0.5s) test=50%
  [78/200] vanilla NoBackRandom s=15360... done (0.4s) test=60%
  [79/200] vanilla NoBackRandom s=16384... done (0.5s) test=52%
  [80/200] full FeatureQ s=42... done (1.6s) test=40%
  [81/200] full FeatureQ s=123... done (1.5s) test=38%
  [82/200] full FeatureQ s=456... done (1.4s) test=42%
  [83/200] full FeatureQ s=789... done (1.3s) test=38%
  [84/200] full FeatureQ s=1024... done (1.4s) test=28%
  [85/200] full FeatureQ s=2048... done (1.4s) test=36%
  [86/200] full FeatureQ s=3072... done (1.4s) test=18%
  [87/200] full FeatureQ s=4096... done (1.5s) test=34%
  [88/200] full FeatureQ s=5120... done (1.7s) test=24%
  [89/200] full FeatureQ s=6144... done (1.4s) test=38%
  [90/200] full FeatureQ s=7168... done (1.5s) test=42%
  [91/200] full FeatureQ s=8192... done (1.4s) test=38%
  [92/200] full FeatureQ s=9216... done (1.4s) test=28%
  [93/200] full FeatureQ s=10240... done (1.4s) test=32%
  [94/200] full FeatureQ s=11264... done (1.4s) test=46%
  [95/200] full FeatureQ s=12288... done (1.4s) test=36%
  [96/200] full FeatureQ s=13312... done (1.4s) test=42%
  [97/200] full FeatureQ s=14336... done (1.3s) test=38%
  [98/200] full FeatureQ s=15360... done (1.5s) test=36%
  [99/200] full FeatureQ s=16384... done (1.4s) test=32%
  [100/200] vanilla FeatureQ s=42... done (1.6s) test=10%
  [101/200] vanilla FeatureQ s=123... done (1.7s) test=28%
  [102/200] vanilla FeatureQ s=456... done (1.6s) test=22%
  [103/200] vanilla FeatureQ s=789... done (1.7s) test=16%
  [104/200] vanilla FeatureQ s=1024... done (2.1s) test=24%
  [105/200] vanilla FeatureQ s=2048... done (1.7s) test=20%
  [106/200] vanilla FeatureQ s=3072... done (1.7s) test=14%
  [107/200] vanilla FeatureQ s=4096... done (1.7s) test=16%
  [108/200] vanilla FeatureQ s=5120... done (1.7s) test=28%
  [109/200] vanilla FeatureQ s=6144... done (1.7s) test=8%
  [110/200] vanilla FeatureQ s=7168... done (1.5s) test=24%
  [111/200] vanilla FeatureQ s=8192... done (1.9s) test=12%
  [112/200] vanilla FeatureQ s=9216... done (1.7s) test=8%
  [113/200] vanilla FeatureQ s=10240... done (1.7s) test=24%
  [114/200] vanilla FeatureQ s=11264... done (1.6s) test=12%
  [115/200] vanilla FeatureQ s=12288... done (1.7s) test=6%
  [116/200] vanilla FeatureQ s=13312... done (1.7s) test=18%
  [117/200] vanilla FeatureQ s=14336... done (1.6s) test=20%
  [118/200] vanilla FeatureQ s=15360... done (1.7s) test=22%
  [119/200] vanilla FeatureQ s=16384... done (1.7s) test=16%
  [120/200] full MLP_DQN s=42... done (93.0s) test=22%
  [121/200] full MLP_DQN s=123... done (78.7s) test=18%
  [122/200] full MLP_DQN s=456... done (75.2s) test=32%
  [123/200] full MLP_DQN s=789... done (140.0s) test=14%
  [124/200] full MLP_DQN s=1024... done (154.5s) test=16%
  [125/200] full MLP_DQN s=2048... done (137.0s) test=20%
  [126/200] full MLP_DQN s=3072... done (167.4s) test=20%
  [127/200] full MLP_DQN s=4096... done (164.8s) test=26%
  [128/200] full MLP_DQN s=5120... done (7137.9s) test=12%
  [129/200] full MLP_DQN s=6144... done (11489.9s) test=16%
  [130/200] full MLP_DQN s=7168... done (47.5s) test=18%
  [131/200] full MLP_DQN s=8192... done (81.8s) test=24%
  [132/200] full MLP_DQN s=9216... done (96.1s) test=22%
  [133/200] full MLP_DQN s=10240... done (81.1s) test=16%
  [134/200] full MLP_DQN s=11264... done (102.2s) test=16%
  [135/200] full MLP_DQN s=12288... done (90.9s) test=14%
  [136/200] full MLP_DQN s=13312... done (65.4s) test=14%
  [137/200] full MLP_DQN s=14336... done (47.8s) test=24%
  [138/200] full MLP_DQN s=15360... done (50.9s) test=36%
  [139/200] full MLP_DQN s=16384... 