
Ego-only Wall/DFS (information parity audit): 300 runs, 0 done
Code hash: ed681d75c27fe352

  [0/300] EgoWallFollowerLeft 9x9 s=42... done (0.1s) test=100%
  [1/300] EgoWallFollowerLeft 9x9 s=123... done (0.1s) test=100%
  [2/300] EgoWallFollowerLeft 9x9 s=456... done (0.0s) test=100%
  [3/300] EgoWallFollowerLeft 9x9 s=789... done (0.0s) test=100%
  [4/300] EgoWallFollowerLeft 9x9 s=1024... done (0.0s) test=100%
  [5/300] EgoWallFollowerLeft 9x9 s=2048... done (0.0s) test=100%
  [6/300] EgoWallFollowerLeft 9x9 s=3072... done (0.0s) test=100%
  [7/300] EgoWallFollowerLeft 9x9 s=4096... done (0.0s) test=100%
  [8/300] EgoWallFollowerLeft 9x9 s=5120... done (0.0s) test=100%
  [9/300] EgoWallFollowerLeft 9x9 s=6144... done (0.0s) test=100%
  [10/300] EgoWallFollowerLeft 9x9 s=7168... done (0.0s) test=100%
  [11/300] EgoWallFollowerLeft 9x9 s=8192... done (0.0s) test=100%
  [12/300] EgoWallFollowerLeft 9x9 s=9216... done (0.0s) test=100%
  [13/300] EgoWallFollowerLeft 9x9 s=10240... done (0.0s) test=100%
  [14/300] EgoWallFollowerLeft 9x9 s=11264... done (0.0s) test=100%
  [15/300] EgoWallFollowerLeft 9x9 s=12288... done (0.0s) test=100%
  [16/300] EgoWallFollowerLeft 9x9 s=13312... done (0.0s) test=100%
  [17/300] EgoWallFollowerLeft 9x9 s=14336... done (0.0s) test=100%
  [18/300] EgoWallFollowerLeft 9x9 s=15360... done (0.0s) test=100%
  [19/300] EgoWallFollowerLeft 9x9 s=16384... done (0.0s) test=100%
  [20/300] EgoWallFollowerLeft 11x11 s=42... done (0.0s) test=100%
  [21/300] EgoWallFollowerLeft 11x11 s=123... done (0.0s) test=100%
  [22/300] EgoWallFollowerLeft 11x11 s=456... done (0.0s) test=100%
  [23/300] EgoWallFollowerLeft 11x11 s=789... done (0.0s) test=100%
  [24/300] EgoWallFollowerLeft 11x11 s=1024... done (0.0s) test=100%
  [25/300] EgoWallFollowerLeft 11x11 s=2048... done (0.1s) test=100%
  [26/300] EgoWallFollowerLeft 11x11 s=3072... done (0.0s) test=100%
  [27/300] EgoWallFollowerLeft 11x11 s=4096... done (0.0s) test=100%
  [28/300] EgoWallFollowerLeft 11x11 s=5120... done (0.0s) test=100%
  [29/300] EgoWallFollowerLeft 11x11 s=6144... done (0.0s) test=100%
  [30/300] EgoWallFollowerLeft 11x11 s=7168... done (0.1s) test=100%
  [31/300] EgoWallFollowerLeft 11x11 s=8192... done (0.0s) test=100%
  [32/300] EgoWallFollowerLeft 11x11 s=9216... done (0.0s) test=100%
  [33/300] EgoWallFollowerLeft 11x11 s=10240... done (0.0s) test=100%
  [34/300] EgoWallFollowerLeft 11x11 s=11264... done (0.1s) test=100%
  [35/300] EgoWallFollowerLeft 11x11 s=12288... done (0.0s) test=100%
  [36/300] EgoWallFollowerLeft 11x11 s=13312... done (0.0s) test=100%
  [37/300] EgoWallFollowerLeft 11x11 s=14336... done (0.0s) test=100%
  [38/300] EgoWallFollowerLeft 11x11 s=15360... done (0.0s) test=100%
  [39/300] EgoWallFollowerLeft 11x11 s=16384... done (0.0s) test=100%
  [40/300] EgoWallFollowerLeft 13x13 s=42... done (0.1s) test=100%
  [41/300] EgoWallFollowerLeft 13x13 s=123... done (0.1s) test=100%
  [42/300] EgoWallFollowerLeft 13x13 s=456... done (0.1s) test=100%
  [43/300] EgoWallFollowerLeft 13x13 s=789... done (0.1s) test=100%
  [44/300] EgoWallFollowerLeft 13x13 s=1024... done (0.1s) test=100%
  [45/300] EgoWallFollowerLeft 13x13 s=2048... done (0.1s) test=100%
  [46/300] EgoWallFollowerLeft 13x13 s=3072... done (0.1s) test=100%
  [47/300] EgoWallFollowerLeft 13x13 s=4096... done (0.1s) test=100%
  [48/300] EgoWallFollowerLeft 13x13 s=5120... done (0.1s) test=100%
  [49/300] EgoWallFollowerLeft 13x13 s=6144... done (0.1s) test=100%
  [50/300] EgoWallFollowerLeft 13x13 s=7168... done (0.1s) test=100%
  [51/300] EgoWallFollowerLeft 13x13 s=8192... done (0.1s) test=100%
  [52/300] EgoWallFollowerLeft 13x13 s=9216... done (0.1s) test=100%
  [53/300] EgoWallFollowerLeft 13x13 s=10240... done (0.1s) test=100%
  [54/300] EgoWallFollowerLeft 13x13 s=11264... done (0.1s) test=100%
  [55/300] EgoWallFollowerLeft 13x13 s=12288... done (0.1s) test=100%
  [56/300] EgoWallFollowerLeft 13x13 s=13312... done (0.1s) test=100%
  [57/300] EgoWallFollowerLeft 13x13 s=14336... done (0.1s) test=100%
  [58/300] EgoWallFollowerLeft 13x13 s=15360... done (0.1s) test=100%
  [59/300] EgoWallFollowerLeft 13x13 s=16384... done (0.1s) test=100%
  [60/300] EgoWallFollowerLeft 17x17 s=42... done (0.2s) test=100%
  [61/300] EgoWallFollowerLeft 17x17 s=123... done (0.2s) test=100%
  [62/300] EgoWallFollowerLeft 17x17 s=456... done (0.2s) test=100%
  [63/300] EgoWallFollowerLeft 17x17 s=789... done (0.2s) test=100%
  [64/300] EgoWallFollowerLeft 17x17 s=1024... done (0.2s) test=100%
  [65/300] EgoWallFollowerLeft 17x17 s=2048... done (0.1s) test=100%
  [66/300] EgoWallFollowerLeft 17x17 s=3072... done (0.1s) test=100%
  [67/300] EgoWallFollowerLeft 17x17 s=4096... done (0.1s) test=100%
  [68/300] EgoWallFollowerLeft 17x17 s=5120... done (0.1s) test=100%
  [69/300] EgoWallFollowerLeft 17x17 s=6144... done (0.1s) test=100%
  [70/300] EgoWallFollowerLeft 17x17 s=7168... done (0.1s) test=100%
  [71/300] EgoWallFollowerLeft 17x17 s=8192... done (0.2s) test=100%
  [72/300] EgoWallFollowerLeft 17x17 s=9216... done (0.2s) test=100%
  [73/300] EgoWallFollowerLeft 17x17 s=10240... done (0.1s) test=100%
  [74/300] EgoWallFollowerLeft 17x17 s=11264... done (0.1s) test=100%
  [75/300] EgoWallFollowerLeft 17x17 s=12288... done (0.1s) test=100%
  [76/300] EgoWallFollowerLeft 17x17 s=13312... done (0.1s) test=100%
  [77/300] EgoWallFollowerLeft 17x17 s=14336... done (0.2s) test=100%
  [78/300] EgoWallFollowerLeft 17x17 s=15360... done (0.1s) test=100%
  [79/300] EgoWallFollowerLeft 17x17 s=16384... done (0.2s) test=100%
  [80/300] EgoWallFollowerLeft 21x21 s=42... done (0.3s) test=100%
  [81/300] EgoWallFollowerLeft 21x21 s=123... done (0.4s) test=100%
  [82/300] EgoWallFollowerLeft 21x21 s=456... done (0.3s) test=100%
  [83/300] EgoWallFollowerLeft 21x21 s=789... done (0.4s) test=100%
  [84/300] EgoWallFollowerLeft 21x21 s=1024... done (0.4s) test=100%
  [85/300] EgoWallFollowerLeft 21x21 s=2048... done (0.3s) test=100%
  [86/300] EgoWallFollowerLeft 21x21 s=3072... done (0.3s) test=100%
  [87/300] EgoWallFollowerLeft 21x21 s=4096... done (0.3s) test=100%
  [88/300] EgoWallFollowerLeft 21x21 s=5120... done (0.4s) test=100%
  [89/300] EgoWallFollowerLeft 21x21 s=6144... done (0.4s) test=100%
  [90/300] EgoWallFollowerLeft 21x21 s=7168... done (0.3s) test=100%
  [91/300] EgoWallFollowerLeft 21x21 s=8192... done (0.4s) test=100%
  [92/300] EgoWallFollowerLeft 21x21 s=9216... done (0.3s) test=100%
  [93/300] EgoWallFollowerLeft 21x21 s=10240... done (0.4s) test=100%
  [94/300] EgoWallFollowerLeft 21x21 s=11264... done (0.3s) test=100%
  [95/300] EgoWallFollowerLeft 21x21 s=12288... done (0.3s) test=100%
  [96/300] EgoWallFollowerLeft 21x21 s=13312... done (0.4s) test=100%
  [97/300] EgoWallFollowerLeft 21x21 s=14336... done (0.5s) test=100%
  [98/300] EgoWallFollowerLeft 21x21 s=15360... done (0.5s) test=100%
  [99/300] EgoWallFollowerLeft 21x21 s=16384... done (0.4s) test=100%
  [100/300] EgoWallFollowerRight 9x9 s=42... done (0.0s) test=100%
  [101/300] EgoWallFollowerRight 9x9 s=123... done (0.0s) test=100%
  [102/300] EgoWallFollowerRight 9x9 s=456... done (0.0s) test=100%
  [103/300] EgoWallFollowerRight 9x9 s=789... done (0.0s) test=100%
  [104/300] EgoWallFollowerRight 9x9 s=1024... done (0.0s) test=100%
  [105/300] EgoWallFollowerRight 9x9 s=2048... done (0.0s) test=100%
  [106/300] EgoWallFollowerRight 9x9 s=3072... done (0.0s) test=100%
  [107/300] EgoWallFollowerRight 9x9 s=4096... done (0.0s) test=100%
  [108/300] EgoWallFollowerRight 9x9 s=5120... done (0.0s) test=100%
  [109/300] EgoWallFollowerRight 9x9 s=6144... done (0.0s) test=100%
  [110/300] EgoWallFollowerRight 9x9 s=7168... done (0.0s) test=100%
  [111/300] EgoWallFollowerRight 9x9 s=8192... done (0.0s) test=100%
  [112/300] EgoWallFollowerRight 9x9 s=9216... done (0.0s) test=100%
  [113/300] EgoWallFollowerRight 9x9 s=10240... done (0.0s) test=100%
  [114/300] EgoWallFollowerRight 9x9 s=11264... done (0.0s) test=100%
  [115/300] EgoWallFollowerRight 9x9 s=12288... done (0.0s) test=100%
  [116/300] EgoWallFollowerRight 9x9 s=13312... done (0.0s) test=100%
  [117/300] EgoWallFollowerRight 9x9 s=14336... done (0.0s) test=100%
  [118/300] EgoWallFollowerRight 9x9 s=15360... done (0.0s) test=100%
  [119/300] EgoWallFollowerRight 9x9 s=16384... done (0.0s) test=100%
  [120/300] EgoWallFollowerRight 11x11 s=42... done (0.0s) test=100%
  [121/300] EgoWallFollowerRight 11x11 s=123... done (0.0s) test=100%
  [122/300] EgoWallFollowerRight 11x11 s=456... done (0.1s) test=100%
  [123/300] EgoWallFollowerRight 11x11 s=789... done (0.0s) test=100%
  [124/300] EgoWallFollowerRight 11x11 s=1024... done (0.0s) test=100%
  [125/300] EgoWallFollowerRight 11x11 s=2048... done (0.0s) test=100%
  [126/300] EgoWallFollowerRight 11x11 s=3072... done (0.0s) test=100%
  [127/300] EgoWallFollowerRight 11x11 s=4096... done (0.0s) test=100%
  [128/300] EgoWallFollowerRight 11x11 s=5120... done (0.0s) test=100%
  [129/300] EgoWallFollowerRight 11x11 s=6144... done (0.0s) test=100%
  [130/300] EgoWallFollowerRight 11x11 s=7168... done (0.0s) test=100%
  [131/300] EgoWallFollowerRight 11x11 s=8192... done (0.0s) test=100%
  [132/300] EgoWallFollowerRight 11x11 s=9216... done (0.0s) test=100%
  [133/300] EgoWallFollowerRight 11x11 s=10240... done (0.0s) test=100%
  [134/300] EgoWallFollowerRight 11x11 s=11264... done (0.0s) test=100%
  [135/300] EgoWallFollowerRight 11x11 s=12288... done (0.0s) test=100%
  [136/300] EgoWallFollowerRight 11x11 s=13312... done (0.0s) test=100%
  [137/300] EgoWallFollowerRight 11x11 s=14336... done (0.0s) test=100%
  [138/300] EgoWallFollowerRight 11x11 s=15360... done (0.0s) test=100%
  [139/300] EgoWallFollowerRight 11x11 s=16384... done (0.0s) test=100%
  [140/300] EgoWallFollowerRight 13x13 s=42... done (0.1s) test=100%
  [141/300] EgoWallFollowerRight 13x13 s=123... done (0.1s) test=100%
  [142/300] EgoWallFollowerRight 13x13 s=456... done (0.1s) test=100%
  [143/300] EgoWallFollowerRight 13x13 s=789... done (0.1s) test=100%
  [144/300] EgoWallFollowerRight 13x13 s=1024... done (0.1s) test=100%
  [145/300] EgoWallFollowerRight 13x13 s=2048... done (0.1s) test=100%
  [146/300] EgoWallFollowerRight 13x13 s=3072... done (0.1s) test=100%
  [147/300] EgoWallFollowerRight 13x13 s=4096... done (0.1s) test=100%
  [148/300] EgoWallFollowerRight 13x13 s=5120... done (0.1s) test=100%
  [149/300] EgoWallFollowerRight 13x13 s=6144... done (0.1s) test=100%
  [150/300] EgoWallFollowerRight 13x13 s=7168... done (0.1s) test=100%
  [151/300] EgoWallFollowerRight 13x13 s=8192... done (0.1s) test=100%
  [152/300] EgoWallFollowerRight 13x13 s=9216... done (0.1s) test=100%
  [153/300] EgoWallFollowerRight 13x13 s=10240... done (0.1s) test=100%
  [154/300] EgoWallFollowerRight 13x13 s=11264... done (0.1s) test=100%
  [155/300] EgoWallFollowerRight 13x13 s=12288... done (0.1s) test=100%
  [156/300] EgoWallFollowerRight 13x13 s=13312... done (0.1s) test=100%
  [157/300] EgoWallFollowerRight 13x13 s=14336... done (0.1s) test=100%
  [158/300] EgoWallFollowerRight 13x13 s=15360... done (0.1s) test=100%
  [159/300] EgoWallFollowerRight 13x13 s=16384... done (0.1s) test=100%
  [160/300] EgoWallFollowerRight 17x17 s=42... done (0.2s) test=100%
  [161/300] EgoWallFollowerRight 17x17 s=123... done (0.2s) test=100%
  [162/300] EgoWallFollowerRight 17x17 s=456... done (0.1s) test=100%
  [163/300] EgoWallFollowerRight 17x17 s=789... done (0.1s) test=100%
  [164/300] EgoWallFollowerRight 17x17 s=1024... done (0.2s) test=100%
  [165/300] EgoWallFollowerRight 17x17 s=2048... done (0.1s) test=100%
  [166/300] EgoWallFollowerRight 17x17 s=3072... done (0.1s) test=100%
  [167/300] EgoWallFollowerRight 17x17 s=4096... done (0.1s) test=100%
  [168/300] EgoWallFollowerRight 17x17 s=5120... done (0.1s) test=100%
  [169/300] EgoWallFollowerRight 17x17 s=6144... done (0.1s) test=100%
  [170/300] EgoWallFollowerRight 17x17 s=7168... done (0.1s) test=100%
  [171/300] EgoWallFollowerRight 17x17 s=8192... done (0.1s) test=100%
  [172/300] EgoWallFollowerRight 17x17 s=9216... done (0.2s) test=100%
  [173/300] EgoWallFollowerRight 17x17 s=10240... done (0.1s) test=100%
  [174/300] EgoWallFollowerRight 17x17 s=11264... done (0.1s) test=100%
  [175/300] EgoWallFollowerRight 17x17 s=12288... done (0.1s) test=100%
  [176/300] EgoWallFollowerRight 17x17 s=13312... done (0.1s) test=100%
  [177/300] EgoWallFollowerRight 17x17 s=14336... done (0.1s) test=100%
  [178/300] EgoWallFollowerRight 17x17 s=15360... done (0.1s) test=100%
  [179/300] EgoWallFollowerRight 17x17 s=16384... done (0.1s) test=100%
  [180/300] EgoWallFollowerRight 21x21 s=42... done (0.3s) test=100%
  [181/300] EgoWallFollowerRight 21x21 s=123... done (0.4s) test=100%
  [182/300] EgoWallFollowerRight 21x21 s=456... done (0.3s) test=100%
  [183/300] EgoWallFollowerRight 21x21 s=789... done (0.5s) test=100%
  [184/300] EgoWallFollowerRight 21x21 s=1024... done (0.4s) test=100%
  [185/300] EgoWallFollowerRight 21x21 s=2048... done (0.4s) test=100%
  [186/300] EgoWallFollowerRight 21x21 s=3072... done (0.3s) test=100%
  [187/300] EgoWallFollowerRight 21x21 s=4096... done (0.3s) test=100%
  [188/300] EgoWallFollowerRight 21x21 s=5120... done (0.3s) test=100%
  [189/300] EgoWallFollowerRight 21x21 s=6144... done (0.4s) test=100%
  [190/300] EgoWallFollowerRight 21x21 s=7168... done (0.3s) test=100%
  [191/300] EgoWallFollowerRight 21x21 s=8192... done (0.4s) test=100%
  [192/300] EgoWallFollowerRight 21x21 s=9216... done (0.3s) test=100%
  [193/300] EgoWallFollowerRight 21x21 s=10240... done (0.4s) test=100%
  [194/300] EgoWallFollowerRight 21x21 s=11264... done (0.3s) test=100%
  [195/300] EgoWallFollowerRight 21x21 s=12288... done (0.3s) test=100%
  [196/300] EgoWallFollowerRight 21x21 s=13312... done (0.4s) test=100%
  [197/300] EgoWallFollowerRight 21x21 s=14336... done (0.5s) test=100%
  [198/300] EgoWallFollowerRight 21x21 s=15360... done (0.4s) test=100%
  [199/300] EgoWallFollowerRight 21x21 s=16384... done (0.4s) test=100%
  [200/300] EgoDFSAgent 9x9 s=42... done (0.0s) test=100%
  [201/300] EgoDFSAgent 9x9 s=123... done (0.0s) test=100%
  [202/300] EgoDFSAgent 9x9 s=456... done (0.0s) test=100%
  [203/300] EgoDFSAgent 9x9 s=789... done (0.0s) test=100%
  [204/300] EgoDFSAgent 9x9 s=1024... done (0.0s) test=100%
  [205/300] EgoDFSAgent 9x9 s=2048... done (0.0s) test=100%
  [206/300] EgoDFSAgent 9x9 s=3072... done (0.0s) test=100%
  [207/300] EgoDFSAgent 9x9 s=4096... done (0.0s) test=100%
  [208/300] EgoDFSAgent 9x9 s=5120... done (0.0s) test=100%
  [209/300] EgoDFSAgent 9x9 s=6144... done (0.0s) test=100%
  [210/300] EgoDFSAgent 9x9 s=7168... done (0.0s) test=100%
  [211/300] EgoDFSAgent 9x9 s=8192... done (0.0s) test=100%
  [212/300] EgoDFSAgent 9x9 s=9216... done (0.0s) test=100%
  [213/300] EgoDFSAgent 9x9 s=10240... done (0.0s) test=100%
  [214/300] EgoDFSAgent 9x9 s=11264... done (0.0s) test=100%
  [215/300] EgoDFSAgent 9x9 s=12288... done (0.0s) test=100%
  [216/300] EgoDFSAgent 9x9 s=13312... done (0.0s) test=100%
  [217/300] EgoDFSAgent 9x9 s=14336... done (0.0s) test=100%
  [218/300] EgoDFSAgent 9x9 s=15360... done (0.0s) test=100%
  [219/300] EgoDFSAgent 9x9 s=16384... done (0.0s) test=100%
  [220/300] EgoDFSAgent 11x11 s=42... done (0.0s) test=100%
  [221/300] EgoDFSAgent 11x11 s=123... done (0.0s) test=100%
  [222/300] EgoDFSAgent 11x11 s=456... done (0.0s) test=100%
  [223/300] EgoDFSAgent 11x11 s=789... done (0.1s) test=100%
  [224/300] EgoDFSAgent 11x11 s=1024... done (0.1s) test=100%
  [225/300] EgoDFSAgent 11x11 s=2048... done (0.0s) test=100%
  [226/300] EgoDFSAgent 11x11 s=3072... done (0.0s) test=100%
  [227/300] EgoDFSAgent 11x11 s=4096... done (0.0s) test=100%
  [228/300] EgoDFSAgent 11x11 s=5120... done (0.0s) test=100%
  [229/300] EgoDFSAgent 11x11 s=6144... done (0.0s) test=100%
  [230/300] EgoDFSAgent 11x11 s=7168... done (0.0s) test=100%
  [231/300] EgoDFSAgent 11x11 s=8192... done (0.0s) test=100%
  [232/300] EgoDFSAgent 11x11 s=9216... done (0.0s) test=100%
  [233/300] EgoDFSAgent 11x11 s=10240... done (0.0s) test=100%
  [234/300] EgoDFSAgent 11x11 s=11264... done (0.0s) test=100%
  [235/300] EgoDFSAgent 11x11 s=12288... done (0.0s) test=100%
  [236/300] EgoDFSAgent 11x11 s=13312... done (0.0s) test=100%
  [237/300] EgoDFSAgent 11x11 s=14336... done (0.0s) test=100%
  [238/300] EgoDFSAgent 11x11 s=15360... done (0.0s) test=100%
  [239/300] EgoDFSAgent 11x11 s=16384... done (0.0s) test=100%
  [240/300] EgoDFSAgent 13x13 s=42... done (0.1s) test=100%
  [241/300] EgoDFSAgent 13x13 s=123... done (0.1s) test=100%
  [242/300] EgoDFSAgent 13x13 s=456... done (0.1s) test=100%
  [243/300] EgoDFSAgent 13x13 s=789... done (0.1s) test=100%
  [244/300] EgoDFSAgent 13x13 s=1024... done (0.1s) test=100%
  [245/300] EgoDFSAgent 13x13 s=2048... done (0.1s) test=100%
  [246/300] EgoDFSAgent 13x13 s=3072... done (0.1s) test=100%
  [247/300] EgoDFSAgent 13x13 s=4096... done (0.1s) test=100%
  [248/300] EgoDFSAgent 13x13 s=5120... done (0.1s) test=100%
  [249/300] EgoDFSAgent 13x13 s=6144... done (0.1s) test=100%
  [250/300] EgoDFSAgent 13x13 s=7168... done (0.1s) test=100%
  [251/300] EgoDFSAgent 13x13 s=8192... done (0.1s) test=100%
  [252/300] EgoDFSAgent 13x13 s=9216... done (0.1s) test=100%
  [253/300] EgoDFSAgent 13x13 s=10240... done (0.1s) test=100%
  [254/300] EgoDFSAgent 13x13 s=11264... done (0.1s) test=100%
  [255/300] EgoDFSAgent 13x13 s=12288... done (0.1s) test=100%
  [256/300] EgoDFSAgent 13x13 s=13312... done (0.1s) test=100%
  [257/300] EgoDFSAgent 13x13 s=14336... done (0.1s) test=100%
  [258/300] EgoDFSAgent 13x13 s=15360... done (0.1s) test=100%
  [259/300] EgoDFSAgent 13x13 s=16384... done (0.1s) test=100%
  [260/300] EgoDFSAgent 17x17 s=42... done (0.1s) test=100%
  [261/300] EgoDFSAgent 17x17 s=123... done (0.2s) test=100%
  [262/300] EgoDFSAgent 17x17 s=456... done (0.1s) test=100%
  [263/300] EgoDFSAgent 17x17 s=789... done (0.1s) test=100%
  [264/300] EgoDFSAgent 17x17 s=1024... done (0.1s) test=100%
  [265/300] EgoDFSAgent 17x17 s=2048... done (0.1s) test=100%
  [266/300] EgoDFSAgent 17x17 s=3072... done (0.1s) test=100%
  [267/300] EgoDFSAgent 17x17 s=4096... done (0.1s) test=100%
  [268/300] EgoDFSAgent 17x17 s=5120... done (0.1s) test=100%
  [269/300] EgoDFSAgent 17x17 s=6144... done (0.1s) test=100%
  [270/300] EgoDFSAgent 17x17 s=7168... done (0.1s) test=100%
  [271/300] EgoDFSAgent 17x17 s=8192... done (0.1s) test=100%
  [272/300] EgoDFSAgent 17x17 s=9216... done (0.2s) test=100%
  [273/300] EgoDFSAgent 17x17 s=10240... done (0.1s) test=100%
  [274/300] EgoDFSAgent 17x17 s=11264... done (0.1s) test=100%
  [275/300] EgoDFSAgent 17x17 s=12288... done (0.1s) test=100%
  [276/300] EgoDFSAgent 17x17 s=13312... done (0.1s) test=100%
  [277/300] EgoDFSAgent 17x17 s=14336... done (0.1s) test=100%
  [278/300] EgoDFSAgent 17x17 s=15360... done (0.1s) test=100%
  [279/300] EgoDFSAgent 17x17 s=16384... done (0.1s) test=100%
  [280/300] EgoDFSAgent 21x21 s=42... done (0.3s) test=100%
  [281/300] EgoDFSAgent 21x21 s=123... done (0.4s) test=100%
  [282/300] EgoDFSAgent 21x21 s=456... done (0.3s) test=100%
  [283/300] EgoDFSAgent 21x21 s=789... done (0.4s) test=100%
  [284/300] EgoDFSAgent 21x21 s=1024... done (0.4s) test=100%
  [285/300] EgoDFSAgent 21x21 s=2048... done (0.4s) test=100%
  [286/300] EgoDFSAgent 21x21 s=3072... done (0.3s) test=100%
  [287/300] EgoDFSAgent 21x21 s=4096... done (0.4s) test=100%
  [288/300] EgoDFSAgent 21x21 s=5120... done (0.3s) test=100%
  [289/300] EgoDFSAgent 21x21 s=6144... done (0.4s) test=100%
  [290/300] EgoDFSAgent 21x21 s=7168... done (0.5s) test=100%
  [291/300] EgoDFSAgent 21x21 s=8192... done (0.6s) test=100%
  [292/300] EgoDFSAgent 21x21 s=9216... done (0.5s) test=100%
  [293/300] EgoDFSAgent 21x21 s=10240... done (0.7s) test=100%
  [294/300] EgoDFSAgent 21x21 s=11264... done (0.5s) test=100%
  [295/300] EgoDFSAgent 21x21 s=12288... done (0.5s) test=100%
  [296/300] EgoDFSAgent 21x21 s=13312... done (0.7s) test=100%
  [297/300] EgoDFSAgent 21x21 s=14336... done (0.7s) test=100%
  [298/300] EgoDFSAgent 21x21 s=15360... done (0.8s) test=100%
  [299/300] EgoDFSAgent 21x21 s=16384... done (0.6s) test=100%

Ego-only wall-following complete in C:\Users\tejas\engram\raw_results\exp_wall_follow_egofeats
